2025-06-01 13:41:29 Thread: [ReadAndMovePool-thread-1] (ID: 36) INFO - File(s) has/have been moved; Remaining unclassified images: 172
2025-06-01 13:41:29 Thread: [ReadAndMovePool-thread-2] (ID: 37) INFO - File(s) has/have been moved; Remaining unclassified images: 172
2025-06-01 13:41:29 Thread: [ReadAndMovePool-thread-3] (ID: 38) INFO - File(s) has/have been moved; Remaining unclassified images: 172
2025-06-01 13:41:43 Thread: [ReadAndMovePool-thread-2] (ID: 40) INFO - File(s) has/have been moved; Remaining unclassified images: 170
2025-06-01 13:41:43 Thread: [ReadAndMovePool-thread-1] (ID: 39) INFO - File(s) has/have been moved; Remaining unclassified images: 170
2025-06-01 13:46:38 Thread: [ReadAndMovePool-thread-1] (ID: 41) INFO - File(s) has/have been moved; Remaining unclassified images: 169
2025-06-01 13:46:52 Thread: [ReadAndMovePool-thread-2] (ID: 43) INFO - File(s) has/have been moved; Remaining unclassified images: 161
2025-06-01 13:46:52 Thread: [ReadAndMovePool-thread-3] (ID: 44) INFO - File(s) has/have been moved; Remaining unclassified images: 161
2025-06-01 13:46:52 Thread: [ReadAndMovePool-thread-1] (ID: 42) INFO - File(s) has/have been moved; Remaining unclassified images: 161
2025-06-01 13:46:52 Thread: [ReadAndMovePool-thread-1] (ID: 42) INFO - File(s) has/have been moved; Remaining unclassified images: 161
2025-06-01 13:46:52 Thread: [ReadAndMovePool-thread-3] (ID: 44) INFO - File(s) has/have been moved; Remaining unclassified images: 161
2025-06-01 13:46:52 Thread: [ReadAndMovePool-thread-2] (ID: 43) INFO - File(s) has/have been moved; Remaining unclassified images: 161
2025-06-01 13:46:52 Thread: [ReadAndMovePool-thread-3] (ID: 44) INFO - File(s) has/have been moved; Remaining unclassified images: 161
2025-06-01 13:46:52 Thread: [ReadAndMovePool-thread-2] (ID: 43) INFO - File(s) has/have been moved; Remaining unclassified images: 161
2025-06-01 15:56:12 Thread: [Thread-0] (ID: 34) INFO - New files added: 112901702_p9.png; Remaining unclassified images: 162
2025-06-01 15:56:12 Thread: [Thread-0] (ID: 34) INFO - New files added: 119641489_p0.png; Remaining unclassified images: 163
2025-06-01 15:56:12 Thread: [Thread-0] (ID: 34) INFO - New files added: 119641489_p1.png; Remaining unclassified images: 164
2025-06-01 15:56:12 Thread: [Thread-0] (ID: 34) INFO - New files added: 119641489_p2.png; Remaining unclassified images: 165
2025-06-01 15:56:12 Thread: [Thread-0] (ID: 34) INFO - New files added: 119641489_p3.png; Remaining unclassified images: 166
2025-06-01 15:56:12 Thread: [Thread-0] (ID: 34) INFO - New files added: 119641489_p4.png; Remaining unclassified images: 167
2025-06-01 15:56:12 Thread: [Thread-0] (ID: 34) INFO - New files added: 119641489_p5.png; Remaining unclassified images: 168
2025-06-01 15:56:12 Thread: [Thread-0] (ID: 34) INFO - New files added: 119641489_p6.png; Remaining unclassified images: 169
2025-06-01 15:56:12 Thread: [Thread-0] (ID: 34) INFO - New files added: 119641489_p7.png; Remaining unclassified images: 170
2025-06-01 15:56:12 Thread: [Thread-0] (ID: 34) INFO - New files added: 119641489_p8.png; Remaining unclassified images: 171
2025-06-01 15:56:12 Thread: [Thread-0] (ID: 34) INFO - New files added: 119641489_p9.png; Remaining unclassified images: 172
2025-06-01 15:56:12 Thread: [Thread-0] (ID: 34) INFO - New files added: 119641489_p10.png; Remaining unclassified images: 173
2025-06-01 15:56:12 Thread: [Thread-0] (ID: 34) INFO - New files added: 119641489_p11.png; Remaining unclassified images: 174
2025-06-01 15:56:12 Thread: [Thread-0] (ID: 34) INFO - New files added: 119641489_p12.png; Remaining unclassified images: 175
2025-06-01 15:56:12 Thread: [Thread-0] (ID: 34) INFO - New files added: 119641489_p13.png; Remaining unclassified images: 176
2025-06-01 15:56:12 Thread: [Thread-0] (ID: 34) INFO - New files added: 119641489_p14.png; Remaining unclassified images: 177
2025-06-01 15:56:12 Thread: [Thread-0] (ID: 34) INFO - New files added: 119641489_p15.png; Remaining unclassified images: 178
2025-06-01 15:56:12 Thread: [Thread-0] (ID: 34) INFO - New files added: 123205690_p0.jpg; Remaining unclassified images: 179
2025-06-01 15:56:12 Thread: [Thread-0] (ID: 34) INFO - New files added: 127968213_p0.png; Remaining unclassified images: 180
2025-06-01 15:56:12 Thread: [Thread-0] (ID: 34) INFO - New files added: 127968213_p1.png; Remaining unclassified images: 181
2025-06-01 15:56:12 Thread: [Thread-0] (ID: 34) INFO - New files added: 127968213_p2.png; Remaining unclassified images: 182
2025-06-01 15:56:12 Thread: [Thread-0] (ID: 34) INFO - New files added: 127968213_p3.png; Remaining unclassified images: 183
2025-06-01 15:56:12 Thread: [Thread-0] (ID: 34) INFO - New files added: 127968213_p4.png; Remaining unclassified images: 184
2025-06-01 15:56:12 Thread: [Thread-0] (ID: 34) INFO - New files added: 127968213_p5.png; Remaining unclassified images: 185
2025-06-01 15:56:12 Thread: [Thread-0] (ID: 34) INFO - New files added: 127968213_p6.png; Remaining unclassified images: 186
2025-06-01 15:56:12 Thread: [Thread-0] (ID: 34) INFO - New files added: 127968213_p7.png; Remaining unclassified images: 187
2025-06-01 15:56:12 Thread: [Thread-0] (ID: 34) INFO - New files added: 127968213_p8.png; Remaining unclassified images: 188
2025-06-01 15:56:12 Thread: [Thread-0] (ID: 34) INFO - New files added: 127968213_p9.png; Remaining unclassified images: 189
2025-06-01 15:56:12 Thread: [Thread-0] (ID: 34) INFO - New files added: 127968213_p10.png; Remaining unclassified images: 190
2025-06-01 15:56:12 Thread: [Thread-0] (ID: 34) INFO - New files added: 127968213_p11.png; Remaining unclassified images: 191
2025-06-01 15:56:13 Thread: [Thread-0] (ID: 34) INFO - New files added: 127968213_p12.png; Remaining unclassified images: 192
2025-06-01 15:56:13 Thread: [Thread-0] (ID: 34) INFO - New files added: 127968213_p13.png; Remaining unclassified images: 193
2025-06-01 15:56:13 Thread: [Thread-0] (ID: 34) INFO - New files added: 127968213_p14.png; Remaining unclassified images: 194
2025-06-01 15:56:13 Thread: [Thread-0] (ID: 34) INFO - New files added: 127968213_p15.png; Remaining unclassified images: 195
2025-06-01 15:56:13 Thread: [Thread-0] (ID: 34) INFO - New files added: 130583400_p0.png; Remaining unclassified images: 196
2025-06-01 15:56:13 Thread: [Thread-0] (ID: 34) INFO - New files added: 128768828_p0.jpg; Remaining unclassified images: 197
2025-06-01 15:56:13 Thread: [Thread-0] (ID: 34) INFO - New files added: 128768828_p1.jpg; Remaining unclassified images: 198
2025-06-01 15:56:13 Thread: [Thread-0] (ID: 34) INFO - New files added: 128768828_p2.jpg; Remaining unclassified images: 199
2025-06-01 15:56:13 Thread: [Thread-0] (ID: 34) INFO - New files added: 128768828_p3.jpg; Remaining unclassified images: 200
2025-06-01 15:56:13 Thread: [Thread-0] (ID: 34) INFO - New files added: 112901702_p0.png; Remaining unclassified images: 201
2025-06-01 15:56:13 Thread: [Thread-0] (ID: 34) INFO - New files added: 112901702_p1.png; Remaining unclassified images: 202
2025-06-01 15:56:13 Thread: [Thread-0] (ID: 34) INFO - New files added: 112901702_p2.png; Remaining unclassified images: 203
2025-06-01 15:56:13 Thread: [Thread-0] (ID: 34) INFO - New files added: 112901702_p3.png; Remaining unclassified images: 204
2025-06-01 15:56:13 Thread: [Thread-0] (ID: 34) INFO - New files added: 112901702_p4.png; Remaining unclassified images: 205
2025-06-01 15:56:13 Thread: [Thread-0] (ID: 34) INFO - New files added: 112901702_p5.png; Remaining unclassified images: 206
2025-06-01 15:56:13 Thread: [Thread-0] (ID: 34) INFO - New files added: 112901702_p6.png; Remaining unclassified images: 207
2025-06-01 15:56:13 Thread: [Thread-0] (ID: 34) INFO - New files added: 112901702_p7.png; Remaining unclassified images: 208
2025-06-01 15:56:13 Thread: [Thread-0] (ID: 34) INFO - New files added: 112901702_p8.png; Remaining unclassified images: 209
2025-06-01 16:00:29 Thread: [ReadAndMovePool-thread-1] (ID: 36) INFO - File(s) has/have been moved; Remaining unclassified images: 208
2025-06-01 17:09:52 Thread: [Thread-0] (ID: 34) INFO - New files added: httpswww.bilibili.comopus1073166715037155344.jpg; Remaining unclassified images: 207
2025-06-01 17:43:11 Thread: [ReadAndMovePool-thread-2] (ID: 38) INFO - File(s) has/have been moved; Remaining unclassified images: 207
2025-06-01 17:43:11 Thread: [ReadAndMovePool-thread-1] (ID: 37) INFO - File(s) has/have been moved; Remaining unclassified images: 207
2025-06-01 22:16:55 Thread: [ReadAndMovePool-thread-2] (ID: 40) INFO - File(s) has/have been moved; Remaining unclassified images: 207
2025-06-01 22:16:55 Thread: [ReadAndMovePool-thread-1] (ID: 39) INFO - File(s) has/have been moved; Remaining unclassified images: 207
2025-06-01 22:19:23 Thread: [ReadAndMovePool-thread-3] (ID: 38) INFO - File(s) has/have been moved; Remaining unclassified images: 191
2025-06-01 22:19:23 Thread: [ReadAndMovePool-thread-1] (ID: 36) INFO - File(s) has/have been moved; Remaining unclassified images: 191
2025-06-01 22:19:23 Thread: [ReadAndMovePool-thread-2] (ID: 37) INFO - File(s) has/have been moved; Remaining unclassified images: 191
2025-06-01 22:19:23 Thread: [ReadAndMovePool-thread-2] (ID: 37) INFO - File(s) has/have been moved; Remaining unclassified images: 191
2025-06-01 22:19:23 Thread: [ReadAndMovePool-thread-3] (ID: 38) INFO - File(s) has/have been moved; Remaining unclassified images: 191
2025-06-01 22:19:23 Thread: [ReadAndMovePool-thread-1] (ID: 36) INFO - File(s) has/have been moved; Remaining unclassified images: 191
2025-06-01 22:19:23 Thread: [ReadAndMovePool-thread-2] (ID: 37) INFO - File(s) has/have been moved; Remaining unclassified images: 191
2025-06-01 22:19:23 Thread: [ReadAndMovePool-thread-1] (ID: 36) INFO - File(s) has/have been moved; Remaining unclassified images: 191
2025-06-01 22:19:23 Thread: [ReadAndMovePool-thread-3] (ID: 38) INFO - File(s) has/have been moved; Remaining unclassified images: 191
2025-06-01 22:19:23 Thread: [ReadAndMovePool-thread-1] (ID: 36) INFO - File(s) has/have been moved; Remaining unclassified images: 191
2025-06-01 22:19:23 Thread: [ReadAndMovePool-thread-2] (ID: 37) INFO - File(s) has/have been moved; Remaining unclassified images: 191
2025-06-01 22:19:23 Thread: [ReadAndMovePool-thread-3] (ID: 38) INFO - File(s) has/have been moved; Remaining unclassified images: 191
2025-06-01 22:19:23 Thread: [ReadAndMovePool-thread-1] (ID: 36) INFO - File(s) has/have been moved; Remaining unclassified images: 191
2025-06-01 22:19:23 Thread: [ReadAndMovePool-thread-2] (ID: 37) INFO - File(s) has/have been moved; Remaining unclassified images: 191
2025-06-01 22:19:23 Thread: [ReadAndMovePool-thread-3] (ID: 38) INFO - File(s) has/have been moved; Remaining unclassified images: 191
2025-06-01 22:19:23 Thread: [ReadAndMovePool-thread-1] (ID: 36) INFO - File(s) has/have been moved; Remaining unclassified images: 191
2025-06-01 22:19:52 Thread: [Thread-0] (ID: 34) INFO - New files added: 131051154_p0.png; Remaining unclassified images: 192
2025-06-01 22:19:52 Thread: [Thread-0] (ID: 34) INFO - New files added: 130990244_p0.jpg; Remaining unclassified images: 193
2025-06-03 00:57:30 Thread: [ReadAndMovePool-thread-3] (ID: 38) INFO - File(s) has/have been moved; Remaining unclassified images: 174
2025-06-03 00:57:30 Thread: [ReadAndMovePool-thread-1] (ID: 36) INFO - File(s) has/have been moved; Remaining unclassified images: 174
2025-06-03 00:57:30 Thread: [ReadAndMovePool-thread-2] (ID: 37) INFO - File(s) has/have been moved; Remaining unclassified images: 174
2025-06-03 00:57:30 Thread: [ReadAndMovePool-thread-3] (ID: 38) INFO - File(s) has/have been moved; Remaining unclassified images: 174
2025-06-03 00:57:30 Thread: [ReadAndMovePool-thread-2] (ID: 37) INFO - File(s) has/have been moved; Remaining unclassified images: 174
2025-06-03 00:57:30 Thread: [ReadAndMovePool-thread-1] (ID: 36) INFO - File(s) has/have been moved; Remaining unclassified images: 174
2025-06-03 00:57:30 Thread: [ReadAndMovePool-thread-3] (ID: 38) INFO - File(s) has/have been moved; Remaining unclassified images: 174
2025-06-03 00:57:30 Thread: [ReadAndMovePool-thread-2] (ID: 37) INFO - File(s) has/have been moved; Remaining unclassified images: 174
2025-06-03 00:57:30 Thread: [ReadAndMovePool-thread-1] (ID: 36) INFO - File(s) has/have been moved; Remaining unclassified images: 174
2025-06-03 00:57:30 Thread: [ReadAndMovePool-thread-3] (ID: 38) INFO - File(s) has/have been moved; Remaining unclassified images: 174
2025-06-03 00:57:30 Thread: [ReadAndMovePool-thread-2] (ID: 37) INFO - File(s) has/have been moved; Remaining unclassified images: 174
2025-06-03 00:57:30 Thread: [ReadAndMovePool-thread-1] (ID: 36) INFO - File(s) has/have been moved; Remaining unclassified images: 174
2025-06-03 00:57:30 Thread: [ReadAndMovePool-thread-3] (ID: 38) INFO - File(s) has/have been moved; Remaining unclassified images: 174
2025-06-03 00:57:30 Thread: [ReadAndMovePool-thread-2] (ID: 37) INFO - File(s) has/have been moved; Remaining unclassified images: 174
2025-06-03 00:57:30 Thread: [ReadAndMovePool-thread-1] (ID: 36) INFO - File(s) has/have been moved; Remaining unclassified images: 174
2025-06-03 00:57:30 Thread: [ReadAndMovePool-thread-3] (ID: 38) INFO - File(s) has/have been moved; Remaining unclassified images: 174
2025-06-03 00:57:30 Thread: [ReadAndMovePool-thread-2] (ID: 37) INFO - File(s) has/have been moved; Remaining unclassified images: 174
2025-06-03 00:57:30 Thread: [ReadAndMovePool-thread-1] (ID: 36) INFO - File(s) has/have been moved; Remaining unclassified images: 174
2025-06-03 00:57:30 Thread: [ReadAndMovePool-thread-3] (ID: 38) INFO - File(s) has/have been moved; Remaining unclassified images: 174
2025-06-03 00:57:30 Thread: [ReadAndMovePool-thread-2] (ID: 37) INFO - File(s) has/have been moved; Remaining unclassified images: 174
2025-06-03 00:57:30 Thread: [ReadAndMovePool-thread-1] (ID: 36) INFO - File(s) has/have been moved; Remaining unclassified images: 174
2025-06-03 00:57:30 Thread: [ReadAndMovePool-thread-3] (ID: 38) INFO - File(s) has/have been moved; Remaining unclassified images: 174
2025-06-03 00:57:30 Thread: [ReadAndMovePool-thread-2] (ID: 37) INFO - File(s) has/have been moved; Remaining unclassified images: 174
2025-06-03 00:57:30 Thread: [ReadAndMovePool-thread-1] (ID: 36) INFO - File(s) has/have been moved; Remaining unclassified images: 174
2025-06-03 00:57:30 Thread: [ReadAndMovePool-thread-3] (ID: 38) INFO - File(s) has/have been moved; Remaining unclassified images: 174
2025-06-03 00:57:30 Thread: [ReadAndMovePool-thread-2] (ID: 37) INFO - File(s) has/have been moved; Remaining unclassified images: 174
2025-06-03 00:57:59 Thread: [ReadAndMovePool-thread-3] (ID: 41) INFO - File(s) has/have been moved; Remaining unclassified images: 169
2025-06-03 00:57:59 Thread: [ReadAndMovePool-thread-1] (ID: 39) INFO - File(s) has/have been moved; Remaining unclassified images: 169
2025-06-03 00:57:59 Thread: [ReadAndMovePool-thread-2] (ID: 40) INFO - File(s) has/have been moved; Remaining unclassified images: 169
2025-06-03 00:57:59 Thread: [ReadAndMovePool-thread-3] (ID: 41) INFO - File(s) has/have been moved; Remaining unclassified images: 169
2025-06-03 00:57:59 Thread: [ReadAndMovePool-thread-1] (ID: 39) INFO - File(s) has/have been moved; Remaining unclassified images: 169
2025-06-03 00:58:12 Thread: [ReadAndMovePool-thread-1] (ID: 59) INFO - File(s) has/have been moved; Remaining unclassified images: 164
2025-06-03 00:58:12 Thread: [ReadAndMovePool-thread-3] (ID: 61) INFO - File(s) has/have been moved; Remaining unclassified images: 164
2025-06-03 00:58:12 Thread: [ReadAndMovePool-thread-2] (ID: 60) INFO - File(s) has/have been moved; Remaining unclassified images: 164
2025-06-03 00:58:12 Thread: [ReadAndMovePool-thread-2] (ID: 60) INFO - File(s) has/have been moved; Remaining unclassified images: 164
2025-06-03 00:58:12 Thread: [ReadAndMovePool-thread-3] (ID: 61) INFO - File(s) has/have been moved; Remaining unclassified images: 164
2025-06-03 00:58:34 Thread: [ReadAndMovePool-thread-1] (ID: 62) INFO - File(s) has/have been moved; Remaining unclassified images: 163
2025-06-04 01:36:35 Thread: [Thread-0] (ID: 34) INFO - New files added: httpswww.bilibili.comopus1074244562859327489.png; Remaining unclassified images: 165
2025-06-04 01:36:35 Thread: [Thread-0] (ID: 34) INFO - New files added: httpsx.compom_zer0status1929151307887055152photo1.jpg; Remaining unclassified images: 165
2025-06-05 21:05:47 Thread: [Thread-0] (ID: 34) INFO - New files added: 131192437_p0.jpg; Remaining unclassified images: 167
2025-06-05 21:05:47 Thread: [Thread-0] (ID: 34) INFO - New files added: httpsx.comShiguShigu90status1788137481243865547photo1.jpg; Remaining unclassified images: 171
2025-06-05 21:05:47 Thread: [Thread-0] (ID: 34) INFO - New files added: httpsx.comShiguShigu90status1838495632983757218photo1.jpg; Remaining unclassified images: 172
2025-06-05 21:05:47 Thread: [Thread-0] (ID: 34) INFO - New files added: httpsx.comShiguShigu90status1838495923112153340photo1.jpg; Remaining unclassified images: 172
2025-06-05 21:05:47 Thread: [Thread-0] (ID: 34) INFO - New files added: httpsx.comShiguShigu90status1841398815158645114photo1.jpg; Remaining unclassified images: 173
2025-06-05 21:05:47 Thread: [Thread-0] (ID: 34) INFO - New files added: httpsx.comShiguShigu90status1842864490972635536photo1.jpg; Remaining unclassified images: 173
2025-06-05 21:05:47 Thread: [Thread-0] (ID: 34) INFO - New files added: httpsx.comShiguShigu90status1846214682992050407photo1.jpg; Remaining unclassified images: 173
2025-06-05 21:05:47 Thread: [Thread-0] (ID: 34) INFO - New files added: httpsx.comShiguShigu90status1930563310589747637photo1.jpg; Remaining unclassified images: 173
2025-06-05 21:05:47 Thread: [Thread-0] (ID: 34) INFO - New files added: 127406459_p0.png; Remaining unclassified images: 174
2025-06-05 21:05:47 Thread: [Thread-0] (ID: 34) INFO - New files added: 130954775_p0.jpg; Remaining unclassified images: 175
2025-06-05 21:05:47 Thread: [Thread-0] (ID: 34) INFO - New files added: 130366402_p0.jpg; Remaining unclassified images: 176
2025-06-05 21:05:47 Thread: [Thread-0] (ID: 34) INFO - New files added: 131107458_p0.png; Remaining unclassified images: 177
2025-06-05 21:05:47 Thread: [Thread-0] (ID: 34) INFO - New files added: 131131242_p0.png; Remaining unclassified images: 178
2025-06-05 21:05:57 Thread: [ReadAndMovePool-thread-3] (ID: 38) INFO - File(s) has/have been moved; Remaining unclassified images: 173
2025-06-05 21:05:57 Thread: [ReadAndMovePool-thread-1] (ID: 36) INFO - File(s) has/have been moved; Remaining unclassified images: 173
2025-06-05 21:05:57 Thread: [ReadAndMovePool-thread-2] (ID: 37) INFO - File(s) has/have been moved; Remaining unclassified images: 173
2025-06-05 21:05:57 Thread: [ReadAndMovePool-thread-3] (ID: 38) INFO - File(s) has/have been moved; Remaining unclassified images: 173
2025-06-05 21:05:57 Thread: [ReadAndMovePool-thread-1] (ID: 36) INFO - File(s) has/have been moved; Remaining unclassified images: 173
2025-06-05 21:21:47 Thread: [ReadAndMovePool-thread-1] (ID: 39) INFO - File(s) has/have been moved; Remaining unclassified images: 172
2025-06-07 14:31:30 Thread: [Thread-0] (ID: 34) INFO - New files added: 131119051_p0.jpg; Remaining unclassified images: 178
2025-06-07 14:31:30 Thread: [Thread-0] (ID: 34) INFO - New files added: 130906140_p0.png; Remaining unclassified images: 179
2025-06-07 14:31:30 Thread: [Thread-0] (ID: 34) INFO - New files added: 130906140_p1.png; Remaining unclassified images: 180
2025-06-07 14:31:30 Thread: [Thread-0] (ID: 34) INFO - New files added: 128876678_p0.png; Remaining unclassified images: 181
2025-06-07 14:31:30 Thread: [Thread-0] (ID: 34) INFO - New files added: 128876678_p1.png; Remaining unclassified images: 181
2025-06-07 14:31:30 Thread: [Thread-0] (ID: 34) INFO - New files added: 128876678_p2.png; Remaining unclassified images: 182
2025-06-07 14:31:30 Thread: [Thread-0] (ID: 34) INFO - New files added: 131052246_p0.png; Remaining unclassified images: 183
2025-06-07 14:31:30 Thread: [Thread-0] (ID: 34) INFO - New files added: 131114545_p0.png; Remaining unclassified images: 184
2025-06-07 14:31:30 Thread: [Thread-0] (ID: 34) INFO - New files added: 118131999_p0.png; Remaining unclassified images: 185
2025-06-08 19:24:53 Thread: [Thread-0] (ID: 34) INFO - New files added: 110232724_p0.jpg; Remaining unclassified images: 185
2025-06-08 20:28:02 Thread: [Thread-0] (ID: 34) INFO - New files added: httpsx.comOuToTmeMstatus1930905718250713451photo1.jpg; Remaining unclassified images: 186
2025-06-08 20:28:02 Thread: [Thread-0] (ID: 34) INFO - New files added: httpsdanbooru.donmai.usposts7715487.jpg; Remaining unclassified images: 187
2025-06-08 20:28:02 Thread: [Thread-0] (ID: 34) INFO - New files added: httpsx.comMirukuSeki3status1921876376451153965photo1.jpg; Remaining unclassified images: 188
2025-06-08 20:28:02 Thread: [Thread-0] (ID: 34) INFO - New files added: httpsx.comNk7ssstatus1931558181093929195photo1.jpg; Remaining unclassified images: 189
2025-06-08 20:28:02 Thread: [Thread-0] (ID: 34) INFO - New files added: httpsx.comKohaku_99999_status1931193256035189118photo1.jpg; Remaining unclassified images: 190
2025-06-08 20:28:02 Thread: [Thread-0] (ID: 34) INFO - New files added: httpsx.comnic_chan05status1931265238239989912photo1.jpg; Remaining unclassified images: 191
2025-06-08 20:28:02 Thread: [Thread-0] (ID: 34) INFO - New files added: httpsx.comyosshyachillesdstatus1931197731332063545photo1.jpg; Remaining unclassified images: 192
2025-06-08 20:40:52 Thread: [ReadAndMovePool-thread-1] (ID: 36) INFO - File(s) has/have been moved; Remaining unclassified images: 187
2025-06-08 20:40:52 Thread: [ReadAndMovePool-thread-2] (ID: 37) INFO - File(s) has/have been moved; Remaining unclassified images: 187
2025-06-08 20:40:52 Thread: [ReadAndMovePool-thread-3] (ID: 38) INFO - File(s) has/have been moved; Remaining unclassified images: 187
2025-06-08 20:40:52 Thread: [ReadAndMovePool-thread-1] (ID: 36) INFO - File(s) has/have been moved; Remaining unclassified images: 187
2025-06-08 20:40:52 Thread: [ReadAndMovePool-thread-3] (ID: 38) INFO - File(s) has/have been moved; Remaining unclassified images: 187
2025-06-08 20:46:35 Thread: [Thread-0] (ID: 34) INFO - New files added: 130303309_p0.jpg; Remaining unclassified images: 188
2025-06-08 20:46:35 Thread: [Thread-0] (ID: 34) INFO - New files added: 130697607_p0.jpg; Remaining unclassified images: 189
2025-06-08 20:46:35 Thread: [Thread-0] (ID: 34) INFO - New files added: 131322762_p0.jpg; Remaining unclassified images: 190
2025-06-08 20:46:35 Thread: [Thread-0] (ID: 34) INFO - New files added: 131324988_p0.png; Remaining unclassified images: 191
2025-06-08 23:22:16 Thread: [Thread-0] (ID: 34) INFO - New files added: httpsx.comballade14status1931678541495845080photo1.jpg; Remaining unclassified images: 195
2025-06-08 23:22:16 Thread: [Thread-0] (ID: 34) INFO - New files added: httpsx.comballade14status1931678541495845080photo2.jpg; Remaining unclassified images: 198
2025-06-08 23:22:16 Thread: [Thread-0] (ID: 34) INFO - New files added: httpsx.comx_myuanya_xstatus1802968418565681349photo1.jpg; Remaining unclassified images: 199
2025-06-08 23:22:16 Thread: [Thread-0] (ID: 34) INFO - New files added: httpsx.comx_myuanya_xstatus1931711638375448742photo1.jpg; Remaining unclassified images: 199
2025-06-08 23:22:16 Thread: [Thread-0] (ID: 34) INFO - New files added: httpsx.comx_myuanya_xstatus1905619871527768432photo1.jpg; Remaining unclassified images: 199
2025-06-08 23:22:16 Thread: [Thread-0] (ID: 34) INFO - New files added: httpsx.comx_myuanya_xstatus1838558769493742031photo1.jpg; Remaining unclassified images: 199
2025-06-08 23:22:16 Thread: [Thread-0] (ID: 34) INFO - New files added: httpsx.comx_myuanya_xstatus1838558769493742031photo2.jpg; Remaining unclassified images: 199
2025-06-08 23:22:16 Thread: [Thread-0] (ID: 34) INFO - New files added: httpsx.comx_myuanya_xstatus1775469661645316474photo1.jpg; Remaining unclassified images: 200
2025-06-08 23:22:16 Thread: [Thread-0] (ID: 34) INFO - New files added: httpsx.comx_myuanya_xstatus1776215063285608692photo1.jpg; Remaining unclassified images: 200
2025-06-08 23:22:16 Thread: [Thread-0] (ID: 34) INFO - New files added: httpsx.comx_myuanya_xstatus1788900461069947236photo1.jpg; Remaining unclassified images: 201
2025-06-08 23:22:16 Thread: [Thread-0] (ID: 34) INFO - New files added: httpsx.comoioioi525status1931692892784881747photo1.jpg; Remaining unclassified images: 202
2025-06-08 23:22:16 Thread: [Thread-0] (ID: 34) INFO - New files added: httpsx.comKyoto_Ryota_Fstatus1791091637416042815photo1.jpg; Remaining unclassified images: 203
2025-06-08 23:22:16 Thread: [Thread-0] (ID: 34) INFO - New files added: httpsx.comKyoto_Ryota_Fstatus1789990233234121033photo1.jpg; Remaining unclassified images: 204
2025-06-08 23:45:05 Thread: [Thread-0] (ID: 34) INFO - New files added: httpsx.comnic_chan05status1929721497092083994photo1.jpg; Remaining unclassified images: 188
2025-06-08 23:45:05 Thread: [Thread-0] (ID: 34) INFO - New files added: httpsx.comnag1_rstatus1931637322547679404photo2.jpg; Remaining unclassified images: 189
2025-06-08 23:45:05 Thread: [Thread-0] (ID: 34) INFO - New files added: httpsx.comyoppigu3status1931427220591108134photo1.jpg; Remaining unclassified images: 190
2025-06-08 23:45:05 Thread: [Thread-0] (ID: 34) INFO - New files added: httpsx.comzhuixingQAQstatus1930130310358020235photo1.jpg; Remaining unclassified images: 191
2025-06-08 23:45:05 Thread: [Thread-0] (ID: 34) INFO - New files added: httpsx.comnic_chan05status1929860142108946508photo1.jpg; Remaining unclassified images: 192
2025-06-08 23:45:05 Thread: [Thread-0] (ID: 34) INFO - New files added: httpsx.comnag1_rstatus1931637322547679404photo3.jpg; Remaining unclassified images: 193
2025-06-08 23:45:05 Thread: [Thread-0] (ID: 34) INFO - New files added: httpsx.comcubit1004status1929922994367017319photo1.jpg; Remaining unclassified images: 194
2025-06-08 23:45:05 Thread: [Thread-0] (ID: 34) INFO - New files added: httpsx.comtoki_oekakistatus1929840483272216937photo1.jpg; Remaining unclassified images: 198
2025-06-08 23:45:05 Thread: [Thread-0] (ID: 34) INFO - New files added: httpsx.comkkr_rkgkstatus1929679904112828901photo1.jpg; Remaining unclassified images: 198
2025-06-08 23:45:05 Thread: [Thread-0] (ID: 34) INFO - New files added: httpsx.comnag1_rstatus1931637322547679404photo4.jpg; Remaining unclassified images: 198
2025-06-08 23:45:05 Thread: [Thread-0] (ID: 34) INFO - New files added: httpsx.comnag1_rstatus1931637322547679404photo1.jpg; Remaining unclassified images: 199
2025-06-08 23:45:05 Thread: [Thread-0] (ID: 34) INFO - New files added: httpsx.comkakapomilkstatus1929840528310653268photo1.jpg; Remaining unclassified images: 199
2025-06-08 23:45:05 Thread: [Thread-0] (ID: 34) INFO - New files added: httpsx.comfronta2015status1929525692502253660photo3.jpg; Remaining unclassified images: 200
2025-06-08 23:45:05 Thread: [Thread-0] (ID: 34) INFO - New files added: httpsx.comkanade_suntmstatus1929535077089751174photo1.jpg; Remaining unclassified images: 201
2025-06-08 23:45:33 Thread: [ReadAndMovePool-thread-2] (ID: 57) INFO - File(s) has/have been moved; Remaining unclassified images: 197
2025-06-08 23:45:33 Thread: [ReadAndMovePool-thread-1] (ID: 56) INFO - File(s) has/have been moved; Remaining unclassified images: 197
2025-06-08 23:45:33 Thread: [ReadAndMovePool-thread-3] (ID: 58) INFO - File(s) has/have been moved; Remaining unclassified images: 197
2025-06-08 23:45:33 Thread: [ReadAndMovePool-thread-1] (ID: 56) INFO - File(s) has/have been moved; Remaining unclassified images: 197
2025-06-08 23:51:56 Thread: [ReadAndMovePool-thread-1] (ID: 59) INFO - File(s) has/have been moved; Remaining unclassified images: 196
2025-06-09 20:18:58 Thread: [ReadAndMovePool-thread-1] (ID: 36) INFO - File(s) has/have been moved; Remaining unclassified images: 218
2025-06-09 20:19:22 Thread: [ReadAndMovePool-thread-2] (ID: 38) INFO - File(s) has/have been moved; Remaining unclassified images: 215
2025-06-09 20:19:22 Thread: [ReadAndMovePool-thread-1] (ID: 37) INFO - File(s) has/have been moved; Remaining unclassified images: 215
2025-06-09 20:19:22 Thread: [ReadAndMovePool-thread-3] (ID: 39) INFO - File(s) has/have been moved; Remaining unclassified images: 215
2025-06-09 20:21:01 Thread: [ReadAndMovePool-thread-1] (ID: 40) INFO - File(s) has/have been moved; Remaining unclassified images: 214
2025-06-09 20:23:00 Thread: [ReadAndMovePool-thread-1] (ID: 41) INFO - File(s) has/have been moved; Remaining unclassified images: 213
2025-06-09 20:23:17 Thread: [ReadAndMovePool-thread-2] (ID: 60) INFO - File(s) has/have been moved; Remaining unclassified images: 210
2025-06-09 20:23:17 Thread: [ReadAndMovePool-thread-3] (ID: 61) INFO - File(s) has/have been moved; Remaining unclassified images: 210
2025-06-09 20:23:17 Thread: [ReadAndMovePool-thread-1] (ID: 59) INFO - File(s) has/have been moved; Remaining unclassified images: 210
2025-06-10 01:26:27 Thread: [Thread-0] (ID: 34) INFO - New files added: httpsx.comAlens_1status1931972163453833625.jpg; Remaining unclassified images: 213
2025-06-10 01:26:27 Thread: [Thread-0] (ID: 34) INFO - New files added: httpsx.comoioioi525status1932043801889292488photo1.jpg; Remaining unclassified images: 213
2025-06-10 01:26:27 Thread: [Thread-0] (ID: 34) INFO - New files added: httpsx.comOuToTmeMstatus1931618641298313638photo1.jpg; Remaining unclassified images: 213
2025-06-11 00:08:44 Thread: [Thread-0] (ID: 34) INFO - New files added: httpsdanbooru.donmai.usposts9447457.png; Remaining unclassified images: 217
2025-06-11 00:08:44 Thread: [Thread-0] (ID: 34) INFO - New files added: httpswww.bilibili.comopus1076484826355204096.jpg; Remaining unclassified images: 222
2025-06-11 00:08:44 Thread: [Thread-0] (ID: 34) INFO - New files added: httpswww.bilibili.comopus1076879014162857986.jpg; Remaining unclassified images: 222
2025-06-11 00:08:44 Thread: [Thread-0] (ID: 34) INFO - New files added: httpsx.comEddieHanTaiwanstatus1928817073167253847photo1.jpg; Remaining unclassified images: 223
2025-06-11 00:08:44 Thread: [Thread-0] (ID: 34) INFO - New files added: httpsx.comidtNothinglosestatus1716745931574652929photo1.jpg; Remaining unclassified images: 224
2025-06-11 00:08:44 Thread: [Thread-0] (ID: 34) INFO - New files added: httpsx.comidtNothinglosestatus1760262814743335281photo1.jpg; Remaining unclassified images: 224
2025-06-11 00:08:44 Thread: [Thread-0] (ID: 34) INFO - New files added: httpsx.comidtNothinglosestatus1765302081479659839photo1.jpg; Remaining unclassified images: 224
2025-06-11 00:08:44 Thread: [Thread-0] (ID: 34) INFO - New files added: httpsx.comidtNothinglosestatus1804523865277612526photo1.jpg; Remaining unclassified images: 225
2025-06-11 00:08:44 Thread: [Thread-0] (ID: 34) INFO - New files added: httpsx.comidtNothinglosestatus1913949016066609460photo1.jpg; Remaining unclassified images: 225
2025-06-11 00:08:44 Thread: [Thread-0] (ID: 34) INFO - New files added: httpsx.comidtNothinglosestatus1928736680804024323photo1.jpg; Remaining unclassified images: 225
2025-06-11 00:08:44 Thread: [Thread-0] (ID: 34) INFO - New files added: httpsx.comKyoto_Ryota_Fstatus1932398630046195999photo1.jpg; Remaining unclassified images: 225
2025-06-11 00:08:44 Thread: [Thread-0] (ID: 34) INFO - New files added: httpsx.comKyoto_Ryota_Fstatus1932398630046195999photo2.jpg; Remaining unclassified images: 226
2025-06-11 00:08:44 Thread: [Thread-0] (ID: 34) INFO - New files added: httpsx.comKyoto_Ryota_Fstatus1932398630046195999photo3.jpg; Remaining unclassified images: 226
2025-06-11 00:08:44 Thread: [Thread-0] (ID: 34) INFO - New files added: httpsx.comKyoto_Ryota_Fstatus1932398630046195999photo4.jpg; Remaining unclassified images: 227
2025-06-11 00:08:44 Thread: [Thread-0] (ID: 34) INFO - New files added: httpsx.comSakashitagram_Tstatus1932426492275024156photo1.jpg; Remaining unclassified images: 228
2025-06-11 00:47:28 Thread: [Thread-0] (ID: 34) INFO - New files added: httpsx.comlingchuanqianstatus1932468296093499838.jpg; Remaining unclassified images: 229
2025-06-11 00:47:28 Thread: [Thread-0] (ID: 34) INFO - New files added: httpsx.comjiuqiqiqiqimstatus1887875312505278562photo1.jpg; Remaining unclassified images: 230
2025-06-11 00:47:28 Thread: [Thread-0] (ID: 34) INFO - New files added: httpsx.comjiuqiqiqiqimstatus1905141028623110645photo1.jpg; Remaining unclassified images: 231
2025-06-11 00:47:28 Thread: [Thread-0] (ID: 34) INFO - New files added: httpsx.comjiuqiqiqiqimstatus1904921454996840944photo1.jpg; Remaining unclassified images: 232
2025-06-11 00:47:28 Thread: [Thread-0] (ID: 34) INFO - New files added: httpsx.comjiuqiqiqiqimstatus1906664071791100225photo1.jpg; Remaining unclassified images: 233
2025-06-11 00:49:48 Thread: [Thread-0] (ID: 34) INFO - New files added: httpsx.comUKYEJFTstatus1676799973504196610photo1.jpg; Remaining unclassified images: 234
2025-06-14 13:14:53 Thread: [Thread-0] (ID: 34) INFO - New files added: httpsx.comusadango27status1933456830145220689photo3.jpg; Remaining unclassified images: 278
2025-06-14 13:14:53 Thread: [Thread-0] (ID: 34) INFO - New files added: httpsdanbooru.donmai.usposts8318317.png; Remaining unclassified images: 278
2025-06-14 13:14:53 Thread: [Thread-0] (ID: 34) INFO - New files added: httpswww.bilibili.comopus1077982636055461895.jpg; Remaining unclassified images: 278
2025-06-14 13:14:53 Thread: [Thread-0] (ID: 34) INFO - New files added: httpsx.comment502status1845391292278374450photo1.jpg; Remaining unclassified images: 278
2025-06-14 13:14:53 Thread: [Thread-0] (ID: 34) INFO - New files added: httpsx.comKi_nomi168status1933497574134329791photo1.jpg; Remaining unclassified images: 278
2025-06-14 13:14:53 Thread: [Thread-0] (ID: 34) INFO - New files added: httpsx.comkither444status1781678753862545506photo1.jpg; Remaining unclassified images: 278
2025-06-14 13:14:53 Thread: [Thread-0] (ID: 34) INFO - New files added: httpsx.comkither444status1780948023998034308photo1.jpg; Remaining unclassified images: 278
2025-06-14 13:14:53 Thread: [Thread-0] (ID: 34) INFO - New files added: httpsx.comsherryken777status1933487588981289194photo1.jpg; Remaining unclassified images: 278
2025-06-14 13:14:53 Thread: [Thread-0] (ID: 34) INFO - New files added: httpsx.comsherryken777status1933487588981289194photo2.jpg; Remaining unclassified images: 278
2025-06-14 13:14:53 Thread: [Thread-0] (ID: 34) INFO - New files added: httpsx.comsherryken777status1933487588981289194photo3.jpg; Remaining unclassified images: 278
2025-06-14 13:14:53 Thread: [Thread-0] (ID: 34) INFO - New files added: httpsx.comusadango27status1933456830145220689photo1.jpg; Remaining unclassified images: 278
2025-06-14 13:14:53 Thread: [Thread-0] (ID: 34) INFO - New files added: httpsx.comusadango27status1933456830145220689photo2.jpg; Remaining unclassified images: 278
2025-06-14 13:14:53 Thread: [Thread-0] (ID: 34) INFO - New files added: httpsx.comsherryken777status1933172259495305405photo1.jpg; Remaining unclassified images: 278
2025-06-14 13:14:53 Thread: [Thread-0] (ID: 34) INFO - New files added: httpsx.comRin0214TWstatus1933458775408836833photo1.jpg; Remaining unclassified images: 278
2025-06-14 13:14:53 Thread: [Thread-0] (ID: 34) INFO - New files added: httpsx.comHoni1010status1933573251835572695photo1.jpg; Remaining unclassified images: 278
2025-06-14 13:14:53 Thread: [Thread-0] (ID: 34) INFO - New files added: httpsx.comnic_chan05status1933657460973449554photo1.jpg; Remaining unclassified images: 278
2025-06-14 13:15:00 Thread: [ReadAndMovePool-thread-2] (ID: 37) INFO - File(s) has/have been moved; Remaining unclassified images: 278
2025-06-14 13:15:00 Thread: [ReadAndMovePool-thread-3] (ID: 38) INFO - File(s) has/have been moved; Remaining unclassified images: 278
2025-06-14 13:15:00 Thread: [ReadAndMovePool-thread-1] (ID: 36) INFO - File(s) has/have been moved; Remaining unclassified images: 278
2025-06-14 13:15:00 Thread: [ReadAndMovePool-thread-3] (ID: 38) INFO - File(s) has/have been moved; Remaining unclassified images: 278
2025-06-14 13:15:00 Thread: [ReadAndMovePool-thread-2] (ID: 37) INFO - File(s) has/have been moved; Remaining unclassified images: 278
2025-06-14 15:25:46 Thread: [ReadAndMovePool-thread-1] (ID: 36) INFO - File(s) has/have been moved; Remaining unclassified images: 277
2025-06-14 15:30:22 Thread: [ReadAndMovePool-thread-1] (ID: 37) INFO - File(s) has/have been moved; Remaining unclassified images: 276
2025-06-14 20:19:52 Thread: [Thread-0] (ID: 34) INFO - New files added: httpsx.combiluoyao1status1929274278694056200photo1.jpg; Remaining unclassified images: 270
2025-06-14 20:19:52 Thread: [Thread-0] (ID: 34) INFO - New files added: httpsdanbooru.donmai.usposts9465415.jpg; Remaining unclassified images: 272
2025-06-14 20:19:52 Thread: [Thread-0] (ID: 34) INFO - New files added: httpsx.comSera_2126status1920419527981978007photo1.jpg; Remaining unclassified images: 273
2025-06-14 20:19:52 Thread: [Thread-0] (ID: 34) INFO - New files added: httpsx.comSera_2126status1933838550371573958photo1.jpg; Remaining unclassified images: 273
2025-06-14 20:19:52 Thread: [Thread-0] (ID: 34) INFO - New files added: httpsx.comd_d1tt0status1933772280095744112photo1.jpg; Remaining unclassified images: 274
2025-06-14 20:19:52 Thread: [Thread-0] (ID: 34) INFO - New files added: httpsx.comsito_illuststatus1933813660625010958photo1.jpg; Remaining unclassified images: 275
2025-06-14 20:19:52 Thread: [Thread-0] (ID: 34) INFO - New files added: httpsx.comsito_illuststatus1928736369846653025photo1.jpg; Remaining unclassified images: 276
2025-06-14 20:19:52 Thread: [Thread-0] (ID: 34) INFO - New files added: httpsx.comsito_illuststatus1923984762320118117photo1.jpg; Remaining unclassified images: 277
2025-06-14 20:19:52 Thread: [Thread-0] (ID: 34) INFO - New files added: httpsx.comqkwl4189status1933798666080543123photo1.jpg; Remaining unclassified images: 278
2025-06-14 20:19:52 Thread: [Thread-0] (ID: 34) INFO - New files added: httpsdanbooru.donmai.usposts9438210.jpg; Remaining unclassified images: 279
2025-06-14 20:19:52 Thread: [Thread-0] (ID: 34) INFO - New files added: httpsx.combiluoyao1status1925553177308667986.jpg; Remaining unclassified images: 280
2025-06-14 20:19:52 Thread: [Thread-0] (ID: 34) INFO - New files added: httpsx.combiluoyao1status1927247432796049752photo1.jpg; Remaining unclassified images: 281
2025-06-14 20:19:52 Thread: [Thread-0] (ID: 34) INFO - New files added: httpsx.combiluoyao1status1928319698052981056photo1.jpg; Remaining unclassified images: 282
2025-06-14 20:19:52 Thread: [Thread-0] (ID: 34) INFO - New files added: httpsx.combiluoyao1status1928797204086448205photo1.jpg; Remaining unclassified images: 283
2025-06-14 21:47:16 Thread: [ReadAndMovePool-thread-2] (ID: 39) INFO - File(s) has/have been moved; Remaining unclassified images: 281
2025-06-14 21:47:16 Thread: [ReadAndMovePool-thread-1] (ID: 38) INFO - File(s) has/have been moved; Remaining unclassified images: 281
2025-06-14 21:47:16 Thread: [ReadAndMovePool-thread-3] (ID: 40) INFO - File(s) has/have been moved; Remaining unclassified images: 281
2025-06-14 21:47:16 Thread: [ReadAndMovePool-thread-3] (ID: 40) INFO - File(s) has/have been moved; Remaining unclassified images: 281
2025-06-14 21:47:16 Thread: [ReadAndMovePool-thread-1] (ID: 38) INFO - File(s) has/have been moved; Remaining unclassified images: 281
2025-06-14 21:47:16 Thread: [ReadAndMovePool-thread-2] (ID: 39) INFO - File(s) has/have been moved; Remaining unclassified images: 281
2025-06-14 21:47:16 Thread: [ReadAndMovePool-thread-1] (ID: 38) INFO - File(s) has/have been moved; Remaining unclassified images: 281
2025-06-14 21:47:16 Thread: [ReadAndMovePool-thread-3] (ID: 40) INFO - File(s) has/have been moved; Remaining unclassified images: 281
2025-06-14 21:47:16 Thread: [ReadAndMovePool-thread-2] (ID: 39) INFO - File(s) has/have been moved; Remaining unclassified images: 281
2025-06-14 21:47:42 Thread: [ReadAndMovePool-thread-2] (ID: 59) INFO - File(s) has/have been moved; Remaining unclassified images: 281
2025-06-14 21:47:42 Thread: [ReadAndMovePool-thread-1] (ID: 58) INFO - File(s) has/have been moved; Remaining unclassified images: 281
2025-06-14 21:47:42 Thread: [ReadAndMovePool-thread-3] (ID: 60) INFO - File(s) has/have been moved; Remaining unclassified images: 281
2025-06-14 21:47:42 Thread: [ReadAndMovePool-thread-3] (ID: 60) INFO - File(s) has/have been moved; Remaining unclassified images: 281
2025-06-14 21:47:42 Thread: [ReadAndMovePool-thread-1] (ID: 58) INFO - File(s) has/have been moved; Remaining unclassified images: 281
2025-06-14 21:47:42 Thread: [ReadAndMovePool-thread-2] (ID: 59) INFO - File(s) has/have been moved; Remaining unclassified images: 281
2025-06-14 21:47:42 Thread: [ReadAndMovePool-thread-1] (ID: 58) INFO - File(s) has/have been moved; Remaining unclassified images: 281
2025-06-14 22:27:36 Thread: [Thread-0] (ID: 34) INFO - New files added: httpsx.comAyase_Kayastatus1693521049961541715photo1.jpg; Remaining unclassified images: 282
2025-06-14 22:27:36 Thread: [Thread-0] (ID: 34) INFO - New files added: httpsx.comhijo_eatstatus1933832322144755902photo1.jpg; Remaining unclassified images: 283
2025-06-14 22:27:36 Thread: [Thread-0] (ID: 34) INFO - New files added: httpsx.comhijo_eatstatus1923328321971970462photo1.jpg; Remaining unclassified images: 284
2025-06-14 22:27:36 Thread: [Thread-0] (ID: 34) INFO - New files added: httpsx.comhijo_eatstatus1888552382310539569photo1.jpg; Remaining unclassified images: 285
2025-06-14 23:41:13 Thread: [Thread-0] (ID: 34) INFO - New files added: httpsx.comy_aira_srK_status1933887311852495319.jpg; Remaining unclassified images: 286
2025-06-14 23:41:13 Thread: [Thread-0] (ID: 34) INFO - New files added: httpsdanbooru.donmai.usposts9397004.png; Remaining unclassified images: 287
2025-06-14 23:41:13 Thread: [Thread-0] (ID: 34) INFO - New files added: httpsx.comakindosushirocostatus1920607141410582695.jpg; Remaining unclassified images: 288
2025-06-14 23:41:13 Thread: [Thread-0] (ID: 34) INFO - New files added: httpswww.bilibili.comopus1046830636981026816#1.png; Remaining unclassified images: 289
2025-06-14 23:41:13 Thread: [Thread-0] (ID: 34) INFO - New files added: httpswww.bilibili.comopus1046830636981026816#2.png; Remaining unclassified images: 290
2025-06-14 23:41:13 Thread: [Thread-0] (ID: 34) INFO - New files added: httpsx.comATEOYHstatus1933876163052773587photo1.jpg; Remaining unclassified images: 291
2025-06-14 23:41:13 Thread: [Thread-0] (ID: 34) INFO - New files added: httpsx.comment502status1828720048934142236photo1.jpg; Remaining unclassified images: 292
2025-06-14 23:41:13 Thread: [Thread-0] (ID: 34) INFO - New files added: httpsx.comhitoritabikenstatus1933299692500365604photo1.jpg; Remaining unclassified images: 293
2025-06-14 23:41:13 Thread: [Thread-0] (ID: 34) INFO - New files added: httpsx.comhitoritabikenstatus1933299692500365604photo2.jpg; Remaining unclassified images: 294
2025-06-14 23:41:13 Thread: [Thread-0] (ID: 34) INFO - New files added: httpsx.comhitoritabikenstatus1933299692500365604photo4.jpg; Remaining unclassified images: 295
2025-06-14 23:41:13 Thread: [Thread-0] (ID: 34) INFO - New files added: httpsx.comasenliyyystatus1933001947029836038photo1.jpg; Remaining unclassified images: 296
2025-06-14 23:41:13 Thread: [Thread-0] (ID: 34) INFO - New files added: httpsx.comasenliyyystatus1933001947029836038photo2.jpg; Remaining unclassified images: 297
2025-06-14 23:41:13 Thread: [Thread-0] (ID: 34) INFO - New files added: httpsx.comButtonniukoukoustatus1933395408719638930photo1.jpg; Remaining unclassified images: 298
2025-06-14 23:41:13 Thread: [Thread-0] (ID: 34) INFO - New files added: httpsx.comAura_Frame0status1933114745814761910photo1.jpg; Remaining unclassified images: 299
2025-06-14 23:41:13 Thread: [Thread-0] (ID: 34) INFO - New files added: httpsx.comValkyrie0609status1933026479920583141photo1.jpg; Remaining unclassified images: 300
2025-06-14 23:41:13 Thread: [Thread-0] (ID: 34) INFO - New files added: httpsx.comidtNothinglosestatus1933485776320491791photo1.jpg; Remaining unclassified images: 301
2025-06-14 23:41:13 Thread: [Thread-0] (ID: 34) INFO - New files added: httpsx.comOuToTmeMstatus1933876243059147159photo1.jpg; Remaining unclassified images: 302
2025-06-14 23:41:13 Thread: [Thread-0] (ID: 34) INFO - New files added: httpsx.comHectyne_status1639951609471070208photo1.jpg; Remaining unclassified images: 303
2025-06-14 23:41:13 Thread: [Thread-0] (ID: 34) INFO - New files added: httpsx.comoioioi525status1933734539488366895photo1.jpg; Remaining unclassified images: 304
2025-06-14 23:41:13 Thread: [Thread-0] (ID: 34) INFO - New files added: httpsx.comNatsukage_Aostatus1933539897513816271photo1.jpg; Remaining unclassified images: 305
2025-06-14 23:41:13 Thread: [Thread-0] (ID: 34) INFO - New files added: httpsx.comment502status1609557344471646208photo1.jpg; Remaining unclassified images: 306
2025-06-14 23:41:13 Thread: [Thread-0] (ID: 34) INFO - New files added: httpsx.comment502status1762381888080191495photo1.jpg; Remaining unclassified images: 307
2025-06-14 23:41:13 Thread: [Thread-0] (ID: 34) INFO - New files added: httpswww.bilibili.comopus1078352810720886788.jpg; Remaining unclassified images: 308
2025-06-14 23:49:43 Thread: [Thread-0] (ID: 34) INFO - New files added: 125183053_p0.png; Remaining unclassified images: 309
2025-06-14 23:49:43 Thread: [Thread-0] (ID: 34) INFO - New files added: 127228993_p0.png; Remaining unclassified images: 310
2025-06-14 23:49:43 Thread: [Thread-0] (ID: 34) INFO - New files added: 128476126_p0.png; Remaining unclassified images: 311
2025-06-14 23:49:43 Thread: [Thread-0] (ID: 34) INFO - New files added: 128476126_p1.png; Remaining unclassified images: 312
2025-06-14 23:49:43 Thread: [Thread-0] (ID: 34) INFO - New files added: 128721523_p0.png; Remaining unclassified images: 313
2025-06-14 23:49:43 Thread: [Thread-0] (ID: 34) INFO - New files added: 128721523_p1.png; Remaining unclassified images: 314
2025-06-14 23:49:43 Thread: [Thread-0] (ID: 34) INFO - New files added: 129215617_p0.png; Remaining unclassified images: 315
2025-06-14 23:49:43 Thread: [Thread-0] (ID: 34) INFO - New files added: 129215617_p1.png; Remaining unclassified images: 316
2025-06-14 23:49:43 Thread: [Thread-0] (ID: 34) INFO - New files added: 129460943_p0.png; Remaining unclassified images: 317
2025-06-14 23:49:43 Thread: [Thread-0] (ID: 34) INFO - New files added: 129460943_p1.png; Remaining unclassified images: 318
2025-06-14 23:49:43 Thread: [Thread-0] (ID: 34) INFO - New files added: 129716445_p0.png; Remaining unclassified images: 319
2025-06-14 23:49:43 Thread: [Thread-0] (ID: 34) INFO - New files added: 130214966_p0.jpg; Remaining unclassified images: 320
2025-06-14 23:49:43 Thread: [Thread-0] (ID: 34) INFO - New files added: 130214966_p1.jpg; Remaining unclassified images: 321
2025-06-14 23:49:43 Thread: [Thread-0] (ID: 34) INFO - New files added: 130214966_p2.jpg; Remaining unclassified images: 322
2025-06-14 23:49:43 Thread: [Thread-0] (ID: 34) INFO - New files added: 131151028_p0.png; Remaining unclassified images: 323
2025-06-14 23:49:43 Thread: [Thread-0] (ID: 34) INFO - New files added: 123378813_p0.png; Remaining unclassified images: 324
2025-06-14 23:49:43 Thread: [Thread-0] (ID: 34) INFO - New files added: 125000587_p0.jpg; Remaining unclassified images: 325
2025-06-15 07:29:04 Thread: [Thread-0] (ID: 34) INFO - New files added: httpsx.comtinofilmstatus1933003317606822012photo1.jpg; Remaining unclassified images: 327
2025-06-15 07:29:04 Thread: [Thread-0] (ID: 34) INFO - New files added: httpsx.comLo_k_astatus1933852817791545472photo1.jpg; Remaining unclassified images: 327
2025-06-15 07:29:04 Thread: [Thread-0] (ID: 34) INFO - New files added: httpsx.comCobaltRyostatus1933870372161790441photo1.jpg; Remaining unclassified images: 328
2025-06-15 07:29:04 Thread: [Thread-0] (ID: 34) INFO - New files added: httpsx.comCobaltRyostatus1933494564033057073photo1.jpg; Remaining unclassified images: 329
2025-06-15 07:29:04 Thread: [Thread-0] (ID: 34) INFO - New files added: httpsx.comCobaltRyostatus1924783845100138728photo1.png; Remaining unclassified images: 330
2025-06-15 07:29:04 Thread: [Thread-0] (ID: 34) INFO - New files added: httpsx.comCobaltRyostatus1930961867054490098photo1.jpg; Remaining unclassified images: 331
2025-06-15 07:29:04 Thread: [Thread-0] (ID: 34) INFO - New files added: httpsx.comtinofilmstatus1933869420386099247photo1.jpg; Remaining unclassified images: 332
2025-06-15 07:29:04 Thread: [Thread-0] (ID: 34) INFO - New files added: httpsx.comtinofilmstatus1933071778672488535photo1.jpg; Remaining unclassified images: 333
2025-06-15 07:29:04 Thread: [Thread-0] (ID: 34) INFO - New files added: httpsx.comtinofilmstatus1933645560193703956photo1.jpg; Remaining unclassified images: 334
2025-06-15 07:29:04 Thread: [Thread-0] (ID: 34) INFO - New files added: httpsx.comtinofilmstatus1933494563236171984photo1.jpg; Remaining unclassified images: 335
2025-06-15 07:29:04 Thread: [Thread-0] (ID: 34) INFO - New files added: httpsx.comtinofilmstatus1933358664406216833photo1.jpg; Remaining unclassified images: 336
2025-06-15 07:29:04 Thread: [Thread-0] (ID: 34) INFO - New files added: httpsx.comtinofilmstatus1933283172869099627photo1.jpg; Remaining unclassified images: 337
2025-06-15 07:29:04 Thread: [Thread-0] (ID: 34) INFO - New files added: httpsx.comtinofilmstatus1933464367791812955photo1.jpg; Remaining unclassified images: 338
2025-06-15 07:29:04 Thread: [Thread-0] (ID: 34) INFO - New files added: GtN9unda4AAqHiO.jpg; Remaining unclassified images: 339
2025-06-15 08:14:55 Thread: [Thread-0] (ID: 34) INFO - New files added: httpsx.comayanouzawastatus1908857404575633639photo1.jpg; Remaining unclassified images: 340
2025-06-15 08:14:55 Thread: [Thread-0] (ID: 34) INFO - New files added: httpsx.comReia_76status1791273388100739309photo1.jpg; Remaining unclassified images: 341
2025-06-15 08:15:15 Thread: [ReadAndMovePool-thread-3] (ID: 83) INFO - File(s) has/have been moved; Remaining unclassified images: 337
2025-06-15 08:15:15 Thread: [ReadAndMovePool-thread-1] (ID: 81) INFO - File(s) has/have been moved; Remaining unclassified images: 337
2025-06-15 08:15:15 Thread: [ReadAndMovePool-thread-2] (ID: 82) INFO - File(s) has/have been moved; Remaining unclassified images: 337
2025-06-15 08:15:15 Thread: [ReadAndMovePool-thread-3] (ID: 83) INFO - File(s) has/have been moved; Remaining unclassified images: 337
2025-06-15 08:16:45 Thread: [ReadAndMovePool-thread-1] (ID: 84) INFO - File(s) has/have been moved; Remaining unclassified images: 336
2025-06-15 08:34:00 Thread: [ReadAndMovePool-thread-3] (ID: 87) INFO - File(s) has/have been moved; Remaining unclassified images: 333
2025-06-15 08:34:00 Thread: [ReadAndMovePool-thread-2] (ID: 86) INFO - File(s) has/have been moved; Remaining unclassified images: 333
2025-06-15 08:34:00 Thread: [ReadAndMovePool-thread-1] (ID: 85) INFO - File(s) has/have been moved; Remaining unclassified images: 333
2025-06-15 11:00:04 Thread: [ReadAndMovePool-thread-1] (ID: 36) INFO - File(s) has/have been moved; Remaining unclassified images: 334
2025-06-15 11:00:04 Thread: [ReadAndMovePool-thread-3] (ID: 38) INFO - File(s) has/have been moved; Remaining unclassified images: 334
2025-06-15 11:00:04 Thread: [ReadAndMovePool-thread-2] (ID: 37) INFO - File(s) has/have been moved; Remaining unclassified images: 334
2025-06-15 11:00:04 Thread: [ReadAndMovePool-thread-2] (ID: 37) INFO - File(s) has/have been moved; Remaining unclassified images: 334
2025-06-15 11:00:04 Thread: [ReadAndMovePool-thread-1] (ID: 36) INFO - File(s) has/have been moved; Remaining unclassified images: 334
2025-06-15 11:00:04 Thread: [ReadAndMovePool-thread-3] (ID: 38) INFO - File(s) has/have been moved; Remaining unclassified images: 334
2025-06-15 11:00:04 Thread: [ReadAndMovePool-thread-2] (ID: 37) INFO - File(s) has/have been moved; Remaining unclassified images: 334
2025-06-15 11:19:38 Thread: [Thread-0] (ID: 34) INFO - New files added: httpsx.comemoao_paintsstatus1928043253846130891photo1.jpg; Remaining unclassified images: 336
2025-06-15 11:19:38 Thread: [Thread-0] (ID: 34) INFO - New files added: httpsx.comRatFlatstatus1933816650937364509photo1.jpg; Remaining unclassified images: 336
2025-06-15 11:19:38 Thread: [Thread-0] (ID: 34) INFO - New files added: httpsx.comlingchuanqianstatus1931554598088736979photo1.jpg; Remaining unclassified images: 337
2025-06-15 11:19:38 Thread: [Thread-0] (ID: 34) INFO - New files added: httpsx.comfronta2015status1930604713277563105photo1.jpg; Remaining unclassified images: 338
2025-06-15 11:19:38 Thread: [Thread-0] (ID: 34) INFO - New files added: httpsx.comSakashitagram_Tstatus1933982410699604249photo3.jpg; Remaining unclassified images: 339
2025-06-15 11:19:38 Thread: [Thread-0] (ID: 34) INFO - New files added: httpsx.comSakashitagram_Tstatus1933982410699604249photo1.jpg; Remaining unclassified images: 340
2025-06-15 11:19:38 Thread: [Thread-0] (ID: 34) INFO - New files added: httpsx.comRatFlatstatus1933694733156823284photo1.jpg; Remaining unclassified images: 341
2025-06-15 11:19:43 Thread: [Thread-0] (ID: 34) INFO - New files added: 126902611_p1.png; Remaining unclassified images: 342
2025-06-15 11:19:43 Thread: [Thread-0] (ID: 34) INFO - New files added: 126902611_p2.png; Remaining unclassified images: 343
2025-06-15 11:19:43 Thread: [Thread-0] (ID: 34) INFO - New files added: 128023698_p0.png; Remaining unclassified images: 344
2025-06-15 11:19:43 Thread: [Thread-0] (ID: 34) INFO - New files added: 128023698_p1.png; Remaining unclassified images: 345
2025-06-15 11:19:43 Thread: [Thread-0] (ID: 34) INFO - New files added: 128023698_p2.png; Remaining unclassified images: 346
2025-06-15 11:19:43 Thread: [Thread-0] (ID: 34) INFO - New files added: 130850390_p0.jpg; Remaining unclassified images: 347
2025-06-15 11:19:43 Thread: [Thread-0] (ID: 34) INFO - New files added: 130850390_p1.jpg; Remaining unclassified images: 348
2025-06-15 11:19:43 Thread: [Thread-0] (ID: 34) INFO - New files added: 124348907_p0.jpg; Remaining unclassified images: 349
2025-06-15 11:19:43 Thread: [Thread-0] (ID: 34) INFO - New files added: 124403324_p0.jpg; Remaining unclassified images: 350
2025-06-15 11:19:43 Thread: [Thread-0] (ID: 34) INFO - New files added: 126477098_p0.png; Remaining unclassified images: 351
2025-06-15 11:19:43 Thread: [Thread-0] (ID: 34) INFO - New files added: 126555391_p0.jpg; Remaining unclassified images: 352
2025-06-15 11:19:43 Thread: [Thread-0] (ID: 34) INFO - New files added: 126703954_p0.jpg; Remaining unclassified images: 353
2025-06-15 11:19:43 Thread: [Thread-0] (ID: 34) INFO - New files added: 126902611_p0.png; Remaining unclassified images: 354
2025-06-15 11:20:05 Thread: [ReadAndMovePool-thread-2] (ID: 57) INFO - File(s) has/have been moved; Remaining unclassified images: 349
2025-06-15 11:20:05 Thread: [ReadAndMovePool-thread-1] (ID: 56) INFO - File(s) has/have been moved; Remaining unclassified images: 349
2025-06-15 11:20:05 Thread: [ReadAndMovePool-thread-3] (ID: 58) INFO - File(s) has/have been moved; Remaining unclassified images: 349
2025-06-15 11:20:05 Thread: [ReadAndMovePool-thread-2] (ID: 57) INFO - File(s) has/have been moved; Remaining unclassified images: 349
2025-06-15 11:20:05 Thread: [ReadAndMovePool-thread-1] (ID: 56) INFO - File(s) has/have been moved; Remaining unclassified images: 349
2025-06-15 11:20:11 Thread: [ReadAndMovePool-thread-1] (ID: 59) INFO - File(s) has/have been moved; Remaining unclassified images: 348
2025-06-15 11:20:19 Thread: [ReadAndMovePool-thread-1] (ID: 60) INFO - File(s) has/have been moved; Remaining unclassified images: 345
2025-06-15 11:20:19 Thread: [ReadAndMovePool-thread-3] (ID: 62) INFO - File(s) has/have been moved; Remaining unclassified images: 345
2025-06-15 11:20:19 Thread: [ReadAndMovePool-thread-2] (ID: 61) INFO - File(s) has/have been moved; Remaining unclassified images: 345
2025-06-15 11:33:19 Thread: [ReadAndMovePool-thread-1] (ID: 36) INFO - File(s) has/have been moved; Remaining unclassified images: 344
2025-06-15 11:47:40 Thread: [ReadAndMovePool-thread-1] (ID: 37) INFO - File(s) has/have been moved; Remaining unclassified images: 341
2025-06-15 11:50:32 Thread: [ReadAndMovePool-thread-1] (ID: 38) INFO - File(s) has/have been moved; Remaining unclassified images: 340
2025-06-15 11:54:28 Thread: [ReadAndMovePool-thread-1] (ID: 39) INFO - File(s) has/have been moved; Remaining unclassified images: 339
2025-06-15 11:54:45 Thread: [ReadAndMovePool-thread-3] (ID: 42) INFO - File(s) has/have been moved; Remaining unclassified images: 336
2025-06-15 11:54:45 Thread: [ReadAndMovePool-thread-1] (ID: 40) INFO - File(s) has/have been moved; Remaining unclassified images: 336
2025-06-15 11:54:45 Thread: [ReadAndMovePool-thread-2] (ID: 41) INFO - File(s) has/have been moved; Remaining unclassified images: 336
2025-06-15 12:04:22 Thread: [Thread-0] (ID: 34) INFO - New files added: httpsx.comkohaku_constatus1933842363857977667photo1.jpg; Remaining unclassified images: 337
2025-06-15 12:04:22 Thread: [Thread-0] (ID: 34) INFO - New files added: httpsx.comnic_chan05status1927588835434680455photo1.jpg; Remaining unclassified images: 338
2025-06-15 12:22:40 Thread: [ReadAndMovePool-thread-1] (ID: 66) INFO - File(s) has/have been moved; Remaining unclassified images: 338
2025-06-15 13:00:00 Thread: [ReadAndMovePool-thread-1] (ID: 100) INFO - File(s) has/have been moved; Remaining unclassified images: 336
2025-06-15 13:00:00 Thread: [ReadAndMovePool-thread-2] (ID: 101) INFO - File(s) has/have been moved; Remaining unclassified images: 336
2025-06-15 16:21:40 Thread: [Thread-0] (ID: 34) INFO - New files added: httpsx.commaybeeeeemstatus1933830804817559936photo1.jpg; Remaining unclassified images: 339
2025-06-15 16:21:40 Thread: [Thread-0] (ID: 34) INFO - New files added: httpsx.comBailiKoistatus1934154711747412380photo1.jpg; Remaining unclassified images: 340
2025-06-15 16:21:40 Thread: [Thread-0] (ID: 34) INFO - New files added: httpsx.comidtNothinglosestatus1934145945115226579photo1.jpg; Remaining unclassified images: 341
2025-06-15 16:21:40 Thread: [Thread-0] (ID: 34) INFO - New files added: httpsx.comFRIEREN_PRstatus1934128739321012409photo1.jpg; Remaining unclassified images: 341
2025-06-15 16:21:40 Thread: [Thread-0] (ID: 34) INFO - New files added: httpsx.comtinofilmstatus1934128745528295454photo1.jpg; Remaining unclassified images: 341
2025-06-15 16:21:49 Thread: [ReadAndMovePool-thread-1] (ID: 111) INFO - File(s) has/have been moved; Remaining unclassified images: 340
2025-06-15 23:36:33 Thread: [Thread-0] (ID: 34) INFO - New files added: httpsx.comlingchuanqianstatus1932979222836097453.jpg; Remaining unclassified images: 345
2025-06-15 23:36:33 Thread: [Thread-0] (ID: 34) INFO - New files added: httpsx.comBeritaTeyvatstatus1934230852327948485photo1.jpg; Remaining unclassified images: 347
2025-06-15 23:36:33 Thread: [Thread-0] (ID: 34) INFO - New files added: httpsx.comment502status1609557344471646208.jpg; Remaining unclassified images: 348
2025-06-15 23:36:33 Thread: [Thread-0] (ID: 34) INFO - New files added: httpsx.comnic_chan05status1930078940917575994photo1.jpg; Remaining unclassified images: 348
2025-06-15 23:36:33 Thread: [Thread-0] (ID: 34) INFO - New files added: httpsx.comment502status1828720048934142236.jpg; Remaining unclassified images: 349
2025-06-15 23:36:33 Thread: [Thread-0] (ID: 34) INFO - New files added: httpsx.comzhuixingQAQstatus1933204979730534907photo1.jpg; Remaining unclassified images: 349
2025-06-15 23:36:33 Thread: [Thread-0] (ID: 34) INFO - New files added: httpsx.comsyrup_123status1934188052513231238photo1.jpg; Remaining unclassified images: 349
2025-06-15 23:36:33 Thread: [Thread-0] (ID: 34) INFO - New files added: httpsx.comsyrup_123status1934188052513231238photo2.jpg; Remaining unclassified images: 350
2025-06-15 23:36:33 Thread: [Thread-0] (ID: 34) INFO - New files added: httpsx.comsyrup_123status1934188052513231238photo3.jpg; Remaining unclassified images: 350
2025-06-15 23:36:33 Thread: [Thread-0] (ID: 34) INFO - New files added: httpsx.comsyrup_123status1934188052513231238photo4.jpg; Remaining unclassified images: 350
2025-06-15 23:36:33 Thread: [Thread-0] (ID: 34) INFO - New files added: httpsx.comBailiKoistatus1933110447152255428photo2.jpg; Remaining unclassified images: 351
2025-06-15 23:36:33 Thread: [Thread-0] (ID: 34) INFO - New files added: httpsx.comValkyrie0609status1934128741971570743photo1.jpg; Remaining unclassified images: 352
2025-06-15 23:36:33 Thread: [Thread-0] (ID: 34) INFO - New files added: httpsdanbooru.donmai.usposts9473602.png; Remaining unclassified images: 353
2025-06-15 23:36:33 Thread: [Thread-0] (ID: 34) INFO - New files added: httpsx.comKyoto_Ryota_Fstatus1714637652933366037photo1.jpg; Remaining unclassified images: 354
2025-06-15 23:36:33 Thread: [Thread-0] (ID: 34) INFO - New files added: httpsx.comKyoto_Ryota_Fstatus1800875900931826112photo1.jpg; Remaining unclassified images: 355
2025-06-15 23:36:33 Thread: [Thread-0] (ID: 34) INFO - New files added: httpsx.comgiru_gamesstatus1932992565978280045photo1.jpg; Remaining unclassified images: 356
2025-06-15 23:36:33 Thread: [Thread-0] (ID: 34) INFO - New files added: httpsx.comimo_umai02status1934223193897926801photo1.jpg; Remaining unclassified images: 357
2025-06-15 23:36:33 Thread: [Thread-0] (ID: 34) INFO - New files added: httpsx.comlingchuanqianstatus1933322803585184210photo1.jpg; Remaining unclassified images: 358
2025-06-15 23:36:33 Thread: [Thread-0] (ID: 34) INFO - New files added: httpsx.comtearlessflowerstatus1933012955538628675.jpg; Remaining unclassified images: 359
2025-06-15 23:36:33 Thread: [Thread-0] (ID: 34) INFO - New files added: httpsx.comBailiKoistatus1933110447152255428photo1.jpg; Remaining unclassified images: 360
2025-06-15 23:36:33 Thread: [Thread-0] (ID: 34) INFO - New files added: httpsx.comgiru_gamesstatus1932992565978280045photo2.jpg; Remaining unclassified images: 361
2025-06-15 23:36:33 Thread: [Thread-0] (ID: 34) INFO - New files added: httpsx.comx_myuanya_xstatus1934172967728222383.jpg; Remaining unclassified images: 362
2025-06-15 23:36:33 Thread: [Thread-0] (ID: 34) INFO - New files added: httpsx.comjiuqiqiqiqimstatus1933181762794086735.jpg; Remaining unclassified images: 363
2025-06-15 23:37:46 Thread: [ReadAndMovePool-thread-2] (ID: 134) INFO - File(s) has/have been moved; Remaining unclassified images: 356
2025-06-15 23:37:46 Thread: [ReadAndMovePool-thread-3] (ID: 135) INFO - File(s) has/have been moved; Remaining unclassified images: 356
2025-06-15 23:37:46 Thread: [ReadAndMovePool-thread-1] (ID: 133) INFO - File(s) has/have been moved; Remaining unclassified images: 356
2025-06-15 23:37:46 Thread: [ReadAndMovePool-thread-2] (ID: 134) INFO - File(s) has/have been moved; Remaining unclassified images: 356
2025-06-15 23:37:46 Thread: [ReadAndMovePool-thread-3] (ID: 135) INFO - File(s) has/have been moved; Remaining unclassified images: 356
2025-06-15 23:37:46 Thread: [ReadAndMovePool-thread-1] (ID: 133) INFO - File(s) has/have been moved; Remaining unclassified images: 356
2025-06-15 23:39:04 Thread: [ReadAndMovePool-thread-3] (ID: 138) INFO - File(s) has/have been moved; Remaining unclassified images: 347
2025-06-15 23:39:04 Thread: [ReadAndMovePool-thread-2] (ID: 137) INFO - File(s) has/have been moved; Remaining unclassified images: 347
2025-06-15 23:39:04 Thread: [ReadAndMovePool-thread-1] (ID: 136) INFO - File(s) has/have been moved; Remaining unclassified images: 347
2025-06-15 23:39:04 Thread: [ReadAndMovePool-thread-1] (ID: 136) INFO - File(s) has/have been moved; Remaining unclassified images: 347
2025-06-15 23:39:04 Thread: [ReadAndMovePool-thread-3] (ID: 138) INFO - File(s) has/have been moved; Remaining unclassified images: 347
2025-06-15 23:39:04 Thread: [ReadAndMovePool-thread-2] (ID: 137) INFO - File(s) has/have been moved; Remaining unclassified images: 347
2025-06-15 23:39:04 Thread: [ReadAndMovePool-thread-1] (ID: 136) INFO - File(s) has/have been moved; Remaining unclassified images: 347
2025-06-15 23:39:04 Thread: [ReadAndMovePool-thread-2] (ID: 137) INFO - File(s) has/have been moved; Remaining unclassified images: 347
2025-06-15 23:39:04 Thread: [ReadAndMovePool-thread-3] (ID: 138) INFO - File(s) has/have been moved; Remaining unclassified images: 347
2025-06-15 23:39:18 Thread: [ReadAndMovePool-thread-3] (ID: 141) INFO - File(s) has/have been moved; Remaining unclassified images: 344
2025-06-15 23:39:18 Thread: [ReadAndMovePool-thread-1] (ID: 139) INFO - File(s) has/have been moved; Remaining unclassified images: 344
2025-06-15 23:39:18 Thread: [ReadAndMovePool-thread-2] (ID: 140) INFO - File(s) has/have been moved; Remaining unclassified images: 344
