#
# A fatal error has been detected by the Java Runtime Environment:
#
#  EXCEPTION_ACCESS_VIOLATION (0xc0000005) at pc=0x00007ffd550bad06, pid=34632, tid=19008
#
# JRE version: Java(TM) SE Runtime Environment (24.0.1+9) (build 24.0.1+9-30)
# Java VM: Java HotSpot(TM) 64-Bit Server VM (24.0.1+9-30, mixed mode, sharing, tiered, compressed oops, compressed class ptrs, g1 gc, windows-amd64)
# Problematic frame:
# C  [awt.dll+0xdad06]
#
# No core dump will be written. Minidumps are not enabled by default on client versions of Windows
#
# If you would like to submit a bug report, please visit:
#   https://bugreport.java.com/bugreport/crash.jsp
# The crash happened outside the Java Virtual Machine in native code.
# See problematic frame for where to report the bug.
#

---------------  S U M M A R Y ------------

Command Line: -agentlib:jdwp=transport=dt_socket,address=127.0.0.1:7901,suspend=y,server=n -javaagent:C:\Users\tachi\AppData\Local\JetBrains\IdeaIC2025.2\captureAgent\debugger-agent.jar=file:///C:/Users/tachi/AppData/Local/Temp/capture8109183849207145730.props -agentpath:C:\Users\tachi\AppData\Local\Temp\idea_libasyncProfiler_dll_temp_folder10\libasyncProfiler.dll=version,jfr,event=wall,interval=10ms,cstack=no,file=C:\Users\tachi\IdeaSnapshots\OneButtonApplication_2025_08_31_115645.jfr,dbghelppath=C:\Users\tachi\AppData\Local\Temp\idea_dbghelp_dll_temp_folder2\dbghelp.dll,log=C:\Users\tachi\AppData\Local\Temp\OneButtonApplication_2025_08_31_115645.jfr.log.txt,logLevel=DEBUG -Dkotlinx.coroutines.debug.enable.creation.stack.trace=false -Ddebugger.agent.enable.coroutines=true -Dkotlinx.coroutines.debug.enable.flows.stack.trace=true -Dkotlinx.coroutines.debug.enable.mutable.state.flows.stack.trace=true -Dfile.encoding=UTF-8 -Dsun.stdout.encoding=UTF-8 -Dsun.stderr.encoding=UTF-8 org.jacob.obfo.starter.OneButtonApplication

Host: Intel(R) Core(TM) Ultra 9 285K, 24 cores, 63G,  Windows 11 , 64 bit Build 26100 (10.0.26100.5074)
Time: Sun Aug 31 19:08:01 2025 China Standard Time elapsed time: 25875.914030 seconds (0d 7h 11m 15s)

---------------  T H R E A D  ---------------

Current thread (0x000000007ad00010):  JavaThread "AWT-EventQueue-0"        [_thread_in_native, id=19008, stack(0x000000007ecc0000,0x000000007edc0000) (1024K)]

Stack: [0x000000007ecc0000,0x000000007edc0000],  sp=0x000000007edbf1c0,  free space=1020k
Native frames: (J=compiled Java code, j=interpreted, Vv=VM code, C=native code)
C  [awt.dll+0xdad06]  (no source info available)
C  [awt.dll+0xdc542]  (no source info available)
C  0x00000000132d078b  (no source info available)

The last pc belongs to native method entry point (kind = native) (printed below).
Java frames: (J=compiled Java code, j=interpreted, Vv=VM code)
j  sun.awt.Win32GraphicsDevice.initNativeScale(I)V+0 java.desktop@24.0.1
j  sun.awt.Win32GraphicsDevice.initScaleFactors()V+60 java.desktop@24.0.1
j  sun.awt.Win32GraphicsDevice.displayChanged()V+16 java.desktop@24.0.1
j  sun.awt.Win32GraphicsEnvironment.displayChanged()V+271 java.desktop@24.0.1
j  sun.awt.windows.WToolkit.lambda$displayChanged$0()V+15 java.desktop@24.0.1
j  sun.awt.windows.WToolkit$$Lambda+0x00000000351562b8.run()V+0 java.desktop@24.0.1
j  java.awt.event.InvocationEvent.dispatch$$$capture()V+47 java.desktop@24.0.1
j  java.awt.event.InvocationEvent.dispatch()V+5 java.desktop@24.0.1
j  java.awt.EventQueue.dispatchEventImpl(Ljava/awt/AWTEvent;Ljava/lang/Object;)V+21 java.desktop@24.0.1
j  java.awt.EventQueue.dispatchEvent(Ljava/awt/AWTEvent;)V+22 java.desktop@24.0.1
j  java.awt.EventDispatchThread.pumpOneEventForFilters(I)V+81 java.desktop@24.0.1
j  java.awt.EventDispatchThread.pumpEventsForFilter(ILjava/awt/Conditional;Ljava/awt/EventFilter;)V+35 java.desktop@24.0.1
j  java.awt.EventDispatchThread.pumpEventsForHierarchy(ILjava/awt/Conditional;Ljava/awt/Component;)V+11 java.desktop@24.0.1
j  java.awt.EventDispatchThread.pumpEvents(ILjava/awt/Conditional;)V+4 java.desktop@24.0.1
j  java.awt.EventDispatchThread.pumpEvents(Ljava/awt/Conditional;)V+3 java.desktop@24.0.1
j  java.awt.EventDispatchThread.run()V+9 java.desktop@24.0.1
v  ~StubRoutines::call_stub 0x00000000132c0fcd

siginfo: EXCEPTION_ACCESS_VIOLATION (0xc0000005), reading address 0x0000000000000051


Registers:
RAX=0x0000000000000001, RBX=0x000000007bd49930, RCX=0x0000000000000001, RDX=0x0000000000000000
RSP=0x000000007edbf1c0, RBP=0x000000007edbf2a0, RSI=0x0000000000000000, RDI=0x0000000000000000
R8 =0x0000000000000001, R9 =0x00000000003a5000, R10=0x00000000132d082b, R11=0x0000000000000100
R12=0x0000000000000000, R13=0x0000000075bdac28, R14=0x000000007edbf2c8, R15=0x000000007ad00010
RIP=0x00007ffd550bad06, EFLAGS=0x0000000000010206

XMM[0]=0x0000000000000000 0x0000000000000000
XMM[1]=0x0000000000000000 0x00000000bf800000
XMM[2]=0x0000000000000000 0x0000000000000000
XMM[3]=0x0000000000000000 0x0000000000000000
XMM[4]=0x0000000000000000 0x0000000000000000
XMM[5]=0x0000000000000000 0x0000000000000000
XMM[6]=0x0000000000000000 0x0000000000000000
XMM[7]=0x0000000000000000 0x0000000000000000
XMM[8]=0x0000000000000000 0x0000000000000000
XMM[9]=0x0000000000000000 0x0000000000000000
XMM[10]=0x0000000000000000 0x0000000000000000
XMM[11]=0x0000000000000000 0x0000000000000000
XMM[12]=0x0000000000000000 0x0000000000000000
XMM[13]=0x0000000000000000 0x0000000000000000
XMM[14]=0x0000000000000000 0x0000000000000000
XMM[15]=0x0000000000000000 0x0000000000000000
  MXCSR=0x00001fa0


Register to memory mapping:

RAX=0x0000000000000001 is an unknown value
RBX=0x000000007bd49930 points into unknown readable memory: 0x000000007bc46310 | 10 63 c4 7b 00 00 00 00
RCX=0x0000000000000001 is an unknown value
RDX=0x0 is null
RSP=0x000000007edbf1c0 is pointing into the stack for thread: 0x000000007ad00010
RBP=0x000000007edbf2a0 is pointing into the stack for thread: 0x000000007ad00010
RSI=0x0 is null
RDI=0x0 is null
R8 =0x0000000000000001 is an unknown value
R9 =0x00000000003a5000 points into unknown readable memory: 0x0000000000000000 | 00 00 00 00 00 00 00 00
R10=0x00000000132d082b is at code_begin+2059 in an Interpreter codelet
native method entry point (kind = native)  [0x00000000132d0020, 0x00000000132d1170]  4432 bytes
R11=0x0000000000000100 is an unknown value
R12=0x0 is null
R13={method} {0x0000000075bdac30} 'initNativeScale' '(I)V' in 'sun/awt/Win32GraphicsDevice'
R14=0x000000007edbf2c8 is pointing into the stack for thread: 0x000000007ad00010
R15=0x000000007ad00010 is a thread

Top of Stack: (sp=0x000000007edbf1c0)
0x000000007edbf1c0:   000000007bd49930 000000007edbf308   0..{.......~....
0x000000007edbf1d0:   000000007edbf2b0 000000007bd49930   ...~....0..{....
0x000000007edbf1e0:   000000007bd49930 00007ffd550bc542   0..{....B..U....
0x000000007edbf1f0:   00007ffd55117838 0000000075bdac28   8x.U....(..u....
0x000000007edbf200:   0000000000000000 000000007ad00010   ...........z....
0x000000007edbf210:   00000000132c9681 00000000132d078b   ..,.......-.....
0x000000007edbf220:   0000000075bdac28 000000007ad00010   (..u.......z....
0x000000007edbf230:   0000000000000000 00007ffceb683c46   ........F<h.....
0x000000007edbf240:   000000007edbf2a0 0000000000000001   ...~............
0x000000007edbf250:   000000007edbf328 fffffffffffffff7   (..~............
0x000000007edbf260:   0000000000000000 0000000000000005   ................
0x000000007edbf270:   0000000075bde318 0000000000000000   ...u............
0x000000007edbf280:   0000000442fe6e08 0000000075bdac28   .n.B....(..u....
0x000000007edbf290:   0000000000000000 000000007edbf2c0   ...........~....
0x000000007edbf2a0:   000000007edbf318 00000000132c9154   ...~....T.,.....
0x000000007edbf2b0:   0000000000000000 00000000132cc757   ........W.,.....
0x000000007edbf2c0:   0000000000000000 0000000440800380   ...........@....
0x000000007edbf2d0:   fffffffffffffff7 0000000075bdb28c   ...........u....
0x000000007edbf2e0:   0000000000000002 0000000075bde318   ...........u....
0x000000007edbf2f0:   0000000000000000 0000000442fe6e08   .........n.B....
0x000000007edbf300:   0000000075bdb2d8 fffffffffffffff5   ...u............
0x000000007edbf310:   000000007edbf328 000000007edbf378   (..~....x..~....
0x000000007edbf320:   00000000132c9154 0000000440800380   T.,........@....
0x000000007edbf330:   fffffffffffffff7 0000000075bdca48   ........H..u....
0x000000007edbf340:   0000000000000003 0000000075bde318   ...........u....
0x000000007edbf350:   0000000000000000 0000000442fe6e08   .........n.B....
0x000000007edbf360:   0000000075bdca90 fffffffffffffff6   ...u............
0x000000007edbf370:   000000007edbf390 000000007edbf3e0   ...~.......~....
0x000000007edbf380:   00000000132c9154 0000000000000000   T.,.............
0x000000007edbf390:   0000000440800380 fffffffffffffff7   ...@............
0x000000007edbf3a0:   0000000075bcc067 0000000000000008   g..u............
0x000000007edbf3b0:   0000000075bd03b0 0000000000000000   ...u............

Instructions: (pc=0x00007ffd550bad06)
  0x00007ffd550bac06:   11 45 d4 0f 11 45 e4 0f 11 45 f4 89 45 04 c7 45
  0x00007ffd550bac16:   a0 68 00 00 00 0f 11 44 24 34 0f 11 44 24 44 0f
  0x00007ffd550bac26:   11 44 24 54 0f 11 44 24 64 0f 11 44 24 74 0f 11
  0x00007ffd550bac36:   45 84 89 45 94 c7 44 24 30 68 00 00 00 48 8d 55
  0x00007ffd550bac46:   a0 49 8b ce ff 15 c8 5c 06 00 85 c0 74 41 48 8d
  0x00007ffd550bac56:   54 24 30 48 8b ce ff 15 b6 5c 06 00 85 c0 74 2f
  0x00007ffd550bac66:   48 8d 54 24 34 48 8d 4d a4 ff 15 eb 5b 06 00 85
  0x00007ffd550bac76:   c0 74 1c 48 8d 54 24 44 48 8d 4d b4 ff 15 d8 5b
  0x00007ffd550bac86:   06 00 85 c0 74 09 8b 44 24 54 39 45 c4 74 11 ff
  0x00007ffd550bac96:   c7 3b 7b 0c 0f 8c 40 ff ff ff 8b 3d 7a 96 06 00
  0x00007ffd550baca6:   48 8b cb e8 62 d2 f4 ff 90 8b c7 48 8b 4d 10 48
  0x00007ffd550bacb6:   33 cc e8 93 ee 00 00 4c 8d 9c 24 20 01 00 00 49
  0x00007ffd550bacc6:   8b 5b 28 49 8b 73 30 49 8b e3 41 5e 5f 5d c3 cc
  0x00007ffd550bacd6:   cc cc cc cc cc cc cc cc cc cc 48 8b 41 08 48 8b
  0x00007ffd550bace6:   80 18 0c 00 00 c3 cc cc cc cc 48 8b 41 08 48 05
  0x00007ffd550bacf6:   00 04 00 00 c3 cc cc cc cc cc 40 53 48 83 ec 20
=>0x00007ffd550bad06:   83 79 50 00 48 8b d9 75 56 48 8b 49 28 4c 8d 44
  0x00007ffd550bad16:   24 38 48 8d 54 24 30 c7 44 24 30 00 00 80 bf c7
  0x00007ffd550bad26:   44 24 38 00 00 80 bf e8 2e ce 00 00 f3 0f 10 54
  0x00007ffd550bad36:   24 30 0f 57 c0 0f 2f d0 76 25 f3 0f 10 4c 24 38
  0x00007ffd550bad46:   0f 2f c8 76 1a f3 0f 5e 15 b9 8f 02 00 f3 0f 5e
  0x00007ffd550bad56:   0d b1 8f 02 00 f3 0f 11 53 48 f3 0f 11 4b 4c 48
  0x00007ffd550bad66:   83 c4 20 5b c3 cc cc cc cc cc 48 89 5c 24 10 48
  0x00007ffd550bad76:   89 74 24 18 57 41 56 41 57 48 83 ec 40 48 8b d9
  0x00007ffd550bad86:   48 83 79 18 00 75 14 b9 28 04 00 00 e8 89 85 00
  0x00007ffd550bad96:   00 48 89 43 18 c7 00 28 00 00 00 48 8b 43 18 33
  0x00007ffd550bada6:   ff 66 89 78 0e 48 8b 4b 28 e8 5c 03 00 00 48 8b
  0x00007ffd550badb6:   f0 41 bf 01 00 00 00 45 8b c7 41 8b d7 48 8b c8
  0x00007ffd550badc6:   ff 15 f4 57 06 00 4c 8b f0 89 7c 24 30 48 8b 4b
  0x00007ffd550badd6:   18 48 89 4c 24 28 48 89 7c 24 20 45 8b cf 45 33
  0x00007ffd550bade6:   c0 48 8b d0 48 8b ce ff 15 ed 56 06 00 48 8b 53
  0x00007ffd550badf6:   30 48 8b 0b 8b 05 24 95 06 00 83 79 04 08 0f 8e


Stack slot to memory mapping:

stack at sp + 0 slots: 0x000000007bd49930 points into unknown readable memory: 0x000000007bc46310 | 10 63 c4 7b 00 00 00 00
stack at sp + 1 slots: 0x000000007edbf308 is pointing into the stack for thread: 0x000000007ad00010
stack at sp + 2 slots: 0x000000007edbf2b0 is pointing into the stack for thread: 0x000000007ad00010
stack at sp + 3 slots: 0x000000007bd49930 points into unknown readable memory: 0x000000007bc46310 | 10 63 c4 7b 00 00 00 00
stack at sp + 4 slots: 0x000000007bd49930 points into unknown readable memory: 0x000000007bc46310 | 10 63 c4 7b 00 00 00 00
stack at sp + 5 slots: 0x00007ffd550bc542 awt.dll
stack at sp + 6 slots: 0x00007ffd55117838 awt.dll
stack at sp + 7 slots: {method} {0x0000000075bdac30} 'initNativeScale' '(I)V' in 'sun/awt/Win32GraphicsDevice'

Lock stack of current Java thread (top to bottom):

native method entry point (kind = native)  [0x00000000132d0020, 0x00000000132d1170]  4432 bytes
[MachCode]
  0x00000000132d0020: 488b 4b08 | 0fb7 492e | 584c 8d74 | ccf8 6800 | 0000 0068 | 0000 0000 | 5055 488b | ec41 5568 
  0x00000000132d0040: 0000 0000 | 4c8b 6b08 | 4d8d 6d38 | 5348 8b53 | 0848 8b52 | 0848 8b52 | 1848 8b52 | 7048 8b12 
  0x00000000132d0060: 5248 8b53 | 1048 85d2 | 0f84 0700 | 0000 4881 | c208 0100 | 0052 488b | 5308 488b | 5208 488b 
  0x00000000132d0080: 5210 5249 | 8bc6 482b | c548 c1e8 | 0350 6800 | 0000 0068 | f7ff ffff | 41c6 8771 | 0400 0001 
  0x00000000132d00a0: 488b 4310 | 4885 c074 | 208b 88cc | 0000 0083 | c102 8988 | cc00 0000 | 2388 e000 | 0000 0f84 
  0x00000000132d00c0: 430f 0000 | e984 0100 | 0048 8b43 | 1848 85c0 | 0f85 6701 | 0000 e805 | 0000 00e9 | 5001 0000 
  0x00000000132d00e0: 488b d348 | 8d44 2408 | 4c89 6dc0 | 498b cfc5 | f877 4989 | afb8 0300 | 0049 8987 | a803 0000 
  0x00000000132d0100: 4883 ec20 | 40f6 c40f | 0f84 1900 | 0000 4883 | ec08 48b8 | 6030 80eb | fc7f 0000 | ffd0 4883 
  0x00000000132d0120: c408 e90c | 0000 0048 | b860 3080 | ebfc 7f00 | 00ff d048 | 83c4 2049 | c787 a803 | 0000 0000 
  0x00000000132d0140: 0000 49c7 | 87b8 0300 | 0000 0000 | 0049 c787 | b003 0000 | 0000 0000 | c5f8 7741 | 8b8f 3405 
  0x00000000132d0160: 0000 f6c1 | 010f 8442 | 0000 00f6 | c102 0f85 | 3900 0000 | 4883 ec20 | 40f6 c40f | 0f84 1900 
  0x00000000132d0180: 0000 4883 | ec08 48b8 | b003 80eb | fc7f 0000 | ffd0 4883 | c408 e90c | 0000 0048 | b8b0 0380 
  0x00000000132d01a0: ebfc 7f00 | 00ff d048 | 83c4 20ff | e049 8b8f | f805 0000 | 4885 c90f | 8455 0000 | 008b 899c 
  0x00000000132d01c0: 0000 0083 | f901 0f85 | 4600 0000 | 498b 8ff8 | 0500 008b | 89a0 0000 | 0048 83ec | 2040 f6c4 
  0x00000000132d01e0: 0f0f 8419 | 0000 0048 | 83ec 0848 | b8a0 0380 | ebfc 7f00 | 00ff d048 | 83c4 08e9 | 0c00 0000 
  0x00000000132d0200: 48b8 a003 | 80eb fc7f | 0000 ffd0 | 4883 c420 | ffe0 4983 | 7f08 000f | 8405 0000 | 00e9 9e0c 
  0x00000000132d0220: ffff 4c8b | 6dc0 4c8b | 75c8 4e8d | 74f5 00c3 | 488b 4318 | 4885 c00f | 8410 0000 | 008b 0883 
  0x00000000132d0240: c102 8908 | 2348 140f | 84ba 0d00 | 0049 3ba7 | f004 0000 | 0f87 4800 | 0000 8984 | 2400 f0ff 
  0x00000000132d0260: ff89 8424 | 00e0 ffff | 8984 2400 | d0ff ff89 | 8424 00c0 | ffff 8984 | 2400 b0ff | ff89 8424 
  0x00000000132d0280: 00a0 ffff | 8984 2400 | 90ff ff89 | 8424 0080 | ffff 493b | a7e8 0400 | 0076 0749 | 89a7 f004 
  0x00000000132d02a0: 0000 41c6 | 8771 0400 | 0000 418b | 9700 0600 | 0085 d20f | 8457 0100 | 00e8 0500 | 0000 e94d 
  0x00000000132d02c0: 0100 0048 | 8d44 2408 | 4c89 6dc0 | 498b cfc5 | f877 4989 | afb8 0300 | 0049 8987 | a803 0000 
  0x00000000132d02e0: 4883 ec20 | 40f6 c40f | 0f84 1900 | 0000 4883 | ec08 48b8 | a058 80eb | fc7f 0000 | ffd0 4883 
  0x00000000132d0300: c408 e90c | 0000 0048 | b8a0 5880 | ebfc 7f00 | 00ff d048 | 83c4 2049 | c787 a803 | 0000 0000 
  0x00000000132d0320: 0000 49c7 | 87b8 0300 | 0000 0000 | 0049 c787 | b003 0000 | 0000 0000 | c5f8 7741 | 8b8f 3405 
  0x00000000132d0340: 0000 f6c1 | 010f 8442 | 0000 00f6 | c102 0f85 | 3900 0000 | 4883 ec20 | 40f6 c40f | 0f84 1900 
  0x00000000132d0360: 0000 4883 | ec08 48b8 | b003 80eb | fc7f 0000 | ffd0 4883 | c408 e90c | 0000 0048 | b8b0 0380 
  0x00000000132d0380: ebfc 7f00 | 00ff d048 | 83c4 20ff | e049 8b8f | f805 0000 | 4885 c90f | 8455 0000 | 008b 899c 
  0x00000000132d03a0: 0000 0083 | f901 0f85 | 4600 0000 | 498b 8ff8 | 0500 008b | 89a0 0000 | 0048 83ec | 2040 f6c4 
  0x00000000132d03c0: 0f0f 8419 | 0000 0048 | 83ec 0848 | b8a0 0380 | ebfc 7f00 | 00ff d048 | 83c4 08e9 | 0c00 0000 
  0x00000000132d03e0: 48b8 a003 | 80eb fc7f | 0000 ffd0 | 4883 c420 | ffe0 4983 | 7f08 000f | 8405 0000 | 00e9 be0a 
  0x00000000132d0400: ffff 4c8b | 6dc0 4c8b | 75c8 4e8d | 74f5 00c3 | 488b 5de8 | 4c8b 5b08 | 450f b75b | 2e41 c1e3 
  0x00000000132d0420: 0349 2be3 | 4883 ec20 | 4883 e4f0 | 4c8b 5b60 | 4d85 db0f | 8562 0100 | 00e8 0500 | 0000 e950 
  0x00000000132d0440: 0100 0048 | 8bd3 488d | 4424 084c | 896d c049 | 8bcf c5f8 | 7749 89af | b803 0000 | 4989 87a8 
  0x00000000132d0460: 0300 0048 | 83ec 2040 | f6c4 0f0f | 8419 0000 | 0048 83ec | 0848 b8a0 | 5a80 ebfc | 7f00 00ff 
  0x00000000132d0480: d048 83c4 | 08e9 0c00 | 0000 48b8 | a05a 80eb | fc7f 0000 | ffd0 4883 | c420 49c7 | 87a8 0300 
  0x00000000132d04a0: 0000 0000 | 0049 c787 | b803 0000 | 0000 0000 | 49c7 87b0 | 0300 0000 | 0000 00c5 | f877 418b 
  0x00000000132d04c0: 8f34 0500 | 00f6 c101 | 0f84 4200 | 0000 f6c1 | 020f 8539 | 0000 0048 | 83ec 2040 | f6c4 0f0f 
  0x00000000132d04e0: 8419 0000 | 0048 83ec | 0848 b8b0 | 0380 ebfc | 7f00 00ff | d048 83c4 | 08e9 0c00 | 0000 48b8 
  0x00000000132d0500: b003 80eb | fc7f 0000 | ffd0 4883 | c420 ffe0 | 498b 8ff8 | 0500 0048 | 85c9 0f84 | 5500 0000 
  0x00000000132d0520: 8b89 9c00 | 0000 83f9 | 010f 8546 | 0000 0049 | 8b8f f805 | 0000 8b89 | a000 0000 | 4883 ec20 
  0x00000000132d0540: 40f6 c40f | 0f84 1900 | 0000 4883 | ec08 48b8 | a003 80eb | fc7f 0000 | ffd0 4883 | c408 e90c 
  0x00000000132d0560: 0000 0048 | b8a0 0380 | ebfc 7f00 | 00ff d048 | 83c4 20ff | e049 837f | 0800 0f84 | 0500 0000 
  0x00000000132d0580: e93b 09ff | ff4c 8b6d | c04c 8b75 | c84e 8d74 | f500 c348 | 8b5d e84c | 8b5b 6041 | ffd3 488b 
  0x00000000132d05a0: 5de8 4889 | 4518 448b | 5b28 41f6 | c308 0f84 | 1b00 0000 | 4c8b 5b08 | 4d8b 5b08 | 4d8b 5b18 
  0x00000000132d05c0: 4d8b 5b70 | 4d8b 1b4c | 895d 1048 | 8d55 1048 | 8b43 5849 | ba40 70b9 | ebfc 7f00 | 0049 3bc2 
  0x00000000132d05e0: 0f85 6201 | 0000 e805 | 0000 00e9 | 5001 0000 | 488b d348 | 8d44 2408 | 4c89 6dc0 | 498b cfc5 
  0x00000000132d0600: f877 4989 | afb8 0300 | 0049 8987 | a803 0000 | 4883 ec20 | 40f6 c40f | 0f84 1900 | 0000 4883 
  0x00000000132d0620: ec08 48b8 | a05a 80eb | fc7f 0000 | ffd0 4883 | c408 e90c | 0000 0048 | b8a0 5a80 | ebfc 7f00 
  0x00000000132d0640: 00ff d048 | 83c4 2049 | c787 a803 | 0000 0000 | 0000 49c7 | 87b8 0300 | 0000 0000 | 0049 c787 
  0x00000000132d0660: b003 0000 | 0000 0000 | c5f8 7741 | 8b8f 3405 | 0000 f6c1 | 010f 8442 | 0000 00f6 | c102 0f85 
  0x00000000132d0680: 3900 0000 | 4883 ec20 | 40f6 c40f | 0f84 1900 | 0000 4883 | ec08 48b8 | b003 80eb | fc7f 0000 
  0x00000000132d06a0: ffd0 4883 | c408 e90c | 0000 0048 | b8b0 0380 | ebfc 7f00 | 00ff d048 | 83c4 20ff | e049 8b8f 
  0x00000000132d06c0: f805 0000 | 4885 c90f | 8455 0000 | 008b 899c | 0000 0083 | f901 0f85 | 4600 0000 | 498b 8ff8 
  0x00000000132d06e0: 0500 008b | 89a0 0000 | 0048 83ec | 2040 f6c4 | 0f0f 8419 | 0000 0048 | 83ec 0848 | b8a0 0380 
  0x00000000132d0700: ebfc 7f00 | 00ff d048 | 83c4 08e9 | 0c00 0000 | 48b8 a003 | 80eb fc7f | 0000 ffd0 | 4883 c420 
  0x00000000132d0720: ffe0 4983 | 7f08 000f | 8405 0000 | 00e9 8e07 | ffff 4c8b | 6dc0 4c8b | 75c8 4e8d | 74f5 00c3 
  0x00000000132d0740: 488b 5de8 | 488b 4358 | 498d 8fc8 | 0300 004c | 8d15 d500 | 0000 4d89 | 97b0 0300 | 00c5 f877 
  0x00000000132d0760: 4989 afb8 | 0300 0049 | 89a7 a803 | 0000 41c7 | 8754 0400 | 0004 0000 | 0049 3ba7 | 4805 0000 
  0x00000000132d0780: 7607 4989 | a748 0500 | 00ff d049 | 3ba7 4805 | 0000 720b | 49c7 8748 | 0500 0000 | 0000 00c5 
  0x00000000132d07a0: f877 4883 | ec10 c5fb | 1104 2448 | 83ec 1048 | 8904 2448 | c744 2408 | 0000 0000 | 41c7 8754 
  0x00000000132d07c0: 0400 0005 | 0000 00f0 | 8344 24c0 | 0049 3b6f | 280f 870e | 0000 0041 | 83bf 5004 | 0000 000f 
  0x00000000132d07e0: 8420 0000 | 0049 8bcf | 4c8b e448 | 83ec 2048 | 83e4 f048 | b8d0 b981 | ebfc 7f00 | 00ff d049 
  0x00000000132d0800: 8be4 4d33 | e441 c787 | 5404 0000 | 0800 0000 | 4d8b 9770 | 0500 0049 | 83fa 0074 | 3549 c787 
  0x00000000132d0820: 7005 0000 | 0000 0000 | 41ff e249 | bac0 e92c | 1300 0000 | 0041 ffd2 | 4883 ec10 | c5fb 1104 
  0x00000000132d0840: 2448 83ec | 1048 8904 | 2448 c744 | 2408 0000 | 0000 49c7 | 87a8 0300 | 0000 0000 | 0049 c787 
  0x00000000132d0860: b803 0000 | 0000 0000 | 49c7 87b0 | 0300 0000 | 0000 00c5 | f877 4d8b | 9f38 0400 | 0041 c783 
  0x00000000132d0880: 0001 0000 | 0000 0000 | 49bb 5ac7 | 2c13 0000 | 0000 4c3b | 5d18 0f85 | 5501 0000 | 488b 0424 
  0x00000000132d08a0: 4883 c410 | 4885 c00f | 842f 0100 | 00a8 030f | 8508 0000 | 0048 8b00 | e91f 0100 | 00a8 010f 
  0x00000000132d08c0: 8509 0000 | 0048 8b40 | fee9 0e01 | 0000 488b | 40ff 4180 | 7f48 000f | 84ff 0000 | 0048 83f8 
  0x00000000132d08e0: 000f 84f5 | 0000 004d | 8b5f 384d | 85db 0f84 | 1400 0000 | 4983 eb08 | 4d89 5f38 | 4d03 5f40 
  0x00000000132d0900: 4989 03e9 | d400 0000 | 4883 ec70 | 4889 0424 | 4889 4c24 | 0848 8954 | 2410 4c89 | 4424 184c 
  0x00000000132d0920: 894c 2420 | 4c89 5424 | 284c 895c | 2430 c5fb | 1144 2440 | c5fb 114c | 2448 c5fb | 1154 2450 
  0x00000000132d0940: c5fb 115c | 2458 c5fb | 1164 2460 | c5fb 116c | 2468 498b | d748 8bc8 | 4883 ec20 | 40f6 c40f 
  0x00000000132d0960: 0f84 1900 | 0000 4883 | ec08 48b8 | 9049 74eb | fc7f 0000 | ffd0 4883 | c408 e90c | 0000 0048 
  0x00000000132d0980: b890 4974 | ebfc 7f00 | 00ff d048 | 83c4 20c5 | fb10 6c24 | 68c5 fb10 | 6424 60c5 | fb10 5c24 
  0x00000000132d09a0: 58c5 fb10 | 5424 50c5 | fb10 4c24 | 48c5 fb10 | 4424 404c | 8b5c 2430 | 4c8b 5424 | 284c 8b4c 
  0x00000000132d09c0: 2420 4c8b | 4424 1848 | 8b54 2410 | 488b 4c24 | 0848 8b04 | 2448 83c4 | 70c5 f877 | 4889 4510 
  0x00000000132d09e0: 4883 ec10 | 4889 0424 | 48c7 4424 | 0800 0000 | 0041 83bf | d004 0000 | 020f 85bf | 0000 0048 
  0x00000000132d0a00: 81ec 8000 | 0000 4889 | 4424 7848 | 894c 2470 | 4889 5424 | 6848 895c | 2460 4889 | 6c24 5048 
  0x00000000132d0a20: 8974 2448 | 4889 7c24 | 404c 8944 | 2438 4c89 | 4c24 304c | 8954 2428 | 4c89 5c24 | 204c 8964 
  0x00000000132d0a40: 2418 4c89 | 6c24 104c | 8974 2408 | 4c89 3c24 | 4c8b e448 | 83ec 2048 | 83e4 f048 | b8d0 56b9 
  0x00000000132d0a60: ebfc 7f00 | 00ff d049 | 8be4 4c8b | 3c24 4c8b | 7424 084c | 8b6c 2410 | 4c8b 6424 | 184c 8b5c 
  0x00000000132d0a80: 2420 4c8b | 5424 284c | 8b4c 2430 | 4c8b 4424 | 3848 8b7c | 2440 488b | 7424 4848 | 8b6c 2450 
  0x00000000132d0aa0: 488b 5c24 | 6048 8b54 | 2468 488b | 4c24 7048 | 8b44 2478 | 4881 c480 | 0000 004d | 33e4 488b 
  0x00000000132d0ac0: 5de8 4c8b | 6b08 4d8d | 6d38 4983 | 7f08 000f | 8472 0100 | 00e8 0500 | 0000 e94d | 0100 0048 
  0x00000000132d0ae0: 8d44 2408 | 4c89 6dc0 | 498b cfc5 | f877 4989 | afb8 0300 | 0049 8987 | a803 0000 | 4883 ec20 
  0x00000000132d0b00: 40f6 c40f | 0f84 1900 | 0000 4883 | ec08 48b8 | 4079 80eb | fc7f 0000 | ffd0 4883 | c408 e90c 
  0x00000000132d0b20: 0000 0048 | b840 7980 | ebfc 7f00 | 00ff d048 | 83c4 2049 | c787 a803 | 0000 0000 | 0000 49c7 
  0x00000000132d0b40: 87b8 0300 | 0000 0000 | 0049 c787 | b003 0000 | 0000 0000 | c5f8 7741 | 8b8f 3405 | 0000 f6c1 
  0x00000000132d0b60: 010f 8442 | 0000 00f6 | c102 0f85 | 3900 0000 | 4883 ec20 | 40f6 c40f | 0f84 1900 | 0000 4883 
  0x00000000132d0b80: ec08 48b8 | b003 80eb | fc7f 0000 | ffd0 4883 | c408 e90c | 0000 0048 | b8b0 0380 | ebfc 7f00 
  0x00000000132d0ba0: 00ff d048 | 83c4 20ff | e049 8b8f | f805 0000 | 4885 c90f | 8455 0000 | 008b 899c | 0000 0083 
  0x00000000132d0bc0: f901 0f85 | 4600 0000 | 498b 8ff8 | 0500 008b | 89a0 0000 | 0048 83ec | 2040 f6c4 | 0f0f 8419 
  0x00000000132d0be0: 0000 0048 | 83ec 0848 | b8a0 0380 | ebfc 7f00 | 00ff d048 | 83c4 08e9 | 0c00 0000 | 48b8 a003 
  0x00000000132d0c00: 80eb fc7f | 0000 ffd0 | 4883 c420 | ffe0 4983 | 7f08 000f | 8405 0000 | 00e9 a202 | ffff 4c8b 
  0x00000000132d0c20: 6dc0 4c8b | 75c8 4e8d | 74f5 00c3 | 48b9 08ec | dfeb fc7f | 0000 4883 | e4f0 48b8 | 30a8 a6eb 
  0x00000000132d0c40: fc7f 0000 | ffd0 f444 | 8b5b 2841 | f6c3 200f | 8429 0200 | 0048 8d55 | a84c 8b5a | 084d 85db 
  0x00000000132d0c60: 0f85 7201 | 0000 e805 | 0000 00e9 | 4d01 0000 | 488d 4424 | 084c 896d | c049 8bcf | c5f8 7749 
  0x00000000132d0c80: 89af b803 | 0000 4989 | 87a8 0300 | 0048 83ec | 2040 f6c4 | 0f0f 8419 | 0000 0048 | 83ec 0848 
  0x00000000132d0ca0: b870 7880 | ebfc 7f00 | 00ff d048 | 83c4 08e9 | 0c00 0000 | 48b8 7078 | 80eb fc7f | 0000 ffd0 
  0x00000000132d0cc0: 4883 c420 | 49c7 87a8 | 0300 0000 | 0000 0049 | c787 b803 | 0000 0000 | 0000 49c7 | 87b0 0300 
  0x00000000132d0ce0: 0000 0000 | 00c5 f877 | 418b 8f34 | 0500 00f6 | c101 0f84 | 4200 0000 | f6c1 020f | 8539 0000 
  0x00000000132d0d00: 0048 83ec | 2040 f6c4 | 0f0f 8419 | 0000 0048 | 83ec 0848 | b8b0 0380 | ebfc 7f00 | 00ff d048 
  0x00000000132d0d20: 83c4 08e9 | 0c00 0000 | 48b8 b003 | 80eb fc7f | 0000 ffd0 | 4883 c420 | ffe0 498b | 8ff8 0500 
  0x00000000132d0d40: 0048 85c9 | 0f84 5500 | 0000 8b89 | 9c00 0000 | 83f9 010f | 8546 0000 | 0049 8b8f | f805 0000 
  0x00000000132d0d60: 8b89 a000 | 0000 4883 | ec20 40f6 | c40f 0f84 | 1900 0000 | 4883 ec08 | 48b8 a003 | 80eb fc7f 
  0x00000000132d0d80: 0000 ffd0 | 4883 c408 | e90c 0000 | 0048 b8a0 | 0380 ebfc | 7f00 00ff | d048 83c4 | 20ff e049 
  0x00000000132d0da0: 837f 0800 | 0f84 0500 | 0000 e911 | 01ff ff4c | 8b6d c04c | 8b75 c84e | 8d74 f500 | c348 b908 
  0x00000000132d0dc0: ecdf ebfc | 7f00 0048 | 83e4 f048 | b830 a8a6 | ebfc 7f00 | 00ff d0f4 | 4c89 6dc0 | 4c8b 4a08 
  0x00000000132d0de0: 48c7 4208 | 0000 0000 | 458b 8758 | 0600 004f | 3b4c 07f8 | 0f85 4200 | 0000 4183 | af58 0600 
  0x00000000132d0e00: 0008 4f3b | 4c07 f00f | 842a 0000 | 0049 8b01 | a802 0f85 | 1200 0000 | 4c8b c049 | 83c8 01f0 
  0x00000000132d0e20: 4d0f b101 | 0f84 0d00 | 0000 4183 | 8758 0600 | 0008 e905 | 0000 00e9 | 3e00 0000 | 4c89 4a08 
  0x00000000132d0e40: 488b ca48 | 83ec 2040 | f6c4 0f0f | 8419 0000 | 0048 83ec | 0848 b890 | 4a80 ebfc | 7f00 00ff 
  0x00000000132d0e60: d048 83c4 | 08e9 0c00 | 0000 48b8 | 904a 80eb | fc7f 0000 | ffd0 4883 | c420 4c8b | 6dc0 418b 
  0x00000000132d0e80: 9700 0600 | 0085 d20f | 8457 0100 | 00e8 0500 | 0000 e94d | 0100 0048 | 8d44 2408 | 4c89 6dc0 
  0x00000000132d0ea0: 498b cfc5 | f877 4989 | afb8 0300 | 0049 8987 | a803 0000 | 4883 ec20 | 40f6 c40f | 0f84 1900 
  0x00000000132d0ec0: 0000 4883 | ec08 48b8 | d059 80eb | fc7f 0000 | ffd0 4883 | c408 e90c | 0000 0048 | b8d0 5980 
  0x00000000132d0ee0: ebfc 7f00 | 00ff d048 | 83c4 2049 | c787 a803 | 0000 0000 | 0000 49c7 | 87b8 0300 | 0000 0000 
  0x00000000132d0f00: 0049 c787 | b003 0000 | 0000 0000 | c5f8 7741 | 8b8f 3405 | 0000 f6c1 | 010f 8442 | 0000 00f6 
  0x00000000132d0f20: c102 0f85 | 3900 0000 | 4883 ec20 | 40f6 c40f | 0f84 1900 | 0000 4883 | ec08 48b8 | b003 80eb 
  0x00000000132d0f40: fc7f 0000 | ffd0 4883 | c408 e90c | 0000 0048 | b8b0 0380 | ebfc 7f00 | 00ff d048 | 83c4 20ff 
  0x00000000132d0f60: e049 8b8f | f805 0000 | 4885 c90f | 8455 0000 | 008b 899c | 0000 0083 | f901 0f85 | 4600 0000 
  0x00000000132d0f80: 498b 8ff8 | 0500 008b | 89a0 0000 | 0048 83ec | 2040 f6c4 | 0f0f 8419 | 0000 0048 | 83ec 0848 
  0x00000000132d0fa0: b8a0 0380 | ebfc 7f00 | 00ff d048 | 83c4 08e9 | 0c00 0000 | 48b8 a003 | 80eb fc7f | 0000 ffd0 
  0x00000000132d0fc0: 4883 c420 | ffe0 4983 | 7f08 000f | 8405 0000 | 00e9 eafe | feff 4c8b | 6dc0 4c8b | 75c8 4e8d 
  0x00000000132d0fe0: 74f5 00c3 | 488b 0424 | 4883 c410 | c5fb 1004 | 2448 83c4 | 104c 8b5d | 1841 ffd3 | 4c8b 5df8 
  0x00000000132d1000: c95f 498b | e3ff e7ba | 0000 0000 | e805 0000 | 00e9 4d01 | 0000 488d | 4424 084c | 896d c049 
  0x00000000132d1020: 8bcf c5f8 | 7749 89af | b803 0000 | 4989 87a8 | 0300 0048 | 83ec 2040 | f6c4 0f0f | 8419 0000 
  0x00000000132d1040: 0048 83ec | 0848 b830 | 3f80 ebfc | 7f00 00ff | d048 83c4 | 08e9 0c00 | 0000 48b8 | 303f 80eb 
  0x00000000132d1060: fc7f 0000 | ffd0 4883 | c420 49c7 | 87a8 0300 | 0000 0000 | 0049 c787 | b803 0000 | 0000 0000 
  0x00000000132d1080: 49c7 87b0 | 0300 0000 | 0000 00c5 | f877 418b | 8f34 0500 | 00f6 c101 | 0f84 4200 | 0000 f6c1 
  0x00000000132d10a0: 020f 8539 | 0000 0048 | 83ec 2040 | f6c4 0f0f | 8419 0000 | 0048 83ec | 0848 b8b0 | 0380 ebfc 
  0x00000000132d10c0: 7f00 00ff | d048 83c4 | 08e9 0c00 | 0000 48b8 | b003 80eb | fc7f 0000 | ffd0 4883 | c420 ffe0 
  0x00000000132d10e0: 498b 8ff8 | 0500 0048 | 85c9 0f84 | 5500 0000 | 8b89 9c00 | 0000 83f9 | 010f 8546 | 0000 0049 
  0x00000000132d1100: 8b8f f805 | 0000 8b89 | a000 0000 | 4883 ec20 | 40f6 c40f | 0f84 1900 | 0000 4883 | ec08 48b8 
  0x00000000132d1120: a003 80eb | fc7f 0000 | ffd0 4883 | c408 e90c | 0000 0048 | b8a0 0380 | ebfc 7f00 | 00ff d048 
  0x00000000132d1140: 83c4 20ff | e049 837f | 0800 0f84 | 0500 0000 | e96b fdfe | ff4c 8b6d | c04c 8b75 | c84e 8d74 
  0x00000000132d1160: f500 c348 | 8b5d e8e9 | e1f0 ffff | 0f1f 4000 
[/MachCode]

---------------  P R O C E S S  ---------------

Threads class SMR info:
_java_thread_list=0x000000007afa5e30, length=39, elements={
0x000000000297a870, 0x00000000336d18d0, 0x00000000336d2010, 0x00000000336d4760,
0x00000000336d5900, 0x00000000336da570, 0x00000000336db300, 0x00000000336f0600,
0x00000000337260d0, 0x0000000079c1c350, 0x0000000079c1caa0, 0x0000000079c4dd80,
0x0000000079c6e980, 0x0000000079d15d10, 0x0000000079d3dd80, 0x000000007b2809e0,
0x000000007b281130, 0x000000007b6d1d20, 0x000000007b6d3a60, 0x000000007b6d3310,
0x000000007b6d5050, 0x000000007b6d4900, 0x000000007b6d41b0, 0x000000007b6d57a0,
0x000000007b6d5ef0, 0x000000007b6d2bc0, 0x000000007b6d2470, 0x000000007b6d6640,
0x000000007b6d6d90, 0x000000007b27fb40, 0x000000007acfc590, 0x000000007acfe2d0,
0x000000007acfdb80, 0x000000007acfafa0, 0x000000007acfea20, 0x000000007acfb6f0,
0x000000007acff170, 0x000000007acfbe40, 0x000000007ad00010
}

Java Threads: ( => current thread )
  0x000000000297a870 JavaThread "main"                              [_thread_in_native, id=1796, stack(0x0000000000d80000,0x0000000000e80000) (1024K)]
  0x00000000336d18d0 JavaThread "Reference Handler"          daemon [_thread_blocked, id=21152, stack(0x0000000033de0000,0x0000000033ee0000) (1024K)]
  0x00000000336d2010 JavaThread "Finalizer"                  daemon [_thread_blocked, id=6772, stack(0x0000000033ee0000,0x0000000033fe0000) (1024K)]
  0x00000000336d4760 JavaThread "Signal Dispatcher"          daemon [_thread_blocked, id=3204, stack(0x0000000079000000,0x0000000079100000) (1024K)]
  0x00000000336d5900 JavaThread "Attach Listener"            daemon [_thread_blocked, id=28148, stack(0x0000000079100000,0x0000000079200000) (1024K)]
  0x00000000336da570 JavaThread "Service Thread"             daemon [_thread_blocked, id=22724, stack(0x0000000079200000,0x0000000079300000) (1024K)]
  0x00000000336db300 JavaThread "Monitor Deflation Thread"   daemon [_thread_blocked, id=2864, stack(0x0000000079300000,0x0000000079400000) (1024K)]
  0x00000000336f0600 JavaThread "C2 CompilerThread0"         daemon [_thread_blocked, id=35656, stack(0x0000000079400000,0x0000000079500000) (1024K)]
  0x00000000337260d0 JavaThread "C1 CompilerThread0"         daemon [_thread_blocked, id=10080, stack(0x0000000079500000,0x0000000079600000) (1024K)]
  0x0000000079c1c350 JavaThread "JDWP Transport Listener: dt_socket" daemon [_thread_blocked, id=12884, stack(0x000000007a300000,0x000000007a400000) (1024K)]
  0x0000000079c1caa0 JavaThread "JDWP Event Helper Thread"   daemon [_thread_blocked, id=22196, stack(0x000000007a400000,0x000000007a500000) (1024K)]
  0x0000000079c4dd80 JavaThread "JDWP Command Reader"        daemon [_thread_in_native, id=12360, stack(0x000000007a500000,0x000000007a600000) (1024K)]
  0x0000000079c6e980 JavaThread "Common-Cleaner"             daemon [_thread_blocked, id=5052, stack(0x000000007a600000,0x000000007a700000) (1024K)]
  0x0000000079d15d10 JavaThread "IntelliJ Suspend Helper"    daemon [_thread_blocked, id=15324, stack(0x000000007a700000,0x000000007a800000) (1024K)]
  0x0000000079d3dd80 JavaThread "Notification Thread"        daemon [_thread_blocked, id=30240, stack(0x000000007a800000,0x000000007a900000) (1024K)]
  0x000000007b2809e0 JavaThread "FileSystemWatchService"     daemon [_thread_in_native, id=29364, stack(0x000000007b8d0000,0x000000007b9d0000) (1024K)]
  0x000000007b281130 JavaThread "Thread-0"                   daemon [_thread_blocked, id=19036, stack(0x000000007b9d0000,0x000000007bad0000) (1024K)]
  0x000000007b6d1d20 JavaThread "ReadAndMovePool-thread-1"          [_thread_blocked, id=18312, stack(0x000000007bad0000,0x000000007bbd0000) (1024K)]
  0x000000007b6d3a60 JavaThread "ReadAndMovePool-thread-1"          [_thread_blocked, id=27288, stack(0x0000000079800000,0x0000000079900000) (1024K)]
  0x000000007b6d3310 JavaThread "ReadAndMovePool-thread-1"          [_thread_blocked, id=36320, stack(0x0000000079700000,0x0000000079800000) (1024K)]
  0x000000007b6d5050 JavaThread "ReadAndMovePool-thread-1"          [_thread_blocked, id=28620, stack(0x0000000000820000,0x0000000000920000) (1024K)]
  0x000000007b6d4900 JavaThread "ReadAndMovePool-thread-2"          [_thread_blocked, id=3788, stack(0x0000000079600000,0x0000000079700000) (1024K)]
  0x000000007b6d41b0 JavaThread "ReadAndMovePool-thread-3"          [_thread_blocked, id=18456, stack(0x0000000079900000,0x0000000079a00000) (1024K)]
  0x000000007b6d57a0 JavaThread "Java2D Disposer"            daemon [_thread_blocked, id=13740, stack(0x000000007dba0000,0x000000007dca0000) (1024K)]
  0x000000007b6d5ef0 JavaThread "AWT-Windows"                daemon [_thread_in_native, id=6528, stack(0x000000007dea0000,0x000000007dfa0000) (1024K)]
  0x000000007b6d2bc0 JavaThread "Swing-Shell"                daemon [_thread_blocked, id=15312, stack(0x000000007e280000,0x000000007e380000) (1024K)]
  0x000000007b6d2470 JavaThread "ReadAndMovePool-thread-1"          [_thread_blocked, id=23244, stack(0x000000007dca0000,0x000000007dda0000) (1024K)]
  0x000000007b6d6640 JavaThread "ReadAndMovePool-thread-1"          [_thread_blocked, id=37924, stack(0x0000000000720000,0x0000000000820000) (1024K)]
  0x000000007b6d6d90 JavaThread "ReadAndMovePool-thread-2"          [_thread_blocked, id=30000, stack(0x0000000000920000,0x0000000000a20000) (1024K)]
  0x000000007b27fb40 JavaThread "ReadAndMovePool-thread-1"          [_thread_blocked, id=36464, stack(0x000000007e180000,0x000000007e280000) (1024K)]
  0x000000007acfc590 JavaThread "ReadAndMovePool-thread-2"          [_thread_blocked, id=32944, stack(0x000000007e6c0000,0x000000007e7c0000) (1024K)]
  0x000000007acfe2d0 JavaThread "ReadAndMovePool-thread-3"          [_thread_blocked, id=12960, stack(0x000000007e7c0000,0x000000007e8c0000) (1024K)]
  0x000000007acfdb80 JavaThread "ReadAndMovePool-thread-1"          [_thread_blocked, id=16428, stack(0x000000007e9c0000,0x000000007eac0000) (1024K)]
  0x000000007acfafa0 JavaThread "ReadAndMovePool-thread-1"          [_thread_blocked, id=40108, stack(0x000000007e8c0000,0x000000007e9c0000) (1024K)]
  0x000000007acfea20 JavaThread "ReadAndMovePool-thread-1"          [_thread_blocked, id=37920, stack(0x000000007eac0000,0x000000007ebc0000) (1024K)]
  0x000000007acfb6f0 JavaThread "ReadAndMovePool-thread-1"          [_thread_blocked, id=38800, stack(0x000000007eec0000,0x000000007efc0000) (1024K)]
  0x000000007acff170 JavaThread "ReadAndMovePool-thread-1"          [_thread_blocked, id=11676, stack(0x000000007efc0000,0x000000007f0c0000) (1024K)]
  0x000000007acfbe40 JavaThread "AWT-Shutdown"                      [_thread_blocked, id=32348, stack(0x000000007ebc0000,0x000000007ecc0000) (1024K)]
=>0x000000007ad00010 JavaThread "AWT-EventQueue-0"                  [_thread_in_native, id=19008, stack(0x000000007ecc0000,0x000000007edc0000) (1024K)]
Total: 39

Other Threads:
  0x00000000336bc990 VMThread "VM Thread"                           [id=36052, stack(0x0000000033ce0000,0x0000000033de0000) (1024K)]
  0x0000000033588190 WatcherThread "VM Periodic Task Thread"        [id=14984, stack(0x0000000033be0000,0x0000000033ce0000) (1024K)]
  0x0000000002a6f360 WorkerThread "GC Thread#0"                     [id=5972, stack(0x000000002ffc0000,0x00000000300c0000) (1024K)]
  0x000000007b6b6340 WorkerThread "GC Thread#1"                     [id=12836, stack(0x0000000079a00000,0x0000000079b00000) (1024K)]
  0x000000007b6b8820 WorkerThread "GC Thread#2"                     [id=23240, stack(0x000000007cba0000,0x000000007cca0000) (1024K)]
  0x000000007b6b7d10 WorkerThread "GC Thread#3"                     [id=14572, stack(0x000000007cca0000,0x000000007cda0000) (1024K)]
  0x000000007b6b75b0 WorkerThread "GC Thread#4"                     [id=3296, stack(0x000000007cda0000,0x000000007cea0000) (1024K)]
  0x000000007b6b80c0 WorkerThread "GC Thread#5"                     [id=35976, stack(0x000000007cea0000,0x000000007cfa0000) (1024K)]
  0x000000007b6b8470 WorkerThread "GC Thread#6"                     [id=12968, stack(0x000000007cfa0000,0x000000007d0a0000) (1024K)]
  0x000000007b6b66f0 WorkerThread "GC Thread#7"                     [id=4996, stack(0x000000007d0a0000,0x000000007d1a0000) (1024K)]
  0x000000007b6b8bd0 WorkerThread "GC Thread#8"                     [id=34572, stack(0x000000007d1a0000,0x000000007d2a0000) (1024K)]
  0x000000007b6b7200 WorkerThread "GC Thread#9"                     [id=19692, stack(0x000000007d2a0000,0x000000007d3a0000) (1024K)]
  0x000000007b6b7960 WorkerThread "GC Thread#10"                    [id=26780, stack(0x000000007d3a0000,0x000000007d4a0000) (1024K)]
  0x000000007b6b6aa0 WorkerThread "GC Thread#11"                    [id=11104, stack(0x000000007d4a0000,0x000000007d5a0000) (1024K)]
  0x000000007b6b8f80 WorkerThread "GC Thread#12"                    [id=34132, stack(0x000000007d5a0000,0x000000007d6a0000) (1024K)]
  0x000000007b6b5480 WorkerThread "GC Thread#13"                    [id=28792, stack(0x000000007d6a0000,0x000000007d7a0000) (1024K)]
  0x000000007b6b5830 WorkerThread "GC Thread#14"                    [id=21648, stack(0x000000007d7a0000,0x000000007d8a0000) (1024K)]
  0x000000007b6b5be0 WorkerThread "GC Thread#15"                    [id=11592, stack(0x000000007d8a0000,0x000000007d9a0000) (1024K)]
  0x000000007b3e8d20 WorkerThread "GC Thread#16"                    [id=29816, stack(0x000000007d9a0000,0x000000007daa0000) (1024K)]
  0x000000007b3e7ab0 WorkerThread "GC Thread#17"                    [id=12832, stack(0x000000007daa0000,0x000000007dba0000) (1024K)]
  0x0000000002a88790 ConcurrentGCThread "G1 Main Marker"            [id=16700, stack(0x00000000300c0000,0x00000000301c0000) (1024K)]
  0x0000000002a891b0 WorkerThread "G1 Conc#0"                       [id=29004, stack(0x00000000301c0000,0x00000000302c0000) (1024K)]
  0x0000000002afe450 ConcurrentGCThread "G1 Refine#0"               [id=31784, stack(0x00000000339e0000,0x0000000033ae0000) (1024K)]
  0x0000000033571040 ConcurrentGCThread "G1 Service"                [id=33868, stack(0x0000000033ae0000,0x0000000033be0000) (1024K)]
Total: 24

Threads with active compile tasks:
Total: 0

VM state: not at safepoint (normal execution)

VM Mutex/Monitor currently owned by a thread: None

Heap address: 0x0000000409800000, size: 16232 MB, Compressed Oops mode: Zero based, Oop shift amount: 3

CDS archive(s) mapped at: [0x0000000034000000-0x0000000034d40000-0x0000000034d40000), size 13893632, SharedBaseAddress: 0x0000000034000000, ArchiveRelocationMode: 1.
Compressed class space mapped at: 0x0000000035000000-0x0000000075000000, reserved size: 1073741824
UseCompressedClassPointers 1, UseCompactObjectHeaders 0
Narrow klass pointer bits 32, Max shift 3
Narrow klass base: 0x0000000034000000, Narrow klass shift: 0
Encoding Range: [0x0000000034000000 - 0x0000000134000000), (4294967296 bytes)
Klass Range:    [0x0000000034000000 - 0x0000000075000000), (1090519040 bytes)
Klass ID Range:  [8 - 1090519033) (1090519025)

GC Precious Log:
 CardTable entry size: 512
 Card Set container configuration: InlinePtr #cards 4 size 8 Array Of Cards #cards 64 size 144 Howl #buckets 8 coarsen threshold 14745 Howl Bitmap #cards 2048 size 272 coarsen threshold 1843 Card regions per heap region 1 cards per card region 16384
 CPUs: 24 total, 24 available
 Memory: 64909M
 Large Page Support: Disabled
 NUMA Support: Disabled
 Compressed Oops: Enabled (Zero based)
 Heap Region Size: 8M
 Heap Min Capacity: 8M
 Heap Initial Capacity: 1016M
 Heap Max Capacity: 16232M
 Pre-touch: Disabled
 Parallel Workers: 18
 Concurrent Workers: 5
 Concurrent Refinement Workers: 18
 Periodic GC: Disabled

Heap:
 garbage-first heap   total reserved 16621568K, committed 1048576K, used 126571K [0x0000000409800000, 0x0000000800000000)
  region size 8192K, 17 young (139264K), 1 survivors (8192K)
 Metaspace       used 13194K, committed 13440K, reserved 1114112K
  class space    used 1212K, committed 1280K, reserved 1048576K

Heap Regions: E=young(eden), S=young(survivor), O=old, HS=humongous(starts), HC=humongous(continues), CS=collection set, F=free, TAMS=top-at-mark-start, PB=parsable bottom
|   0|0x0000000409800000, 0x0000000409800000, 0x000000040a000000|  0%| F|  |TAMS 0x0000000409800000| PB 0x0000000409800000| Untracked |  0
|   1|0x000000040a000000, 0x000000040a000000, 0x000000040a800000|  0%| F|  |TAMS 0x000000040a000000| PB 0x000000040a000000| Untracked |  0
|   2|0x000000040a800000, 0x000000040a800000, 0x000000040b000000|  0%| F|  |TAMS 0x000000040a800000| PB 0x000000040a800000| Untracked |  0
|   3|0x000000040b000000, 0x000000040b000000, 0x000000040b800000|  0%| F|  |TAMS 0x000000040b000000| PB 0x000000040b000000| Untracked |  0
|   4|0x000000040b800000, 0x000000040b800000, 0x000000040c000000|  0%| F|  |TAMS 0x000000040b800000| PB 0x000000040b800000| Untracked |  0
|   5|0x000000040c000000, 0x000000040c000000, 0x000000040c800000|  0%| F|  |TAMS 0x000000040c000000| PB 0x000000040c000000| Untracked |  0
|   6|0x000000040c800000, 0x000000040c800000, 0x000000040d000000|  0%| F|  |TAMS 0x000000040c800000| PB 0x000000040c800000| Untracked |  0
|   7|0x000000040d000000, 0x000000040d000000, 0x000000040d800000|  0%| F|  |TAMS 0x000000040d000000| PB 0x000000040d000000| Untracked |  0
|   8|0x000000040d800000, 0x000000040d800000, 0x000000040e000000|  0%| F|  |TAMS 0x000000040d800000| PB 0x000000040d800000| Untracked |  0
|   9|0x000000040e000000, 0x000000040e000000, 0x000000040e800000|  0%| F|  |TAMS 0x000000040e000000| PB 0x000000040e000000| Untracked |  0
|  10|0x000000040e800000, 0x000000040e800000, 0x000000040f000000|  0%| F|  |TAMS 0x000000040e800000| PB 0x000000040e800000| Untracked |  0
|  11|0x000000040f000000, 0x000000040f000000, 0x000000040f800000|  0%| F|  |TAMS 0x000000040f000000| PB 0x000000040f000000| Untracked |  0
|  12|0x000000040f800000, 0x000000040f800000, 0x0000000410000000|  0%| F|  |TAMS 0x000000040f800000| PB 0x000000040f800000| Untracked |  0
|  13|0x0000000410000000, 0x0000000410000000, 0x0000000410800000|  0%| F|  |TAMS 0x0000000410000000| PB 0x0000000410000000| Untracked |  0
|  14|0x0000000410800000, 0x0000000410800000, 0x0000000411000000|  0%| F|  |TAMS 0x0000000410800000| PB 0x0000000410800000| Untracked |  0
|  15|0x0000000411000000, 0x0000000411000000, 0x0000000411800000|  0%| F|  |TAMS 0x0000000411000000| PB 0x0000000411000000| Untracked |  0
|  16|0x0000000411800000, 0x0000000411800000, 0x0000000412000000|  0%| F|  |TAMS 0x0000000411800000| PB 0x0000000411800000| Untracked |  0
|  17|0x0000000412000000, 0x0000000412000000, 0x0000000412800000|  0%| F|  |TAMS 0x0000000412000000| PB 0x0000000412000000| Untracked |  0
|  18|0x0000000412800000, 0x0000000412800000, 0x0000000413000000|  0%| F|  |TAMS 0x0000000412800000| PB 0x0000000412800000| Untracked |  0
|  19|0x0000000413000000, 0x0000000413000000, 0x0000000413800000|  0%| F|  |TAMS 0x0000000413000000| PB 0x0000000413000000| Untracked |  0
|  20|0x0000000413800000, 0x0000000413800000, 0x0000000414000000|  0%| F|  |TAMS 0x0000000413800000| PB 0x0000000413800000| Untracked |  0
|  21|0x0000000414000000, 0x0000000414000000, 0x0000000414800000|  0%| F|  |TAMS 0x0000000414000000| PB 0x0000000414000000| Untracked |  0
|  22|0x0000000414800000, 0x0000000414800000, 0x0000000415000000|  0%| F|  |TAMS 0x0000000414800000| PB 0x0000000414800000| Untracked |  0
|  23|0x0000000415000000, 0x0000000415000000, 0x0000000415800000|  0%| F|  |TAMS 0x0000000415000000| PB 0x0000000415000000| Untracked |  0
|  24|0x0000000415800000, 0x0000000415800000, 0x0000000416000000|  0%| F|  |TAMS 0x0000000415800000| PB 0x0000000415800000| Untracked |  0
|  25|0x0000000416000000, 0x0000000416000000, 0x0000000416800000|  0%| F|  |TAMS 0x0000000416000000| PB 0x0000000416000000| Untracked |  0
|  26|0x0000000416800000, 0x0000000416800000, 0x0000000417000000|  0%| F|  |TAMS 0x0000000416800000| PB 0x0000000416800000| Untracked |  0
|  27|0x0000000417000000, 0x0000000417000000, 0x0000000417800000|  0%| F|  |TAMS 0x0000000417000000| PB 0x0000000417000000| Untracked |  0
|  28|0x0000000417800000, 0x0000000417800000, 0x0000000418000000|  0%| F|  |TAMS 0x0000000417800000| PB 0x0000000417800000| Untracked |  0
|  29|0x0000000418000000, 0x0000000418000000, 0x0000000418800000|  0%| F|  |TAMS 0x0000000418000000| PB 0x0000000418000000| Untracked |  0
|  30|0x0000000418800000, 0x0000000418800000, 0x0000000419000000|  0%| F|  |TAMS 0x0000000418800000| PB 0x0000000418800000| Untracked |  0
|  31|0x0000000419000000, 0x0000000419000000, 0x0000000419800000|  0%| F|  |TAMS 0x0000000419000000| PB 0x0000000419000000| Untracked |  0
|  32|0x0000000419800000, 0x0000000419800000, 0x000000041a000000|  0%| F|  |TAMS 0x0000000419800000| PB 0x0000000419800000| Untracked |  0
|  33|0x000000041a000000, 0x000000041a000000, 0x000000041a800000|  0%| F|  |TAMS 0x000000041a000000| PB 0x000000041a000000| Untracked |  0
|  34|0x000000041a800000, 0x000000041a800000, 0x000000041b000000|  0%| F|  |TAMS 0x000000041a800000| PB 0x000000041a800000| Untracked |  0
|  35|0x000000041b000000, 0x000000041b000000, 0x000000041b800000|  0%| F|  |TAMS 0x000000041b000000| PB 0x000000041b000000| Untracked |  0
|  36|0x000000041b800000, 0x000000041b800000, 0x000000041c000000|  0%| F|  |TAMS 0x000000041b800000| PB 0x000000041b800000| Untracked |  0
|  37|0x000000041c000000, 0x000000041c000000, 0x000000041c800000|  0%| F|  |TAMS 0x000000041c000000| PB 0x000000041c000000| Untracked |  0
|  38|0x000000041c800000, 0x000000041c800000, 0x000000041d000000|  0%| F|  |TAMS 0x000000041c800000| PB 0x000000041c800000| Untracked |  0
|  39|0x000000041d000000, 0x000000041d000000, 0x000000041d800000|  0%| F|  |TAMS 0x000000041d000000| PB 0x000000041d000000| Untracked |  0
|  40|0x000000041d800000, 0x000000041d800000, 0x000000041e000000|  0%| F|  |TAMS 0x000000041d800000| PB 0x000000041d800000| Untracked |  0
|  41|0x000000041e000000, 0x000000041e000000, 0x000000041e800000|  0%| F|  |TAMS 0x000000041e000000| PB 0x000000041e000000| Untracked |  0
|  42|0x000000041e800000, 0x000000041e800000, 0x000000041f000000|  0%| F|  |TAMS 0x000000041e800000| PB 0x000000041e800000| Untracked |  0
|  43|0x000000041f000000, 0x000000041f000000, 0x000000041f800000|  0%| F|  |TAMS 0x000000041f000000| PB 0x000000041f000000| Untracked |  0
|  44|0x000000041f800000, 0x000000041f800000, 0x0000000420000000|  0%| F|  |TAMS 0x000000041f800000| PB 0x000000041f800000| Untracked |  0
|  45|0x0000000420000000, 0x0000000420000000, 0x0000000420800000|  0%| F|  |TAMS 0x0000000420000000| PB 0x0000000420000000| Untracked |  0
|  46|0x0000000420800000, 0x0000000420800000, 0x0000000421000000|  0%| F|  |TAMS 0x0000000420800000| PB 0x0000000420800000| Untracked |  0
|  47|0x0000000421000000, 0x0000000421000000, 0x0000000421800000|  0%| F|  |TAMS 0x0000000421000000| PB 0x0000000421000000| Untracked |  0
|  48|0x0000000421800000, 0x0000000421800000, 0x0000000422000000|  0%| F|  |TAMS 0x0000000421800000| PB 0x0000000421800000| Untracked |  0
|  49|0x0000000422000000, 0x0000000422000000, 0x0000000422800000|  0%| F|  |TAMS 0x0000000422000000| PB 0x0000000422000000| Untracked |  0
|  50|0x0000000422800000, 0x0000000422800000, 0x0000000423000000|  0%| F|  |TAMS 0x0000000422800000| PB 0x0000000422800000| Untracked |  0
|  51|0x0000000423000000, 0x0000000423000000, 0x0000000423800000|  0%| F|  |TAMS 0x0000000423000000| PB 0x0000000423000000| Untracked |  0
|  52|0x0000000423800000, 0x0000000423800000, 0x0000000424000000|  0%| F|  |TAMS 0x0000000423800000| PB 0x0000000423800000| Untracked |  0
|  53|0x0000000424000000, 0x0000000424000000, 0x0000000424800000|  0%| F|  |TAMS 0x0000000424000000| PB 0x0000000424000000| Untracked |  0
|  54|0x0000000424800000, 0x0000000424800000, 0x0000000425000000|  0%| F|  |TAMS 0x0000000424800000| PB 0x0000000424800000| Untracked |  0
|  55|0x0000000425000000, 0x0000000425000000, 0x0000000425800000|  0%| F|  |TAMS 0x0000000425000000| PB 0x0000000425000000| Untracked |  0
|  56|0x0000000425800000, 0x0000000425800000, 0x0000000426000000|  0%| F|  |TAMS 0x0000000425800000| PB 0x0000000425800000| Untracked |  0
|  57|0x0000000426000000, 0x0000000426000000, 0x0000000426800000|  0%| F|  |TAMS 0x0000000426000000| PB 0x0000000426000000| Untracked |  0
|  58|0x0000000426800000, 0x0000000426800000, 0x0000000427000000|  0%| F|  |TAMS 0x0000000426800000| PB 0x0000000426800000| Untracked |  0
|  59|0x0000000427000000, 0x0000000427000000, 0x0000000427800000|  0%| F|  |TAMS 0x0000000427000000| PB 0x0000000427000000| Untracked |  0
|  60|0x0000000427800000, 0x0000000427800000, 0x0000000428000000|  0%| F|  |TAMS 0x0000000427800000| PB 0x0000000427800000| Untracked |  0
|  61|0x0000000428000000, 0x0000000428000000, 0x0000000428800000|  0%| F|  |TAMS 0x0000000428000000| PB 0x0000000428000000| Untracked |  0
|  62|0x0000000428800000, 0x0000000428800000, 0x0000000429000000|  0%| F|  |TAMS 0x0000000428800000| PB 0x0000000428800000| Untracked |  0
|  63|0x0000000429000000, 0x0000000429000000, 0x0000000429800000|  0%| F|  |TAMS 0x0000000429000000| PB 0x0000000429000000| Untracked |  0
|  64|0x0000000429800000, 0x0000000429800000, 0x000000042a000000|  0%| F|  |TAMS 0x0000000429800000| PB 0x0000000429800000| Untracked |  0
|  65|0x000000042a000000, 0x000000042a000000, 0x000000042a800000|  0%| F|  |TAMS 0x000000042a000000| PB 0x000000042a000000| Untracked |  0
|  66|0x000000042a800000, 0x000000042a800000, 0x000000042b000000|  0%| F|  |TAMS 0x000000042a800000| PB 0x000000042a800000| Untracked |  0
|  67|0x000000042b000000, 0x000000042b000000, 0x000000042b800000|  0%| F|  |TAMS 0x000000042b000000| PB 0x000000042b000000| Untracked |  0
|  68|0x000000042b800000, 0x000000042b800000, 0x000000042c000000|  0%| F|  |TAMS 0x000000042b800000| PB 0x000000042b800000| Untracked |  0
|  69|0x000000042c000000, 0x000000042c000000, 0x000000042c800000|  0%| F|  |TAMS 0x000000042c000000| PB 0x000000042c000000| Untracked |  0
|  70|0x000000042c800000, 0x000000042c800000, 0x000000042d000000|  0%| F|  |TAMS 0x000000042c800000| PB 0x000000042c800000| Untracked |  0
|  71|0x000000042d000000, 0x000000042d000000, 0x000000042d800000|  0%| F|  |TAMS 0x000000042d000000| PB 0x000000042d000000| Untracked |  0
|  72|0x000000042d800000, 0x000000042d800000, 0x000000042e000000|  0%| F|  |TAMS 0x000000042d800000| PB 0x000000042d800000| Untracked |  0
|  73|0x000000042e000000, 0x000000042e000000, 0x000000042e800000|  0%| F|  |TAMS 0x000000042e000000| PB 0x000000042e000000| Untracked |  0
|  74|0x000000042e800000, 0x000000042e800000, 0x000000042f000000|  0%| F|  |TAMS 0x000000042e800000| PB 0x000000042e800000| Untracked |  0
|  75|0x000000042f000000, 0x000000042f000000, 0x000000042f800000|  0%| F|  |TAMS 0x000000042f000000| PB 0x000000042f000000| Untracked |  0
|  76|0x000000042f800000, 0x000000042f800000, 0x0000000430000000|  0%| F|  |TAMS 0x000000042f800000| PB 0x000000042f800000| Untracked |  0
|  77|0x0000000430000000, 0x0000000430000000, 0x0000000430800000|  0%| F|  |TAMS 0x0000000430000000| PB 0x0000000430000000| Untracked |  0
|  78|0x0000000430800000, 0x0000000430800000, 0x0000000431000000|  0%| F|  |TAMS 0x0000000430800000| PB 0x0000000430800000| Untracked |  0
|  79|0x0000000431000000, 0x0000000431000000, 0x0000000431800000|  0%| F|  |TAMS 0x0000000431000000| PB 0x0000000431000000| Untracked |  0
|  80|0x0000000431800000, 0x0000000431800000, 0x0000000432000000|  0%| F|  |TAMS 0x0000000431800000| PB 0x0000000431800000| Untracked |  0
|  81|0x0000000432000000, 0x0000000432000000, 0x0000000432800000|  0%| F|  |TAMS 0x0000000432000000| PB 0x0000000432000000| Untracked |  0
|  82|0x0000000432800000, 0x0000000432800000, 0x0000000433000000|  0%| F|  |TAMS 0x0000000432800000| PB 0x0000000432800000| Untracked |  0
|  83|0x0000000433000000, 0x0000000433000000, 0x0000000433800000|  0%| F|  |TAMS 0x0000000433000000| PB 0x0000000433000000| Untracked |  0
|  84|0x0000000433800000, 0x0000000433800000, 0x0000000434000000|  0%| F|  |TAMS 0x0000000433800000| PB 0x0000000433800000| Untracked |  0
|  85|0x0000000434000000, 0x0000000434000000, 0x0000000434800000|  0%| F|  |TAMS 0x0000000434000000| PB 0x0000000434000000| Untracked |  0
|  86|0x0000000434800000, 0x0000000434800000, 0x0000000435000000|  0%| F|  |TAMS 0x0000000434800000| PB 0x0000000434800000| Untracked |  0
|  87|0x0000000435000000, 0x0000000435000000, 0x0000000435800000|  0%| F|  |TAMS 0x0000000435000000| PB 0x0000000435000000| Untracked |  0
|  88|0x0000000435800000, 0x0000000435800000, 0x0000000436000000|  0%| F|  |TAMS 0x0000000435800000| PB 0x0000000435800000| Untracked |  0
|  89|0x0000000436000000, 0x0000000436000000, 0x0000000436800000|  0%| F|  |TAMS 0x0000000436000000| PB 0x0000000436000000| Untracked |  0
|  90|0x0000000436800000, 0x0000000436800000, 0x0000000437000000|  0%| F|  |TAMS 0x0000000436800000| PB 0x0000000436800000| Untracked |  0
|  91|0x0000000437000000, 0x0000000437000000, 0x0000000437800000|  0%| F|  |TAMS 0x0000000437000000| PB 0x0000000437000000| Untracked |  0
|  92|0x0000000437800000, 0x0000000437800000, 0x0000000438000000|  0%| F|  |TAMS 0x0000000437800000| PB 0x0000000437800000| Untracked |  0
|  93|0x0000000438000000, 0x0000000438000000, 0x0000000438800000|  0%| F|  |TAMS 0x0000000438000000| PB 0x0000000438000000| Untracked |  0
|  94|0x0000000438800000, 0x0000000438800000, 0x0000000439000000|  0%| F|  |TAMS 0x0000000438800000| PB 0x0000000438800000| Untracked |  0
|  95|0x0000000439000000, 0x0000000439000000, 0x0000000439800000|  0%| F|  |TAMS 0x0000000439000000| PB 0x0000000439000000| Untracked |  0
|  96|0x0000000439800000, 0x0000000439800000, 0x000000043a000000|  0%| F|  |TAMS 0x0000000439800000| PB 0x0000000439800000| Untracked |  0
|  97|0x000000043a000000, 0x000000043a000000, 0x000000043a800000|  0%| F|  |TAMS 0x000000043a000000| PB 0x000000043a000000| Untracked |  0
|  98|0x000000043a800000, 0x000000043a800000, 0x000000043b000000|  0%| F|  |TAMS 0x000000043a800000| PB 0x000000043a800000| Untracked |  0
|  99|0x000000043b000000, 0x000000043b000000, 0x000000043b800000|  0%| F|  |TAMS 0x000000043b000000| PB 0x000000043b000000| Untracked |  0
| 100|0x000000043b800000, 0x000000043b800000, 0x000000043c000000|  0%| F|  |TAMS 0x000000043b800000| PB 0x000000043b800000| Untracked |  0
| 101|0x000000043c000000, 0x000000043c000000, 0x000000043c800000|  0%| F|  |TAMS 0x000000043c000000| PB 0x000000043c000000| Untracked |  0
| 102|0x000000043c800000, 0x000000043c800000, 0x000000043d000000|  0%| F|  |TAMS 0x000000043c800000| PB 0x000000043c800000| Untracked |  0
| 103|0x000000043d000000, 0x000000043d000000, 0x000000043d800000|  0%| F|  |TAMS 0x000000043d000000| PB 0x000000043d000000| Untracked |  0
| 104|0x000000043d800000, 0x000000043d800000, 0x000000043e000000|  0%| F|  |TAMS 0x000000043d800000| PB 0x000000043d800000| Untracked |  0
| 105|0x000000043e000000, 0x000000043e000000, 0x000000043e800000|  0%| F|  |TAMS 0x000000043e000000| PB 0x000000043e000000| Untracked |  0
| 106|0x000000043e800000, 0x000000043e800000, 0x000000043f000000|  0%| F|  |TAMS 0x000000043e800000| PB 0x000000043e800000| Untracked |  0
| 107|0x000000043f000000, 0x000000043f000000, 0x000000043f800000|  0%| F|  |TAMS 0x000000043f000000| PB 0x000000043f000000| Untracked |  0
| 108|0x000000043f800000, 0x000000043f800000, 0x0000000440000000|  0%| F|  |TAMS 0x000000043f800000| PB 0x000000043f800000| Untracked |  0
| 109|0x0000000440000000, 0x0000000440000000, 0x0000000440800000|  0%| F|  |TAMS 0x0000000440000000| PB 0x0000000440000000| Untracked |  0
| 110|0x0000000440800000, 0x0000000440be89b0, 0x0000000441000000| 48%| E|  |TAMS 0x0000000440800000| PB 0x0000000440800000| Complete |  0
| 111|0x0000000441000000, 0x0000000441800000, 0x0000000441800000|100%| E|CS|TAMS 0x0000000441000000| PB 0x0000000441000000| Complete |  0
| 112|0x0000000441800000, 0x0000000442000000, 0x0000000442000000|100%| E|CS|TAMS 0x0000000441800000| PB 0x0000000441800000| Complete |  0
| 113|0x0000000442000000, 0x0000000442800000, 0x0000000442800000|100%| E|CS|TAMS 0x0000000442000000| PB 0x0000000442000000| Complete |  0
| 114|0x0000000442800000, 0x0000000443000000, 0x0000000443000000|100%| E|CS|TAMS 0x0000000442800000| PB 0x0000000442800000| Complete |  0
| 115|0x0000000443000000, 0x0000000443800000, 0x0000000443800000|100%| E|CS|TAMS 0x0000000443000000| PB 0x0000000443000000| Complete |  0
| 116|0x0000000443800000, 0x0000000444000000, 0x0000000444000000|100%| E|CS|TAMS 0x0000000443800000| PB 0x0000000443800000| Complete |  0
| 117|0x0000000444000000, 0x0000000444800000, 0x0000000444800000|100%| E|CS|TAMS 0x0000000444000000| PB 0x0000000444000000| Complete |  0
| 118|0x0000000444800000, 0x0000000445000000, 0x0000000445000000|100%| E|CS|TAMS 0x0000000444800000| PB 0x0000000444800000| Complete |  0
| 119|0x0000000445000000, 0x0000000445800000, 0x0000000445800000|100%| E|CS|TAMS 0x0000000445000000| PB 0x0000000445000000| Complete |  0
| 120|0x0000000445800000, 0x0000000445a7daf8, 0x0000000446000000| 31%| S|CS|TAMS 0x0000000445800000| PB 0x0000000445800000| Complete |  0
| 121|0x0000000446000000, 0x0000000446800000, 0x0000000446800000|100%| E|CS|TAMS 0x0000000446000000| PB 0x0000000446000000| Complete |  0
| 122|0x0000000446800000, 0x0000000447000000, 0x0000000447000000|100%| E|CS|TAMS 0x0000000446800000| PB 0x0000000446800000| Complete |  0
| 123|0x0000000447000000, 0x0000000447800000, 0x0000000447800000|100%| E|CS|TAMS 0x0000000447000000| PB 0x0000000447000000| Complete |  0
| 124|0x0000000447800000, 0x0000000448000000, 0x0000000448000000|100%| E|CS|TAMS 0x0000000447800000| PB 0x0000000447800000| Complete |  0
| 125|0x0000000448000000, 0x0000000448800000, 0x0000000448800000|100%| E|CS|TAMS 0x0000000448000000| PB 0x0000000448000000| Complete |  0
| 126|0x0000000448800000, 0x0000000449000000, 0x0000000449000000|100%| E|CS|TAMS 0x0000000448800000| PB 0x0000000448800000| Complete |  0
|2028|0x00000007ff800000, 0x00000007ff91d1c0, 0x0000000800000000| 13%| O|  |TAMS 0x00000007ff800000| PB 0x00000007ff800000| Untracked |  0

Card table byte_map: [0x000000001e150000,0x0000000020110000] _byte_map_base: 0x000000001c104000

Marking Bits: (CMBitMap*) 0x0000000002a6f980
 Bits: [0x0000000020110000, 0x000000002feb0000)

Polling page: 0x0000000000a50000

Metaspace:

Usage:
  Non-class:     11.70 MB used.
      Class:      1.18 MB used.
       Both:     12.89 MB used.

Virtual space:
  Non-class space:       64.00 MB reserved,      11.88 MB ( 19%) committed,  1 nodes.
      Class space:        1.00 GB reserved,       1.25 MB ( <1%) committed,  1 nodes.
             Both:        1.06 GB reserved,      13.12 MB (  1%) committed. 

Chunk freelists:
   Non-Class:  4.18 MB
       Class:  14.64 MB
        Both:  18.82 MB

MaxMetaspaceSize: unlimited
CompressedClassSpaceSize: 1.00 GB
Initial GC threshold: 21.00 MB
Current GC threshold: 21.00 MB
CDS: on
 - commit_granule_bytes: 65536.
 - commit_granule_words: 8192.
 - virtual_space_node_default_size: 8388608.
 - enlarge_chunks_in_place: 1.
UseCompressedClassPointers 1, UseCompactObjectHeaders 0
Narrow klass pointer bits 32, Max shift 3
Narrow klass base: 0x0000000034000000, Narrow klass shift: 0
Encoding Range: [0x0000000034000000 - 0x0000000134000000), (4294967296 bytes)
Klass Range:    [0x0000000034000000 - 0x0000000075000000), (1090519040 bytes)
Klass ID Range:  [8 - 1090519033) (1090519025)


Internal statistics:

num_allocs_failed_limit: 0.
num_arena_births: 138.
num_arena_deaths: 0.
num_vsnodes_births: 2.
num_vsnodes_deaths: 0.
num_space_committed: 210.
num_space_uncommitted: 0.
num_chunks_returned_to_freelist: 0.
num_chunks_taken_from_freelist: 316.
num_chunk_merges: 0.
num_chunk_splits: 185.
num_chunks_enlarged: 111.
num_inconsistent_stats: 0.

CodeHeap 'non-profiled nmethods': size=119232Kb used=963Kb max_used=963Kb free=118268Kb
 bounds [0x0000000013a00000, 0x0000000013c70000, 0x000000001ae70000]
CodeHeap 'profiled nmethods': size=119104Kb used=3377Kb max_used=3377Kb free=115726Kb
 bounds [0x000000000be70000, 0x000000000c1c0000, 0x00000000132c0000]
CodeHeap 'non-nmethods': size=7424Kb used=1466Kb max_used=3193Kb free=5957Kb
 bounds [0x00000000132c0000, 0x00000000135f0000, 0x0000000013a00000]
CodeCache: size=245760Kb, used=5806Kb, max_used=7533Kb, free=239951Kb
 total_blobs=2728, nmethods=2162, adapters=471, full_count=0
Compilation: enabled, stopped_count=0, restarted_count=0

Compilation events (20 events):
Event: 22122.071 Thread 0x00000000337260d0 nmethod 2152 0x0000000013aefe88 code [0x0000000013aeff80, 0x0000000013af0048]
Event: 22122.083 Thread 0x00000000336f0600 nmethod 2148 0x0000000013af0188 code [0x0000000013af0280, 0x0000000013af0390]
Event: 22122.168 Thread 0x00000000337260d0 2153       3       java.lang.invoke.DirectMethodHandle$Holder::invokeStatic (15 bytes)
Event: 22122.168 Thread 0x00000000337260d0 nmethod 2153 0x000000000c1b6788 code [0x000000000c1b68c0, 0x000000000c1b6e18]
Event: 22122.168 Thread 0x00000000337260d0 2154       3       java.lang.StringConcatHelper::simpleConcat (48 bytes)
Event: 22122.169 Thread 0x00000000337260d0 nmethod 2154 0x000000000c1b6e88 code [0x000000000c1b7100, 0x000000000c1b8888]
Event: 22122.306 Thread 0x00000000337260d0 2155       3       java.lang.invoke.MethodHandleNatives::refKindHasReceiver (33 bytes)
Event: 22122.306 Thread 0x00000000337260d0 nmethod 2155 0x000000000c1b8908 code [0x000000000c1b8a20, 0x000000000c1b8b68]
Event: 22122.314 Thread 0x00000000337260d0 2158       3       java.lang.invoke.MemberName$Factory::resolveOrNull (54 bytes)
Event: 22122.315 Thread 0x00000000337260d0 nmethod 2158 0x000000000c1b8c08 code [0x000000000c1b8d40, 0x000000000c1b9098]
Event: 22122.320 Thread 0x00000000337260d0 2160       3       java.nio.ByteOrder::nativeOrder (4 bytes)
Event: 22122.320 Thread 0x00000000337260d0 nmethod 2160 0x000000000c1b9108 code [0x000000000c1b9220, 0x000000000c1b9310]
Event: 22122.589 Thread 0x00000000337260d0 2161   !   3       com.intellij.rt.debugger.agent.CaptureAgent$CaptureTransformer::transform (111 bytes)
Event: 22122.591 Thread 0x00000000337260d0 nmethod 2161 0x000000000c1b9408 code [0x000000000c1b96e0, 0x000000000c1baf68]
Event: 22605.577 Thread 0x00000000337260d0 2162       3       java.util.concurrent.locks.AbstractQueuedSynchronizer::signalNext (34 bytes)
Event: 22605.578 Thread 0x00000000337260d0 nmethod 2162 0x000000000c1bb088 code [0x000000000c1bb240, 0x000000000c1bbc18]
Event: 25609.364 Thread 0x00000000337260d0 2163       3       sun.awt.AWTAutoShutdown::getInstance (4 bytes)
Event: 25609.364 Thread 0x00000000337260d0 nmethod 2163 0x000000000c1bbc88 code [0x000000000c1bbda0, 0x000000000c1bbe90]
Event: 25873.804 Thread 0x00000000337260d0 2164       3       sun.awt.AWTAutoShutdown::isReadyToShutdown (37 bytes)
Event: 25873.804 Thread 0x00000000337260d0 nmethod 2164 0x000000000c1bbf88 code [0x000000000c1bc0c0, 0x000000000c1bc410]

GC Heap History (2 events):
Event: 44.753 GC heap before
{Heap before GC invocations=0 (full 0):
 garbage-first heap   total reserved 16621568K, committed 1048576K, used 50292K [0x0000000409800000, 0x0000000800000000)
  region size 8192K, 6 young (49152K), 0 survivors (0K)
 Metaspace       used 10586K, committed 10752K, reserved 1114112K
  class space    used 1040K, committed 1152K, reserved 1048576K
}
Event: 44.757 GC heap after
{Heap after GC invocations=1 (full 0):
 garbage-first heap   total reserved 16621568K, committed 1048576K, used 3691K [0x0000000409800000, 0x0000000800000000)
  region size 8192K, 1 young (8192K), 1 survivors (8192K)
 Metaspace       used 10586K, committed 10752K, reserved 1114112K
  class space    used 1040K, committed 1152K, reserved 1048576K
}

Dll operation events (11 events):
Event: 0.008 Loaded shared library C:\Program Files\Java\jdk-24\bin\java.dll
Event: 0.009 Loaded shared library C:\Program Files\Java\jdk-24\bin\zip.dll
Event: 0.029 Loaded shared library C:\Program Files\Java\jdk-24\bin\jsvml.dll
Event: 0.059 Loaded shared library C:\Program Files\Java\jdk-24\bin\instrument.dll
Event: 0.087 Loaded shared library C:\Program Files\Java\jdk-24\bin\net.dll
Event: 0.088 Loaded shared library C:\Program Files\Java\jdk-24\bin\nio.dll
Event: 0.093 Loaded shared library C:\Program Files\Java\jdk-24\bin\zip.dll
Event: 0.104 Loaded shared library C:\Program Files\Java\jdk-24\bin\jimage.dll
Event: 0.301 Loaded shared library C:\Program Files\Java\jdk-24\bin\management.dll
Event: 0.301 Loaded shared library C:\Program Files\Java\jdk-24\bin\management_ext.dll
Event: 49.632 Loaded shared library C:\Program Files\Java\jdk-24\bin\awt.dll

Deoptimization events (20 events):
Event: 7168.389 Thread 0x000000000297a870 DEOPT PACKING pc=0x0000000013ad7ea0 sp=0x0000000000e7f040
Event: 7168.389 Thread 0x000000000297a870 DEOPT UNPACKING pc=0x00000000133e9402 sp=0x0000000000e7efc0 mode 2
Event: 7168.389 Thread 0x000000000297a870 Uncommon trap: trap_request=0xffffffbe fr.pc=0x0000000013ad7ea0 relative=0x0000000000000280
Event: 7168.389 Thread 0x000000000297a870 Uncommon trap: reason=profile_predicate action=maybe_recompile pc=0x0000000013ad7ea0 method=java.util.regex.Pattern$Slice.match(Ljava/util/regex/Matcher;ILjava/lang/CharSequence;)Z @ 18 c2
Event: 7168.389 Thread 0x000000000297a870 DEOPT PACKING pc=0x0000000013ad7ea0 sp=0x0000000000e7f040
Event: 7168.389 Thread 0x000000000297a870 DEOPT UNPACKING pc=0x00000000133e9402 sp=0x0000000000e7efc0 mode 2
Event: 7190.015 Thread 0x000000000297a870 Uncommon trap: trap_request=0xffffff4d fr.pc=0x0000000013acfef8 relative=0x0000000000000ad8
Event: 7190.015 Thread 0x000000000297a870 Uncommon trap: reason=unstable_if action=reinterpret pc=0x0000000013acfef8 method=sun.nio.fs.WindowsPath.getPathForWin32Calls(Z)Ljava/lang/String; @ 8 c2
Event: 7190.015 Thread 0x000000000297a870 DEOPT PACKING pc=0x0000000013acfef8 sp=0x0000000000e7f570
Event: 7190.015 Thread 0x000000000297a870 DEOPT UNPACKING pc=0x00000000133e9402 sp=0x0000000000e7f478 mode 2
Event: 7190.015 Thread 0x000000000297a870 DEOPT PACKING pc=0x0000000013ace030 sp=0x0000000000e7f4c0
Event: 7190.015 Thread 0x000000000297a870 DEOPT UNPACKING pc=0x0000000013315722 sp=0x0000000000e7e9c0 mode 1
Event: 7190.016 Thread 0x000000000297a870 Uncommon trap: trap_request=0xffffff76 fr.pc=0x0000000013ad8a8c relative=0x000000000000026c
Event: 7190.016 Thread 0x000000000297a870 Uncommon trap: reason=predicate action=maybe_recompile pc=0x0000000013ad8a8c method=java.util.regex.Pattern$Slice.match(Ljava/util/regex/Matcher;ILjava/lang/CharSequence;)Z @ 18 c2
Event: 7190.016 Thread 0x000000000297a870 DEOPT PACKING pc=0x0000000013ad8a8c sp=0x0000000000e7f0b0
Event: 7190.016 Thread 0x000000000297a870 DEOPT UNPACKING pc=0x00000000133e9402 sp=0x0000000000e7f030 mode 2
Event: 14020.396 Thread 0x000000000297a870 Uncommon trap: trap_request=0xffffff4d fr.pc=0x0000000013adc528 relative=0x00000000000004e8
Event: 14020.396 Thread 0x000000000297a870 Uncommon trap: reason=unstable_if action=reinterpret pc=0x0000000013adc528 method=java.util.regex.Pattern$Slice.match(Ljava/util/regex/Matcher;ILjava/lang/CharSequence;)Z @ 18 c2
Event: 14020.396 Thread 0x000000000297a870 DEOPT PACKING pc=0x0000000013adc528 sp=0x0000000000e7f4c0
Event: 14020.396 Thread 0x000000000297a870 DEOPT UNPACKING pc=0x00000000133e9402 sp=0x0000000000e7f480 mode 2

Classes loaded (20 events):
Event: 22122.592 Loading class java/awt/GraphicsConfiguration done
Event: 22122.592 Loading class sun/awt/Win32GraphicsConfig done
Event: 22122.593 Loading class java/awt/Rectangle
Event: 22122.593 Loading class java/awt/Shape
Event: 22122.593 Loading class java/awt/Shape done
Event: 22122.593 Loading class java/awt/geom/Rectangle2D
Event: 22122.594 Loading class java/awt/geom/RectangularShape
Event: 22122.594 Loading class java/awt/geom/RectangularShape done
Event: 22122.594 Loading class java/awt/geom/Rectangle2D done
Event: 22122.594 Loading class java/awt/Rectangle done
Event: 22122.595 Loading class java/util/WeakHashMap$KeyIterator
Event: 22122.596 Loading class java/util/WeakHashMap$HashIterator
Event: 22122.596 Loading class java/util/WeakHashMap$HashIterator done
Event: 22122.596 Loading class java/util/WeakHashMap$KeyIterator done
Event: 22123.597 Loading class java/awt/MenuComponent
Event: 22123.597 Loading class java/awt/MenuComponent done
Event: 22123.597 Loading class java/awt/TrayIcon
Event: 22123.598 Loading class java/awt/TrayIcon done
Event: 25875.902 Loading class java/util/ArrayList$ListItr
Event: 25875.904 Loading class java/util/ArrayList$ListItr done

Classes unloaded (0 events):
No events

Classes redefined (1 events):
Event: 0.074 Thread 0x00000000336bc990 redefined class name=java.lang.Throwable, count=1

Internal exceptions (20 events):
Event: 7134.177 Thread 0x000000007b27fb40 Implicit null exception at 0x0000000013ac7ec9 to 0x0000000013ac80ac
Event: 7134.178 Thread 0x000000007b27fb40 Implicit null exception at 0x0000000013ac8447 to 0x0000000013ac8618
Event: 7134.178 Thread 0x000000007acfc590 Implicit null exception at 0x0000000013ac8447 to 0x0000000013ac8618
Event: 7134.178 Thread 0x000000007acfe2d0 Implicit null exception at 0x0000000013ac8447 to 0x0000000013ac8618
Event: 7168.390 Thread 0x000000000297a870 Exception <a 'sun/nio/fs/WindowsException'{0x0000000444b088f8}> (0x0000000444b088f8) 
thrown [s\open\src\hotspot\share\prims\jni.cpp, line 518]
Event: 7168.392 Thread 0x000000000297a870 Exception <a 'sun/nio/fs/WindowsException'{0x0000000444b09b70}> (0x0000000444b09b70) 
thrown [s\open\src\hotspot\share\prims\jni.cpp, line 518]
Event: 7190.015 Thread 0x000000000297a870 Exception <a 'sun/nio/fs/WindowsException'{0x0000000444e651f0}> (0x0000000444e651f0) 
thrown [s\open\src\hotspot\share\prims\jni.cpp, line 518]
Event: 7218.802 Thread 0x000000000297a870 Exception <a 'sun/nio/fs/WindowsException'{0x0000000444198ac8}> (0x0000000444198ac8) 
thrown [s\open\src\hotspot\share\prims\jni.cpp, line 518]
Event: 7218.802 Thread 0x000000000297a870 Exception <a 'sun/nio/fs/WindowsException'{0x0000000444199c10}> (0x0000000444199c10) 
thrown [s\open\src\hotspot\share\prims\jni.cpp, line 518]
Event: 7233.572 Thread 0x000000000297a870 Exception <a 'sun/nio/fs/WindowsException'{0x00000004445acbc0}> (0x00000004445acbc0) 
thrown [s\open\src\hotspot\share\prims\jni.cpp, line 518]
Event: 7233.572 Thread 0x000000000297a870 Exception <a 'sun/nio/fs/WindowsException'{0x00000004445add88}> (0x00000004445add88) 
thrown [s\open\src\hotspot\share\prims\jni.cpp, line 518]
Event: 14187.655 Thread 0x000000000297a870 Exception <a 'sun/nio/fs/WindowsException'{0x0000000443cdf180}> (0x0000000443cdf180) 
thrown [s\open\src\hotspot\share\prims\jni.cpp, line 518]
Event: 14187.656 Thread 0x000000000297a870 Exception <a 'sun/nio/fs/WindowsException'{0x0000000443ce0418}> (0x0000000443ce0418) 
thrown [s\open\src\hotspot\share\prims\jni.cpp, line 518]
Event: 14199.807 Thread 0x000000000297a870 Exception <a 'sun/nio/fs/WindowsException'{0x00000004430f37a8}> (0x00000004430f37a8) 
thrown [s\open\src\hotspot\share\prims\jni.cpp, line 518]
Event: 14199.807 Thread 0x000000000297a870 Exception <a 'sun/nio/fs/WindowsException'{0x00000004430f4980}> (0x00000004430f4980) 
thrown [s\open\src\hotspot\share\prims\jni.cpp, line 518]
Event: 22122.311 Thread 0x000000007acfbe40 Exception <a 'java/lang/NoSuchMethodError'{0x0000000442004028}: 'int java.lang.invoke.DirectMethodHandle$Holder.invokeStaticInit(java.lang.Object, int)'> (0x0000000442004028) 
thrown [s\open\src\hotspot\share\interpreter\linkResolver.cpp, line 805]
Event: 22122.315 Thread 0x000000007acfbe40 Exception <a 'java/lang/NoSuchMethodError'{0x0000000442014a88}: 'long java.lang.invoke.DirectMethodHandle$Holder.invokeStatic(java.lang.Object, java.lang.Object)'> (0x0000000442014a88) 
thrown [s\open\src\hotspot\share\interpreter\linkResolver.cpp, line 805]
Event: 22122.315 Thread 0x000000007acfbe40 Exception <a 'java/lang/NoSuchMethodError'{0x000000044201cb08}: 'long java.lang.invoke.DirectMethodHandle$Holder.invokeStaticInit(java.lang.Object, java.lang.Object)'> (0x000000044201cb08) 
thrown [s\open\src\hotspot\share\interpreter\linkResolver.cpp, line 805]
Event: 22122.316 Thread 0x000000007acfbe40 Exception <a 'java/lang/NoSuchMethodError'{0x0000000442027e28}: 'java.lang.Object java.lang.invoke.DirectMethodHandle$Holder.invokeStatic(java.lang.Object, long)'> (0x0000000442027e28) 
thrown [s\open\src\hotspot\share\interpreter\linkResolver.cpp, line 805]
Event: 22122.316 Thread 0x000000007acfbe40 Exception <a 'java/lang/NoSuchMethodError'{0x000000044202fea8}: 'java.lang.Object java.lang.invoke.DirectMethodHandle$Holder.invokeStaticInit(java.lang.Object, long)'> (0x000000044202fea8) 
thrown [s\open\src\hotspot\share\interpreter\linkResolver.cpp, line 805]

VM Operations (20 events):
Event: 24409.575 Executing VM operation: RendezvousGCThreads
Event: 24409.575 Executing VM operation: RendezvousGCThreads done
Event: 25130.861 Executing VM operation: HandshakeAllThreads (HandshakeForDeflation)
Event: 25130.861 Executing VM operation: HandshakeAllThreads (HandshakeForDeflation) done
Event: 25130.861 Executing VM operation: RendezvousGCThreads
Event: 25130.861 Executing VM operation: RendezvousGCThreads done
Event: 25190.976 Executing VM operation: HandshakeAllThreads (HandshakeForDeflation)
Event: 25190.976 Executing VM operation: HandshakeAllThreads (HandshakeForDeflation) done
Event: 25190.976 Executing VM operation: RendezvousGCThreads
Event: 25190.976 Executing VM operation: RendezvousGCThreads done
Event: 25491.527 Executing VM operation: HandshakeAllThreads (HandshakeForDeflation)
Event: 25491.527 Executing VM operation: HandshakeAllThreads (HandshakeForDeflation) done
Event: 25491.527 Executing VM operation: RendezvousGCThreads
Event: 25491.527 Executing VM operation: RendezvousGCThreads done
Event: 25611.725 Executing VM operation: HandshakeAllThreads (HandshakeForDeflation)
Event: 25611.726 Executing VM operation: HandshakeAllThreads (HandshakeForDeflation) done
Event: 25611.726 Executing VM operation: RendezvousGCThreads
Event: 25611.726 Executing VM operation: RendezvousGCThreads done
Event: 25875.906 Executing VM operation: HandshakeAllThreads (Deoptimize)
Event: 25875.907 Executing VM operation: HandshakeAllThreads (Deoptimize) done

Memory protections (0 events):
No events

Nmethod flushes (0 events):
No events

Events (20 events):
Event: 25106.165 Thread 0x000000007b6d5ef0 Thread added: 0x000000007acfd430
Event: 25107.179 Thread 0x000000007acfd430 Thread exited: 0x000000007acfd430
Event: 25137.047 Thread 0x000000007b6d5ef0 Thread added: 0x000000007acfd430
Event: 25138.468 Thread 0x000000007acfd430 Thread exited: 0x000000007acfd430
Event: 25434.763 Thread 0x000000007b6d5ef0 Thread added: 0x000000007acfbe40
Event: 25435.773 Thread 0x000000007acfbe40 Thread exited: 0x000000007acfbe40
Event: 25468.806 Thread 0x000000007b6d5ef0 Thread added: 0x000000007acfcce0
Event: 25469.817 Thread 0x000000007acfcce0 Thread exited: 0x000000007acfcce0
Event: 25575.495 Thread 0x000000007b6d5ef0 Thread added: 0x000000007acfbe40
Event: 25576.505 Thread 0x000000007acfbe40 Thread exited: 0x000000007acfbe40
Event: 25584.299 Thread 0x000000007b6d5ef0 Thread added: 0x000000007acfbe40
Event: 25585.312 Thread 0x000000007acfbe40 Thread exited: 0x000000007acfbe40
Event: 25608.334 Thread 0x000000007b6d5ef0 Thread added: 0x000000007acfbe40
Event: 25609.364 Thread 0x000000007acfbe40 Thread exited: 0x000000007acfbe40
Event: 25871.605 Thread 0x000000007b6d5ef0 Thread added: 0x000000007acfbe40
Event: 25872.595 Thread 0x000000007b6d5ef0 Thread added: 0x000000007ad00010
Event: 25874.819 Thread 0x000000007acfbe40 Thread exited: 0x000000007acfbe40
Event: 25874.819 Thread 0x000000007ad00010 Thread exited: 0x000000007ad00010
Event: 25875.888 Thread 0x000000007b6d5ef0 Thread added: 0x000000007acfbe40
Event: 25875.901 Thread 0x000000007b6d5ef0 Thread added: 0x000000007ad00010


Dynamic libraries:
0x00007ff76a820000 - 0x00007ff76a830000 	C:\Program Files\Java\jdk-24\bin\java.exe
0x00007ffdf04e0000 - 0x00007ffdf0749000 	C:\windows\SYSTEM32\ntdll.dll
0x00007ffdef760000 - 0x00007ffdef829000 	C:\windows\System32\KERNEL32.DLL
0x00007ffded900000 - 0x00007ffdedcf3000 	C:\windows\System32\KERNELBASE.dll
0x00007ffde9d30000 - 0x00007ffde9dce000 	C:\windows\SYSTEM32\apphelp.dll
0x00007ffdede40000 - 0x00007ffdedf8b000 	C:\windows\System32\ucrtbase.dll
0x00007ffde7890000 - 0x00007ffde78a6000 	C:\Program Files\Java\jdk-24\bin\jli.dll
0x00007ffdcacd0000 - 0x00007ffdcaceb000 	C:\Program Files\Java\jdk-24\bin\VCRUNTIME140.dll
0x00007ffdef420000 - 0x00007ffdef5e4000 	C:\windows\System32\USER32.dll
0x00007ffdedf90000 - 0x00007ffdedfb7000 	C:\windows\System32\win32u.dll
0x00007ffdcd390000 - 0x00007ffdcd623000 	C:\windows\WinSxS\amd64_microsoft.windows.common-controls_6595b64144ccf1df_6.0.26100.5074_none_3e0d6f78e32fd63f\COMCTL32.dll
0x00007ffdf01e0000 - 0x00007ffdf020b000 	C:\windows\System32\GDI32.dll
0x00007ffdef5f0000 - 0x00007ffdef699000 	C:\windows\System32\msvcrt.dll
0x00007ffded730000 - 0x00007ffded85d000 	C:\windows\System32\gdi32full.dll
0x00007ffdedd90000 - 0x00007ffdede33000 	C:\windows\System32\msvcp_win.dll
0x00007ffdf0410000 - 0x00007ffdf043f000 	C:\windows\System32\IMM32.DLL
0x00007ffde8610000 - 0x00007ffde861c000 	C:\Program Files\Java\jdk-24\bin\vcruntime140_1.dll
0x00007ffd727b0000 - 0x00007ffd7283e000 	C:\Program Files\Java\jdk-24\bin\msvcp140.dll
0x00007ffceb3f0000 - 0x00007ffcec192000 	C:\Program Files\Java\jdk-24\bin\server\jvm.dll
0x00007ffdef6a0000 - 0x00007ffdef754000 	C:\windows\System32\ADVAPI32.dll
0x00007ffdee490000 - 0x00007ffdee536000 	C:\windows\System32\sechost.dll
0x00007ffdeef00000 - 0x00007ffdef018000 	C:\windows\System32\RPCRT4.dll
0x00007ffdef3a0000 - 0x00007ffdef414000 	C:\windows\System32\WS2_32.dll
0x00007ffdec270000 - 0x00007ffdec2ce000 	C:\windows\SYSTEM32\POWRPROF.dll
0x00007ffdea260000 - 0x00007ffdea295000 	C:\windows\SYSTEM32\WINMM.dll
0x00007ffde4e10000 - 0x00007ffde4e1b000 	C:\windows\SYSTEM32\VERSION.dll
0x00007ffdec250000 - 0x00007ffdec264000 	C:\windows\SYSTEM32\UMPDC.dll
0x00007ffdec490000 - 0x00007ffdec4ab000 	C:\windows\SYSTEM32\kernel.appcore.dll
0x00007ffde7880000 - 0x00007ffde788a000 	C:\Program Files\Java\jdk-24\bin\jimage.dll
0x00007ffdeacf0000 - 0x00007ffdeaf32000 	C:\windows\SYSTEM32\DBGHELP.DLL
0x00007ffdef020000 - 0x00007ffdef39b000 	C:\windows\System32\combase.dll
0x00007ffdf0320000 - 0x00007ffdf03f7000 	C:\windows\System32\OLEAUT32.dll
0x00007ffdc0ad0000 - 0x00007ffdc0b0d000 	C:\windows\SYSTEM32\dbgcore.DLL
0x00007ffded860000 - 0x00007ffded8f9000 	C:\windows\System32\bcryptPrimitives.dll
0x00007ffdc9220000 - 0x00007ffdc925c000 	C:\Program Files\Java\jdk-24\bin\jdwp.dll
0x00007ffde7850000 - 0x00007ffde785f000 	C:\Program Files\Java\jdk-24\bin\instrument.dll
0x00007ffdc09e0000 - 0x00007ffdc09fe000 	C:\Program Files\Java\jdk-24\bin\java.dll
0x00007ffdeed60000 - 0x00007ffdeeef8000 	C:\windows\System32\ole32.dll
0x00007ffdef830000 - 0x00007ffdeff7d000 	C:\windows\System32\SHELL32.dll
0x00007ffdedfc0000 - 0x00007ffdee12c000 	C:\windows\System32\wintypes.dll
0x00007ffd64b60000 - 0x00007ffd64d71000 	C:\Users\tachi\AppData\Local\Temp\idea_libasyncProfiler_dll_temp_folder10\libasyncProfiler.dll
0x00007ffdbdc50000 - 0x00007ffdbdc67000 	C:\Program Files\Java\jdk-24\bin\zip.dll
0x00007ffdeb2b0000 - 0x00007ffdebb09000 	C:\windows\SYSTEM32\windows.storage.dll
0x00007ffdf00e0000 - 0x00007ffdf01d0000 	C:\windows\System32\SHCORE.dll
0x00007ffdf02b0000 - 0x00007ffdf0312000 	C:\windows\System32\shlwapi.dll
0x00007ffded590000 - 0x00007ffded5b9000 	C:\windows\SYSTEM32\profapi.dll
0x00007ffd72470000 - 0x00007ffd72547000 	C:\Program Files\Java\jdk-24\bin\jsvml.dll
0x00007ffde69a0000 - 0x00007ffde69ac000 	C:\Program Files\Java\jdk-24\bin\dt_socket.dll
0x00007ffdebef0000 - 0x00007ffdebf24000 	C:\windows\SYSTEM32\IPHLPAPI.DLL
0x00007ffdeca90000 - 0x00007ffdecafb000 	C:\windows\system32\mswsock.dll
0x00007ffde7500000 - 0x00007ffde7510000 	C:\Program Files\Java\jdk-24\bin\net.dll
0x00007ffdba2f0000 - 0x00007ffdba306000 	C:\Program Files\Java\jdk-24\bin\nio.dll
0x00007ffdd9e50000 - 0x00007ffdd9e5a000 	C:\Program Files\Java\jdk-24\bin\management.dll
0x00007ffdd9590000 - 0x00007ffdd959b000 	C:\Program Files\Java\jdk-24\bin\management_ext.dll
0x00007ffdf0400000 - 0x00007ffdf0408000 	C:\windows\System32\PSAPI.DLL
0x00007ffd54fe0000 - 0x00007ffd5515f000 	C:\Program Files\Java\jdk-24\bin\awt.dll
0x00007ffde9f30000 - 0x00007ffde9fd8000 	C:\windows\system32\uxtheme.dll
0x00007ffdeec00000 - 0x00007ffdeed58000 	C:\windows\System32\MSCTF.dll
0x00007ffde9e00000 - 0x00007ffde9e2a000 	C:\windows\system32\Wtsapi32.dll
0x00007ffdee130000 - 0x00007ffdee2a7000 	C:\windows\System32\CRYPT32.dll
0x00007ffdec7d0000 - 0x00007ffdec819000 	C:\windows\SYSTEM32\SspiCli.dll
0x00007ffdebdd0000 - 0x00007ffdebe33000 	C:\windows\SYSTEM32\WINSTA.dll
0x00007ffde7720000 - 0x00007ffde7824000 	C:\windows\SYSTEM32\PROPSYS.dll
0x00007ffdcaa90000 - 0x00007ffdcac6f000 	C:\windows\SYSTEM32\urlmon.dll
0x00007ffdca7c0000 - 0x00007ffdcaa84000 	C:\windows\SYSTEM32\iertutil.dll
0x00007ffdebe60000 - 0x00007ffdebe6d000 	C:\windows\SYSTEM32\netutils.dll
0x00007ffdccce0000 - 0x00007ffdccd09000 	C:\windows\SYSTEM32\srvcli.dll
0x00007ffdeff90000 - 0x00007ffdf0041000 	C:\windows\System32\clbcatq.dll
0x00007ffdbbcf0000 - 0x00007ffdbbd0f000 	C:\Windows\System32\Windows.Shell.ServiceHostBuilder.dll
0x00007ffddfa70000 - 0x00007ffde00bc000 	C:\Windows\System32\OneCoreUAPCommonProxyStub.dll
0x00007ffdbc240000 - 0x00007ffdbc3b9000 	C:\Windows\System32\Windows.System.Launcher.dll
0x00007ffdd51d0000 - 0x00007ffdd51ea000 	C:\windows\SYSTEM32\windows.staterepositorycore.dll
0x00007ffd76a40000 - 0x00007ffd76a87000 	C:\windows\SYSTEM32\msIso.dll
0x00007ffde9de0000 - 0x00007ffde9ded000 	C:\windows\SYSTEM32\Secur32.dll
0x00007ffde55d0000 - 0x00007ffde5614000 	C:\windows\SYSTEM32\MLANG.dll
0x00007ffdcb100000 - 0x00007ffdcb389000 	C:\windows\SYSTEM32\WININET.dll
0x00007ffdc08f0000 - 0x00007ffdc09b4000 	C:\Windows\System32\Windows.StateRepositoryPS.dll
0x00007ffdcd9d0000 - 0x00007ffdcda17000 	C:\windows\SYSTEM32\windows.staterepositoryclient.dll
0x00007ffdc0b10000 - 0x00007ffdc0c27000 	C:\windows\SYSTEM32\mrmcorer.dll
0x00007ffdb3470000 - 0x00007ffdb34a4000 	C:\windows\SYSTEM32\bcp47mrm.dll
0x00007ffdd0220000 - 0x00007ffdd0370000 	C:\Windows\System32\Windows.UI.dll
0x00007ffded560000 - 0x00007ffded586000 	C:\windows\SYSTEM32\bcrypt.dll
0x00007ffdc0aa0000 - 0x00007ffdc0ac9000 	C:\windows\SYSTEM32\edputil.dll
0x00007ffded320000 - 0x00007ffded377000 	C:\windows\SYSTEM32\CFGMGR32.dll
0x00007ffdea190000 - 0x00007ffdea1bb000 	C:\windows\system32\DWMAPI.DLL
0x00007ffce15a0000 - 0x00007ffce16ac000 	C:\windows\system32\opengl32.dll
0x00007ffce1570000 - 0x00007ffce159d000 	C:\windows\SYSTEM32\GLU32.dll
0x00007ffdea6f0000 - 0x00007ffdea734000 	C:\windows\SYSTEM32\dxcore.dll
0x00007ffdecec0000 - 0x00007ffdeced3000 	C:\windows\SYSTEM32\msasn1.dll
0x00007ffde4830000 - 0x00007ffde486b000 	C:\windows\SYSTEM32\cryptnet.dll
0x00007ffdeccc0000 - 0x00007ffdecccc000 	C:\windows\SYSTEM32\cryptbase.dll
0x00007ffdecd60000 - 0x00007ffdecdc4000 	C:\windows\SYSTEM32\wldp.dll
0x00007ffde46b0000 - 0x00007ffde4825000 	C:\windows\SYSTEM32\drvstore.dll
0x00007ffded2f0000 - 0x00007ffded31d000 	C:\windows\SYSTEM32\devobj.dll
0x00007ffdedd00000 - 0x00007ffdedd7e000 	C:\windows\System32\wintrust.dll
0x00007ffdeeb40000 - 0x00007ffdeeb60000 	C:\windows\System32\imagehlp.dll
0x00007ffdece60000 - 0x00007ffdece7b000 	C:\windows\SYSTEM32\CRYPTSP.dll
0x00007ffdec4b0000 - 0x00007ffdec4eb000 	C:\windows\system32\rsaenh.dll
0x00007ffda5610000 - 0x00007ffda5924000 	C:\windows\system32\nvspcap64.dll
0x00007ffdec650000 - 0x00007ffdec686000 	C:\windows\SYSTEM32\ntmarta.dll
0x00007ffdecb00000 - 0x00007ffdecb27000 	C:\windows\SYSTEM32\gpapi.dll
0x00007ffdb6a90000 - 0x00007ffdb6c47000 	C:\windows\System32\DriverStore\FileRepository\nvhdci.inf_amd64_03cf49487dd4de2a\nvppex.dll

JVMTI agents:
jdwp path:C:\Program Files\Java\jdk-24\bin\jdwp.dll, loaded, initialized, options:transport=dt_socket,address=127.0.0.1:7901,suspend=y,server=n
C:\Users\tachi\AppData\Local\JetBrains\IdeaIC2025.2\captureAgent\debugger-agent.jar path:C:\Program Files\Java\jdk-24\bin\instrument.dll, loaded, initialized, instrumentlib options:file:///C:/Users/tachi/AppData/Local/Temp/capture8109183849207145730.props
C:\Users\tachi\AppData\Local\Temp\idea_libasyncProfiler_dll_temp_folder10\libasyncProfiler.dll path:C:\Users\tachi\AppData\Local\Temp\idea_libasyncProfiler_dll_temp_folder10\libasyncProfiler.dll, loaded, initialized, options:version,jfr,event=wall,interval=10ms,cstack=no,file=C:\Users\tachi\IdeaSnapshots\OneButtonApplication_2025_08_31_115645.jfr,dbghelppath=C:\Users\tachi\AppData\Local\Temp\idea_dbghelp_dll_temp_folder2\dbghelp.dll,log=C:\Users\tachi\AppData\Local\Temp\OneButtonApplication_2025_08_31_115645.jfr.log.txt,logLevel=DEBUG

dbghelp: loaded successfully - version: 4.0.5 - missing functions: none
symbol engine: initialized successfully - sym options: 0x614 - pdb path: .;C:\Program Files\Java\jdk-24\bin;C:\windows\SYSTEM32;C:\windows\WinSxS\amd64_microsoft.windows.common-controls_6595b64144ccf1df_6.0.26100.5074_none_3e0d6f78e32fd63f;C:\Program Files\Java\jdk-24\bin\server;C:\Users\tachi\AppData\Local\Temp\idea_libasyncProfiler_dll_temp_folder10;C:\windows\System32\DriverStore\FileRepository\nvhdci.inf_amd64_03cf49487dd4de2a

VM Arguments:
jvm_args: -agentlib:jdwp=transport=dt_socket,address=127.0.0.1:7901,suspend=y,server=n -javaagent:C:\Users\tachi\AppData\Local\JetBrains\IdeaIC2025.2\captureAgent\debugger-agent.jar=file:///C:/Users/tachi/AppData/Local/Temp/capture8109183849207145730.props -agentpath:C:\Users\tachi\AppData\Local\Temp\idea_libasyncProfiler_dll_temp_folder10\libasyncProfiler.dll=version,jfr,event=wall,interval=10ms,cstack=no,file=C:\Users\tachi\IdeaSnapshots\OneButtonApplication_2025_08_31_115645.jfr,dbghelppath=C:\Users\tachi\AppData\Local\Temp\idea_dbghelp_dll_temp_folder2\dbghelp.dll,log=C:\Users\tachi\AppData\Local\Temp\OneButtonApplication_2025_08_31_115645.jfr.log.txt,logLevel=DEBUG -Dkotlinx.coroutines.debug.enable.creation.stack.trace=false -Ddebugger.agent.enable.coroutines=true -Dkotlinx.coroutines.debug.enable.flows.stack.trace=true -Dkotlinx.coroutines.debug.enable.mutable.state.flows.stack.trace=true -Dfile.encoding=UTF-8 -Dsun.stdout.encoding=UTF-8 -Dsun.stderr.encoding=UTF-8 
java_command: org.jacob.obfo.starter.OneButtonApplication
java_class_path (initial): D:\Coding\github-proj\kotohiko\obio\obio-starter\target\classes;D:\Coding\github-proj\kotohiko\obio\obio-core\target\classes;D:\Coding\github-proj\kotohiko\obio\obio-common\target\classes;D:\Coding\github-proj\kotohiko\obio\obio-ifp\target\classes;D:\Coding\MavenRepo\org\yaml\snakeyaml\2.2\snakeyaml-2.2.jar;D:\Coding\MavenRepo\org\slf4j\slf4j-api\2.0.12\slf4j-api-2.0.12.jar;D:\Coding\MavenRepo\ch\qos\logback\logback-classic\1.5.13\logback-classic-1.5.13.jar;D:\Coding\MavenRepo\ch\qos\logback\logback-core\1.5.13\logback-core-1.5.13.jar;D:\IntelliJ IDEA Community Edition 2024.3.2.2\lib\idea_rt.jar
Launcher Type: SUN_STANDARD

[Global flags]
     intx CICompilerCount                          = 12                                        {product} {ergonomic}
     uint ConcGCThreads                            = 5                                         {product} {ergonomic}
     uint G1ConcRefinementThreads                  = 18                                        {product} {ergonomic}
   size_t G1HeapRegionSize                         = 8388608                                   {product} {ergonomic}
   size_t InitialHeapSize                          = 1065353216                                {product} {ergonomic}
   size_t MarkStackSize                            = 4194304                                   {product} {ergonomic}
   size_t MarkStackSizeMax                         = 536870912                                 {product} {ergonomic}
   size_t MaxHeapSize                              = 17020485632                               {product} {ergonomic}
   size_t MaxNewSize                               = 10208935936                               {product} {ergonomic}
   size_t MinHeapDeltaBytes                        = 8388608                                   {product} {ergonomic}
   size_t MinHeapSize                              = 8388608                                   {product} {ergonomic}
    uintx NonNMethodCodeHeapSize                   = 7602176                                {pd product} {ergonomic}
    uintx NonProfiledCodeHeapSize                  = 122093568                              {pd product} {ergonomic}
    uintx ProfiledCodeHeapSize                     = 121962496                              {pd product} {ergonomic}
    uintx ReservedCodeCacheSize                    = 251658240                              {pd product} {ergonomic}
     bool SegmentedCodeCache                       = true                                      {product} {ergonomic}
   size_t SoftMaxHeapSize                          = 17020485632                            {manageable} {ergonomic}
     bool UseCompressedOops                        = true                           {product lp64_product} {ergonomic}
     bool UseG1GC                                  = true                                      {product} {ergonomic}
     bool UseLargePagesIndividualAllocation        = false                                  {pd product} {ergonomic}

Logging:
Log output configuration:
 #0: stdout all=warning uptime,level,tags foldmultilines=false
 #1: stderr all=off uptime,level,tags foldmultilines=false

Environment Variables:
PATH=C:\Program Files\Common Files\Oracle\Java\javapath;C:\windows\system32;C:\windows;C:\windows\System32\Wbem;C:\windows\System32\WindowsPowerShell\v1.0\;C:\windows\System32\OpenSSH\;C:\Program Files (x86)\NVIDIA Corporation\PhysX\Common;C:\Users\Administrator\AppData\Local\Microsoft\WindowsApps;C:\ProgramData\HP\LCDDisplayHelper\bin;C:\Program Files\NVIDIA Corporation\NVIDIA app\NvDLISR;D:\Git\cmd;C:\Program Files\dotnet\;D:\TortoiseGit\bin;D:\QQ;C:\Program Files\Google\Chrome\Application;C:\Users\tachi\AppData\Local\Microsoft\WindowsApps;;D:\IntelliJ IDEA Community Edition 2024.3.2.2\bin;;D:\WebStorm 2025.1.1\bin;;D:\CLion 2025.1.1\bin;;D:\PyCharm 2025.1.1.1\bin;
USERNAME=tachi
OS=Windows_NT
PROCESSOR_IDENTIFIER=Intel64 Family 6 Model 198 Stepping 2, GenuineIntel
TMP=C:\Users\tachi\AppData\Local\Temp
TEMP=C:\Users\tachi\AppData\Local\Temp




Periodic native trim disabled

---------------  S Y S T E M  ---------------

OS:
 Windows 11 , 64 bit Build 26100 (10.0.26100.5074)
OS uptime: 0 days 10:16 hours
Hyper-V role detected

CPU: total 24 (initial active 24) (24 cores per cpu, 1 threads per core) family 6 model 198 stepping 2 microcode 0x116, cx8, cmov, fxsr, mmx, 3dnowpref, sse, sse2, sse3, ssse3, sse4.1, sse4.2, popcnt, lzcnt, tsc, tscinvbit, avx, avx2, aes, erms, clmul, bmi1, bmi2, adx, sha, fma, vzeroupper, clflush, clflushopt, clwb, hv, serialize, rdtscp, rdpid, fsrm, gfni, f16c, cet_ibt, cet_ss, avx_ifma, sha512
Processor Information for processor 0
  Max Mhz: 3700, Current Mhz: 3700, Mhz Limit: 3700
Processor Information for processor 1
  Max Mhz: 3700, Current Mhz: 3700, Mhz Limit: 3700
Processor Information for processor 2
  Max Mhz: 3200, Current Mhz: 3200, Mhz Limit: 3200
Processor Information for processor 3
  Max Mhz: 3200, Current Mhz: 3200, Mhz Limit: 3200
Processor Information for processor 4
  Max Mhz: 3200, Current Mhz: 3200, Mhz Limit: 3200
Processor Information for processor 5
  Max Mhz: 3200, Current Mhz: 3200, Mhz Limit: 3200
Processor Information for processor 6
  Max Mhz: 3200, Current Mhz: 3200, Mhz Limit: 3200
Processor Information for processor 7
  Max Mhz: 3200, Current Mhz: 3200, Mhz Limit: 3200
Processor Information for processor 8
  Max Mhz: 3200, Current Mhz: 3200, Mhz Limit: 3200
Processor Information for processor 9
  Max Mhz: 3200, Current Mhz: 3200, Mhz Limit: 3200
Processor Information for processor 10
  Max Mhz: 3700, Current Mhz: 3700, Mhz Limit: 3700
Processor Information for processor 11
  Max Mhz: 3700, Current Mhz: 3700, Mhz Limit: 3700
Processor Information for processor 12
  Max Mhz: 3700, Current Mhz: 3700, Mhz Limit: 3700
Processor Information for processor 13
  Max Mhz: 3700, Current Mhz: 3700, Mhz Limit: 3700
Processor Information for processor 14
  Max Mhz: 3200, Current Mhz: 3200, Mhz Limit: 3200
Processor Information for processor 15
  Max Mhz: 3200, Current Mhz: 3200, Mhz Limit: 3200
Processor Information for processor 16
  Max Mhz: 3200, Current Mhz: 3200, Mhz Limit: 3200
Processor Information for processor 17
  Max Mhz: 3200, Current Mhz: 3200, Mhz Limit: 3200
Processor Information for processor 18
  Max Mhz: 3200, Current Mhz: 3200, Mhz Limit: 3200
Processor Information for processor 19
  Max Mhz: 3200, Current Mhz: 3200, Mhz Limit: 3200
Processor Information for processor 20
  Max Mhz: 3200, Current Mhz: 3200, Mhz Limit: 3200
Processor Information for processor 21
  Max Mhz: 3200, Current Mhz: 3200, Mhz Limit: 3200
Processor Information for processor 22
  Max Mhz: 3700, Current Mhz: 3700, Mhz Limit: 3700
Processor Information for processor 23
  Max Mhz: 3700, Current Mhz: 3700, Mhz Limit: 3700

Memory: 4k page, system-wide physical 64909M (44899M free)
TotalPageFile size 69005M (AvailPageFile size 42209M)
current process WorkingSet (physical memory assigned to process): 50M, peak: 168M
current process commit charge ("private bytes"): 1200M, peak: 1253M

vm_info: Java HotSpot(TM) 64-Bit Server VM (24.0.1+9-30) for windows-amd64 JRE (24.0.1+9-30), built on 2025-03-05T07:23:45Z with MS VC++ 17.6 (VS2022)

END.
