2025-08-01 23:40:33 Thread: [Thread-0] (ID: 40) INFO - New files added: 126296766_p0.jpg; Remaining unclassified images: 981
2025-08-01 23:40:33 Thread: [Thread-0] (ID: 40) INFO - New files added: 133072685_p0.png; Remaining unclassified images: 982
2025-08-01 23:40:33 Thread: [Thread-0] (ID: 40) INFO - New files added: 133072685_p1.png; Remaining unclassified images: 982
2025-08-01 23:40:33 Thread: [Thread-0] (ID: 40) INFO - New files added: 133338891_p0.png; Remaining unclassified images: 982
2025-08-01 23:40:33 Thread: [Thread-0] (ID: 40) INFO - New files added: 133338891_p1.png; Remaining unclassified images: 982
2025-08-01 23:40:33 Thread: [Thread-0] (ID: 40) INFO - New files added: 122584327_p0.png; Remaining unclassified images: 982
2025-08-01 23:40:48 Thread: [ReadAndMovePool-thread-1] (ID: 42) INFO - File(s) has/have been moved; Remaining unclassified images: 981
2025-08-01 23:41:38 Thread: [ReadAndMovePool-thread-1] (ID: 43) INFO - File(s) has/have been moved; Remaining unclassified images: 980
2025-08-01 23:41:50 Thread: [ReadAndMovePool-thread-1] (ID: 61) INFO - File(s) has/have been moved; Remaining unclassified images: 979
2025-08-01 23:50:38 Thread: [ReadAndMovePool-thread-1] (ID: 62) INFO - File(s) has/have been moved; Remaining unclassified images: 976
2025-08-01 23:51:21 Thread: [ReadAndMovePool-thread-1] (ID: 63) INFO - File(s) has/have been moved; Remaining unclassified images: 975
2025-08-01 23:51:36 Thread: [ReadAndMovePool-thread-1] (ID: 64) INFO - File(s) has/have been moved; Remaining unclassified images: 974
2025-08-01 23:52:13 Thread: [ReadAndMovePool-thread-1] (ID: 65) INFO - File(s) has/have been moved; Remaining unclassified images: 971
2025-08-01 23:52:13 Thread: [ReadAndMovePool-thread-2] (ID: 66) INFO - File(s) has/have been moved; Remaining unclassified images: 971
2025-08-01 23:52:13 Thread: [ReadAndMovePool-thread-3] (ID: 67) INFO - File(s) has/have been moved; Remaining unclassified images: 971
2025-08-01 23:53:29 Thread: [ReadAndMovePool-thread-2] (ID: 69) INFO - File(s) has/have been moved; Remaining unclassified images: 953
2025-08-01 23:53:29 Thread: [ReadAndMovePool-thread-1] (ID: 68) INFO - File(s) has/have been moved; Remaining unclassified images: 953
2025-08-01 23:53:29 Thread: [ReadAndMovePool-thread-3] (ID: 70) INFO - File(s) has/have been moved; Remaining unclassified images: 953
2025-08-01 23:53:29 Thread: [ReadAndMovePool-thread-1] (ID: 68) INFO - File(s) has/have been moved; Remaining unclassified images: 953
2025-08-01 23:53:29 Thread: [ReadAndMovePool-thread-2] (ID: 69) INFO - File(s) has/have been moved; Remaining unclassified images: 953
2025-08-01 23:53:29 Thread: [ReadAndMovePool-thread-3] (ID: 70) INFO - File(s) has/have been moved; Remaining unclassified images: 953
2025-08-01 23:53:29 Thread: [ReadAndMovePool-thread-2] (ID: 69) INFO - File(s) has/have been moved; Remaining unclassified images: 953
2025-08-01 23:53:29 Thread: [ReadAndMovePool-thread-1] (ID: 68) INFO - File(s) has/have been moved; Remaining unclassified images: 953
2025-08-01 23:53:29 Thread: [ReadAndMovePool-thread-3] (ID: 70) INFO - File(s) has/have been moved; Remaining unclassified images: 953
2025-08-01 23:53:29 Thread: [ReadAndMovePool-thread-2] (ID: 69) INFO - File(s) has/have been moved; Remaining unclassified images: 953
2025-08-01 23:53:29 Thread: [ReadAndMovePool-thread-3] (ID: 70) INFO - File(s) has/have been moved; Remaining unclassified images: 953
2025-08-01 23:53:29 Thread: [ReadAndMovePool-thread-1] (ID: 68) INFO - File(s) has/have been moved; Remaining unclassified images: 953
2025-08-01 23:53:29 Thread: [ReadAndMovePool-thread-3] (ID: 70) INFO - File(s) has/have been moved; Remaining unclassified images: 953
2025-08-01 23:53:29 Thread: [ReadAndMovePool-thread-2] (ID: 69) INFO - File(s) has/have been moved; Remaining unclassified images: 953
2025-08-01 23:53:29 Thread: [ReadAndMovePool-thread-1] (ID: 68) INFO - File(s) has/have been moved; Remaining unclassified images: 953
2025-08-01 23:53:29 Thread: [ReadAndMovePool-thread-1] (ID: 68) INFO - File(s) has/have been moved; Remaining unclassified images: 953
2025-08-01 23:53:29 Thread: [ReadAndMovePool-thread-3] (ID: 70) INFO - File(s) has/have been moved; Remaining unclassified images: 953
2025-08-01 23:53:29 Thread: [ReadAndMovePool-thread-2] (ID: 69) INFO - File(s) has/have been moved; Remaining unclassified images: 953
2025-08-01 23:55:26 Thread: [ReadAndMovePool-thread-2] (ID: 72) INFO - File(s) has/have been moved; Remaining unclassified images: 945
2025-08-01 23:55:26 Thread: [ReadAndMovePool-thread-1] (ID: 71) INFO - File(s) has/have been moved; Remaining unclassified images: 945
2025-08-01 23:55:26 Thread: [ReadAndMovePool-thread-3] (ID: 73) INFO - File(s) has/have been moved; Remaining unclassified images: 945
2025-08-01 23:55:26 Thread: [ReadAndMovePool-thread-3] (ID: 73) INFO - File(s) has/have been moved; Remaining unclassified images: 945
2025-08-01 23:55:26 Thread: [ReadAndMovePool-thread-2] (ID: 72) INFO - File(s) has/have been moved; Remaining unclassified images: 945
2025-08-01 23:55:26 Thread: [ReadAndMovePool-thread-1] (ID: 71) INFO - File(s) has/have been moved; Remaining unclassified images: 945
2025-08-01 23:55:26 Thread: [ReadAndMovePool-thread-1] (ID: 71) INFO - File(s) has/have been moved; Remaining unclassified images: 945
2025-08-01 23:55:26 Thread: [ReadAndMovePool-thread-2] (ID: 72) INFO - File(s) has/have been moved; Remaining unclassified images: 945
2025-08-01 23:55:49 Thread: [ReadAndMovePool-thread-1] (ID: 74) INFO - File(s) has/have been moved; Remaining unclassified images: 944
2025-08-01 23:57:41 Thread: [ReadAndMovePool-thread-1] (ID: 75) INFO - File(s) has/have been moved; Remaining unclassified images: 942
2025-08-01 23:57:41 Thread: [ReadAndMovePool-thread-2] (ID: 76) INFO - File(s) has/have been moved; Remaining unclassified images: 942
2025-08-02 00:08:19 Thread: [ReadAndMovePool-thread-1] (ID: 77) INFO - File(s) has/have been moved; Remaining unclassified images: 933
2025-08-02 00:08:19 Thread: [ReadAndMovePool-thread-2] (ID: 78) INFO - File(s) has/have been moved; Remaining unclassified images: 933
2025-08-02 00:08:19 Thread: [ReadAndMovePool-thread-3] (ID: 79) INFO - File(s) has/have been moved; Remaining unclassified images: 933
2025-08-02 00:08:19 Thread: [ReadAndMovePool-thread-1] (ID: 77) INFO - File(s) has/have been moved; Remaining unclassified images: 933
2025-08-02 00:08:19 Thread: [ReadAndMovePool-thread-3] (ID: 79) INFO - File(s) has/have been moved; Remaining unclassified images: 933
2025-08-02 00:08:19 Thread: [ReadAndMovePool-thread-2] (ID: 78) INFO - File(s) has/have been moved; Remaining unclassified images: 933
2025-08-02 00:09:25 Thread: [ReadAndMovePool-thread-1] (ID: 80) INFO - File(s) has/have been moved; Remaining unclassified images: 929
2025-08-02 00:09:25 Thread: [ReadAndMovePool-thread-2] (ID: 81) INFO - File(s) has/have been moved; Remaining unclassified images: 929
2025-08-02 00:09:25 Thread: [ReadAndMovePool-thread-3] (ID: 82) INFO - File(s) has/have been moved; Remaining unclassified images: 929
2025-08-02 00:09:25 Thread: [ReadAndMovePool-thread-1] (ID: 80) INFO - File(s) has/have been moved; Remaining unclassified images: 929
2025-08-02 00:09:53 Thread: [ReadAndMovePool-thread-2] (ID: 84) INFO - File(s) has/have been moved; Remaining unclassified images: 925
2025-08-02 00:09:53 Thread: [ReadAndMovePool-thread-1] (ID: 83) INFO - File(s) has/have been moved; Remaining unclassified images: 925
2025-08-02 00:09:53 Thread: [ReadAndMovePool-thread-3] (ID: 85) INFO - File(s) has/have been moved; Remaining unclassified images: 925
2025-08-02 00:09:53 Thread: [ReadAndMovePool-thread-2] (ID: 84) INFO - File(s) has/have been moved; Remaining unclassified images: 925
2025-08-02 00:10:12 Thread: [ReadAndMovePool-thread-1] (ID: 86) INFO - File(s) has/have been moved; Remaining unclassified images: 924
2025-08-02 00:16:38 Thread: [ReadAndMovePool-thread-1] (ID: 87) INFO - File(s) has/have been moved; Remaining unclassified images: 921
2025-08-02 00:16:38 Thread: [ReadAndMovePool-thread-2] (ID: 88) INFO - File(s) has/have been moved; Remaining unclassified images: 921
2025-08-02 00:16:38 Thread: [ReadAndMovePool-thread-3] (ID: 89) INFO - File(s) has/have been moved; Remaining unclassified images: 921
2025-08-02 00:19:39 Thread: [ReadAndMovePool-thread-1] (ID: 90) INFO - File(s) has/have been moved; Remaining unclassified images: 920
2025-08-02 00:20:23 Thread: [ReadAndMovePool-thread-1] (ID: 91) INFO - File(s) has/have been moved; Remaining unclassified images: 916
2025-08-02 00:20:23 Thread: [ReadAndMovePool-thread-2] (ID: 92) INFO - File(s) has/have been moved; Remaining unclassified images: 916
2025-08-02 00:20:23 Thread: [ReadAndMovePool-thread-3] (ID: 93) INFO - File(s) has/have been moved; Remaining unclassified images: 916
2025-08-02 00:20:23 Thread: [ReadAndMovePool-thread-2] (ID: 92) INFO - File(s) has/have been moved; Remaining unclassified images: 916
2025-08-02 00:20:41 Thread: [ReadAndMovePool-thread-3] (ID: 96) INFO - File(s) has/have been moved; Remaining unclassified images: 911
2025-08-02 00:20:41 Thread: [ReadAndMovePool-thread-1] (ID: 94) INFO - File(s) has/have been moved; Remaining unclassified images: 911
2025-08-02 00:20:41 Thread: [ReadAndMovePool-thread-2] (ID: 95) INFO - File(s) has/have been moved; Remaining unclassified images: 911
2025-08-02 00:20:41 Thread: [ReadAndMovePool-thread-2] (ID: 95) INFO - File(s) has/have been moved; Remaining unclassified images: 911
2025-08-02 00:20:41 Thread: [ReadAndMovePool-thread-1] (ID: 94) INFO - File(s) has/have been moved; Remaining unclassified images: 911
2025-08-02 00:21:04 Thread: [ReadAndMovePool-thread-1] (ID: 97) INFO - File(s) has/have been moved; Remaining unclassified images: 909
2025-08-02 00:21:04 Thread: [ReadAndMovePool-thread-2] (ID: 98) INFO - File(s) has/have been moved; Remaining unclassified images: 909
2025-08-02 00:28:42 Thread: [ReadAndMovePool-thread-1] (ID: 99) INFO - File(s) has/have been moved; Remaining unclassified images: 907
2025-08-02 00:28:42 Thread: [ReadAndMovePool-thread-2] (ID: 100) INFO - File(s) has/have been moved; Remaining unclassified images: 907
2025-08-02 00:30:43 Thread: [ReadAndMovePool-thread-2] (ID: 102) INFO - File(s) has/have been moved; Remaining unclassified images: 903
2025-08-02 00:30:43 Thread: [ReadAndMovePool-thread-3] (ID: 103) INFO - File(s) has/have been moved; Remaining unclassified images: 903
2025-08-02 00:30:43 Thread: [ReadAndMovePool-thread-1] (ID: 101) INFO - File(s) has/have been moved; Remaining unclassified images: 903
2025-08-02 00:30:43 Thread: [ReadAndMovePool-thread-3] (ID: 103) INFO - File(s) has/have been moved; Remaining unclassified images: 903
2025-08-02 00:32:06 Thread: [Thread-0] (ID: 40) INFO - New files added: httpsx.comchestnuts_f18status1945808530960961590.jpg; Remaining unclassified images: 903
2025-08-02 08:54:56 Thread: [ReadAndMovePool-thread-1] (ID: 104) INFO - File(s) has/have been moved; Remaining unclassified images: 897
2025-08-02 08:55:04 Thread: [ReadAndMovePool-thread-2] (ID: 106) INFO - File(s) has/have been moved; Remaining unclassified images: 895
2025-08-02 08:55:04 Thread: [ReadAndMovePool-thread-1] (ID: 105) INFO - File(s) has/have been moved; Remaining unclassified images: 895
2025-08-02 08:55:23 Thread: [ReadAndMovePool-thread-1] (ID: 107) INFO - File(s) has/have been moved; Remaining unclassified images: 893
2025-08-02 08:55:23 Thread: [ReadAndMovePool-thread-2] (ID: 108) INFO - File(s) has/have been moved; Remaining unclassified images: 893
2025-08-02 08:56:20 Thread: [ReadAndMovePool-thread-1] (ID: 109) INFO - File(s) has/have been moved; Remaining unclassified images: 892
2025-08-02 08:57:55 Thread: [ReadAndMovePool-thread-1] (ID: 110) INFO - File(s) has/have been moved; Remaining unclassified images: 873
2025-08-02 09:00:07 Thread: [ReadAndMovePool-thread-2] (ID: 112) INFO - File(s) has/have been moved; Remaining unclassified images: 871
2025-08-02 09:00:07 Thread: [ReadAndMovePool-thread-1] (ID: 111) INFO - File(s) has/have been moved; Remaining unclassified images: 871
2025-08-02 09:27:51 Thread: [Thread-0] (ID: 40) INFO - New files added: httpsx.comnocomofstatus1951117001210077622photo1.jpg; Remaining unclassified images: 874
2025-08-02 09:27:51 Thread: [Thread-0] (ID: 40) INFO - New files added: httpsx.comnya_Echostatus1951196572579971522photo1.jpg; Remaining unclassified images: 878
2025-08-02 09:27:51 Thread: [Thread-0] (ID: 40) INFO - New files added: httpsx.comoioioi525status1951243368891294205photo1.jpg; Remaining unclassified images: 878
2025-08-02 09:27:51 Thread: [Thread-0] (ID: 40) INFO - New files added: httpsx.comchestnuts_f18status1950145355359633535photo1.jpg; Remaining unclassified images: 878
2025-08-02 09:27:51 Thread: [Thread-0] (ID: 40) INFO - New files added: httpsx.coms_aku_uustatus1941495833842811268photo1.jpg; Remaining unclassified images: 878
2025-08-02 09:27:51 Thread: [Thread-0] (ID: 40) INFO - New files added: httpsx.coms_aku_uustatus1938921044662001815photo1.jpg; Remaining unclassified images: 878
2025-08-02 09:27:51 Thread: [Thread-0] (ID: 40) INFO - New files added: httpsx.coms_aku_uustatus1802648211158634802photo1.jpg; Remaining unclassified images: 878
2025-08-02 12:20:24 Thread: [ReadAndMovePool-thread-1] (ID: 113) INFO - File(s) has/have been moved; Remaining unclassified images: 878
2025-08-02 12:20:24 Thread: [ReadAndMovePool-thread-2] (ID: 114) INFO - File(s) has/have been moved; Remaining unclassified images: 878
2025-08-02 12:21:04 Thread: [ReadAndMovePool-thread-1] (ID: 115) INFO - File(s) has/have been moved; Remaining unclassified images: 875
2025-08-02 12:21:23 Thread: [ReadAndMovePool-thread-1] (ID: 116) INFO - File(s) has/have been moved; Remaining unclassified images: 874
2025-08-02 12:53:42 Thread: [ReadAndMovePool-thread-1] (ID: 117) INFO - File(s) has/have been moved; Remaining unclassified images: 872
2025-08-02 12:53:42 Thread: [ReadAndMovePool-thread-2] (ID: 118) INFO - File(s) has/have been moved; Remaining unclassified images: 872
2025-08-02 13:28:15 Thread: [ReadAndMovePool-thread-1] (ID: 119) INFO - File(s) has/have been moved; Remaining unclassified images: 871
2025-08-02 17:57:52 Thread: [ReadAndMovePool-thread-2] (ID: 43) INFO - File(s) has/have been moved; Remaining unclassified images: 871
2025-08-02 17:57:52 Thread: [ReadAndMovePool-thread-1] (ID: 42) INFO - File(s) has/have been moved; Remaining unclassified images: 871
2025-08-02 17:57:52 Thread: [ReadAndMovePool-thread-3] (ID: 44) INFO - File(s) has/have been moved; Remaining unclassified images: 871
2025-08-02 17:57:52 Thread: [ReadAndMovePool-thread-1] (ID: 42) INFO - File(s) has/have been moved; Remaining unclassified images: 871
2025-08-02 17:57:52 Thread: [ReadAndMovePool-thread-3] (ID: 44) INFO - File(s) has/have been moved; Remaining unclassified images: 871
2025-08-02 17:57:52 Thread: [ReadAndMovePool-thread-2] (ID: 43) INFO - File(s) has/have been moved; Remaining unclassified images: 871
2025-08-02 21:23:04 Thread: [Thread-0] (ID: 40) INFO - New files added: httpsx.comNanzefustatus1951575122298703920photo1.jpg; Remaining unclassified images: 884
2025-08-02 21:23:04 Thread: [Thread-0] (ID: 40) INFO - New files added: httpsx.comNanzefustatus1951575122298703920photo2.jpg; Remaining unclassified images: 884
2025-08-02 21:23:04 Thread: [Thread-0] (ID: 40) INFO - New files added: httpsx.comNanzefustatus1951575122298703920photo3.jpg; Remaining unclassified images: 884
2025-08-02 21:23:04 Thread: [Thread-0] (ID: 40) INFO - New files added: httpsx.comyoru_ninestatus1951610114781405337photo1.jpg; Remaining unclassified images: 884
2025-08-02 21:23:04 Thread: [Thread-0] (ID: 40) INFO - New files added: httpsx.commoran_nekostatus1951555837794853330photo1.jpg; Remaining unclassified images: 884
2025-08-02 21:23:04 Thread: [Thread-0] (ID: 40) INFO - New files added: httpsx.comMignon_tullestatus1951551321708060827photo1.jpg; Remaining unclassified images: 884
2025-08-02 21:23:04 Thread: [Thread-0] (ID: 40) INFO - New files added: httpsx.comyoru_ninestatus1916689868199190722photo1.png; Remaining unclassified images: 884
2025-08-02 21:23:04 Thread: [Thread-0] (ID: 40) INFO - New files added: httpsx.comyoru_ninestatus1916458980051947823photo1.png; Remaining unclassified images: 884
2025-08-02 21:23:04 Thread: [Thread-0] (ID: 40) INFO - New files added: httpsx.commofunamakostatus1951579482076389575photo1.jpg; Remaining unclassified images: 884
2025-08-02 21:23:04 Thread: [Thread-0] (ID: 40) INFO - New files added: httpsx.comyoru_ninestatus1950134848980484216photo1.jpg; Remaining unclassified images: 884
2025-08-02 21:23:04 Thread: [Thread-0] (ID: 40) INFO - New files added: httpsx.comyoru_ninestatus1916148356851654720photo1.png; Remaining unclassified images: 884
2025-08-02 21:23:04 Thread: [Thread-0] (ID: 40) INFO - New files added: httpsx.comyoru_ninestatus1915834730630779146photo1.png; Remaining unclassified images: 884
2025-08-02 21:23:04 Thread: [Thread-0] (ID: 40) INFO - New files added: httpsx.comyoru_ninestatus1946173941980295558photo1.jpg; Remaining unclassified images: 884
2025-08-02 21:57:33 Thread: [Thread-0] (ID: 40) INFO - New files added: httpsx.comdoscosoishistatus1866415512730902963photo1.jpg; Remaining unclassified images: 879
2025-08-02 21:57:33 Thread: [Thread-0] (ID: 40) INFO - New files added: httpsx.comururu_0415status1950901080604520718photo1.jpg; Remaining unclassified images: 880
2025-08-02 21:57:33 Thread: [Thread-0] (ID: 40) INFO - New files added: httpsx.comdekanochanstatus1912083548804448563photo1.jpg; Remaining unclassified images: 882
2025-08-02 21:57:33 Thread: [Thread-0] (ID: 40) INFO - New files added: httpsx.comTeam_ACHVstatus1938801910578061424photo1.jpg; Remaining unclassified images: 882
2025-08-03 15:33:41 Thread: [ReadAndMovePool-thread-1] (ID: 42) INFO - File(s) has/have been moved; Remaining unclassified images: 882
2025-08-03 19:52:18 Thread: [Thread-0] (ID: 40) INFO - New files added: httpsx.comnaraemigenshinstatus1951660052622049448photo1.jpg; Remaining unclassified images: 887
2025-08-03 19:52:18 Thread: [Thread-0] (ID: 40) INFO - New files added: httpsx.comGenshin_7status1824401055544656018.jpg; Remaining unclassified images: 891
2025-08-03 19:52:18 Thread: [Thread-0] (ID: 40) INFO - New files added: httpsx.com_oyama_mahirostatus1951561449433960806photo1.jpg; Remaining unclassified images: 892
2025-08-03 19:52:18 Thread: [Thread-0] (ID: 40) INFO - New files added: httpsx.comyutuki_status1951841679776076082photo1.jpg; Remaining unclassified images: 893
2025-08-03 19:52:18 Thread: [Thread-0] (ID: 40) INFO - New files added: httpsx.comunagi_yukimistatus1951562953712607278.jpg; Remaining unclassified images: 893
2025-08-03 19:52:18 Thread: [Thread-0] (ID: 40) INFO - New files added: httpsdanbooru.donmai.usposts9731069.jpg; Remaining unclassified images: 894
2025-08-03 19:52:18 Thread: [Thread-0] (ID: 40) INFO - New files added: httpsx.comMilkshakeWorkstatus1907387599251198102photo1.jpg; Remaining unclassified images: 895
2025-08-03 19:52:18 Thread: [Thread-0] (ID: 40) INFO - New files added: httpsx.comshizuku_chunstatus1951919410475884765photo1.jpg; Remaining unclassified images: 895
2025-08-03 19:52:18 Thread: [Thread-0] (ID: 40) INFO - New files added: httpsx.comyutuki_status1951660227717452194photo1.jpg; Remaining unclassified images: 895
2025-08-03 19:52:18 Thread: [Thread-0] (ID: 40) INFO - New files added: httpsx.comzeroartwostatus1951659258396672149photo1.jpg; Remaining unclassified images: 895
2025-08-03 19:52:18 Thread: [Thread-0] (ID: 40) INFO - New files added: httpsx.comS6816097785534status1951886817420104168photo1.jpg; Remaining unclassified images: 895
2025-08-03 19:52:18 Thread: [Thread-0] (ID: 40) INFO - New files added: httpsdanbooru.donmai.usposts9733600.jpg; Remaining unclassified images: 895
2025-08-03 19:52:18 Thread: [Thread-0] (ID: 40) INFO - New files added: httpsx.comoya0130status1951868720307163532photo1.jpg; Remaining unclassified images: 895
2025-08-03 21:21:38 Thread: [Thread-0] (ID: 40) INFO - New files added: httpsdanbooru.donmai.usposts9734805.jpg; Remaining unclassified images: 896
2025-08-03 21:21:38 Thread: [Thread-0] (ID: 40) INFO - New files added: httpsx.comx_myuanya_xstatus1951990223803731983photo1.jpg; Remaining unclassified images: 897
2025-08-03 21:21:38 Thread: [Thread-0] (ID: 40) INFO - New files added: httpsdanbooru.donmai.usposts9734739.jpg; Remaining unclassified images: 898
2025-08-03 21:21:38 Thread: [Thread-0] (ID: 40) INFO - New files added: httpsdanbooru.donmai.usposts9734783.jpg; Remaining unclassified images: 899
2025-08-03 22:22:33 Thread: [ReadAndMovePool-thread-1] (ID: 42) INFO - File(s) has/have been moved; Remaining unclassified images: 898
2025-08-03 22:23:37 Thread: [ReadAndMovePool-thread-1] (ID: 43) INFO - File(s) has/have been moved; Remaining unclassified images: 897
2025-08-03 22:25:00 Thread: [ReadAndMovePool-thread-2] (ID: 51) INFO - File(s) has/have been moved; Remaining unclassified images: 895
2025-08-03 22:25:00 Thread: [ReadAndMovePool-thread-1] (ID: 50) INFO - File(s) has/have been moved; Remaining unclassified images: 895
2025-08-03 22:25:22 Thread: [ReadAndMovePool-thread-1] (ID: 69) INFO - File(s) has/have been moved; Remaining unclassified images: 894
2025-08-03 22:25:29 Thread: [ReadAndMovePool-thread-1] (ID: 70) INFO - File(s) has/have been moved; Remaining unclassified images: 893
2025-08-03 22:25:37 Thread: [ReadAndMovePool-thread-1] (ID: 71) INFO - File(s) has/have been moved; Remaining unclassified images: 892
2025-08-03 22:41:17 Thread: [ReadAndMovePool-thread-1] (ID: 72) INFO - File(s) has/have been moved; Remaining unclassified images: 890
2025-08-03 22:41:17 Thread: [ReadAndMovePool-thread-2] (ID: 73) INFO - File(s) has/have been moved; Remaining unclassified images: 890
2025-08-03 22:41:36 Thread: [ReadAndMovePool-thread-1] (ID: 74) INFO - File(s) has/have been moved; Remaining unclassified images: 889
2025-08-03 22:41:46 Thread: [ReadAndMovePool-thread-3] (ID: 77) INFO - File(s) has/have been moved; Remaining unclassified images: 886
2025-08-03 22:41:46 Thread: [ReadAndMovePool-thread-2] (ID: 76) INFO - File(s) has/have been moved; Remaining unclassified images: 886
2025-08-03 22:41:46 Thread: [ReadAndMovePool-thread-1] (ID: 75) INFO - File(s) has/have been moved; Remaining unclassified images: 886
2025-08-03 22:44:41 Thread: [ReadAndMovePool-thread-1] (ID: 78) INFO - File(s) has/have been moved; Remaining unclassified images: 885
2025-08-03 22:44:50 Thread: [ReadAndMovePool-thread-2] (ID: 80) INFO - File(s) has/have been moved; Remaining unclassified images: 883
2025-08-03 22:44:50 Thread: [ReadAndMovePool-thread-1] (ID: 79) INFO - File(s) has/have been moved; Remaining unclassified images: 883
2025-08-03 22:48:29 Thread: [ReadAndMovePool-thread-2] (ID: 82) INFO - File(s) has/have been moved; Remaining unclassified images: 880
2025-08-03 22:48:29 Thread: [ReadAndMovePool-thread-1] (ID: 81) INFO - File(s) has/have been moved; Remaining unclassified images: 880
2025-08-03 22:48:29 Thread: [ReadAndMovePool-thread-3] (ID: 83) INFO - File(s) has/have been moved; Remaining unclassified images: 880
2025-08-03 22:48:36 Thread: [ReadAndMovePool-thread-1] (ID: 84) INFO - File(s) has/have been moved; Remaining unclassified images: 879
2025-08-03 22:59:47 Thread: [ReadAndMovePool-thread-2] (ID: 88) INFO - File(s) has/have been moved; Remaining unclassified images: 879
2025-08-03 22:59:47 Thread: [ReadAndMovePool-thread-3] (ID: 89) INFO - File(s) has/have been moved; Remaining unclassified images: 879
2025-08-03 22:59:47 Thread: [ReadAndMovePool-thread-1] (ID: 87) INFO - File(s) has/have been moved; Remaining unclassified images: 879
2025-08-03 22:59:47 Thread: [ReadAndMovePool-thread-3] (ID: 89) INFO - File(s) has/have been moved; Remaining unclassified images: 879
2025-08-03 23:00:56 Thread: [Thread-0] (ID: 40) INFO - New files added: httpsx.com_VectorFish227status1822937383282847770photo1.jpg; Remaining unclassified images: 882
2025-08-03 23:00:56 Thread: [Thread-0] (ID: 40) INFO - New files added: httpsx.comUKYEJFTstatus1949351240305160642photo1.jpg; Remaining unclassified images: 883
2025-08-03 23:00:56 Thread: [Thread-0] (ID: 40) INFO - New files added: httpsx.comUKYEJFTstatus1949351240305160642photo2.jpg; Remaining unclassified images: 885
2025-08-03 23:00:56 Thread: [Thread-0] (ID: 40) INFO - New files added: httpsx.comUKYEJFTstatus1949351240305160642photo3.jpg; Remaining unclassified images: 885
2025-08-03 23:00:56 Thread: [Thread-0] (ID: 40) INFO - New files added: httpsx.com188_diezi63851status1939888084335956433photo1.jpg; Remaining unclassified images: 885
2025-08-03 23:00:56 Thread: [Thread-0] (ID: 40) INFO - New files added: httpsx.com188_diezi63851status1939888084335956433photo2.jpg; Remaining unclassified images: 885
2025-08-03 23:00:56 Thread: [Thread-0] (ID: 40) INFO - New files added: httpsx.comBailiKoistatus1951995265344323864photo1.jpg; Remaining unclassified images: 885
2025-08-03 23:09:48 Thread: [ReadAndMovePool-thread-1] (ID: 94) INFO - File(s) has/have been moved; Remaining unclassified images: 885
2025-08-03 23:09:48 Thread: [ReadAndMovePool-thread-2] (ID: 95) INFO - File(s) has/have been moved; Remaining unclassified images: 885
2025-08-03 23:09:48 Thread: [ReadAndMovePool-thread-3] (ID: 96) INFO - File(s) has/have been moved; Remaining unclassified images: 885
2025-08-03 23:09:58 Thread: [ReadAndMovePool-thread-2] (ID: 98) INFO - File(s) has/have been moved; Remaining unclassified images: 883
2025-08-03 23:09:58 Thread: [ReadAndMovePool-thread-1] (ID: 97) INFO - File(s) has/have been moved; Remaining unclassified images: 883
2025-08-03 23:10:15 Thread: [ReadAndMovePool-thread-1] (ID: 99) INFO - File(s) has/have been moved; Remaining unclassified images: 882
2025-08-03 23:10:26 Thread: [ReadAndMovePool-thread-1] (ID: 100) INFO - File(s) has/have been moved; Remaining unclassified images: 881
2025-08-03 23:10:31 Thread: [Thread-0] (ID: 40) INFO - New files added: 130482114_p0.png; Remaining unclassified images: 882
2025-08-03 23:10:31 Thread: [Thread-0] (ID: 40) INFO - New files added: 129420178_p0.png; Remaining unclassified images: 883
2025-08-03 23:10:31 Thread: [Thread-0] (ID: 40) INFO - New files added: 133004294_p0.jpg; Remaining unclassified images: 884
2025-08-03 23:10:31 Thread: [Thread-0] (ID: 40) INFO - New files added: 133337578_p0.jpg; Remaining unclassified images: 885
2025-08-03 23:10:31 Thread: [Thread-0] (ID: 40) INFO - New files added: 133397735_p0.png; Remaining unclassified images: 886
2025-08-03 23:12:11 Thread: [ReadAndMovePool-thread-1] (ID: 101) INFO - File(s) has/have been moved; Remaining unclassified images: 884
2025-08-03 23:13:46 Thread: [ReadAndMovePool-thread-2] (ID: 104) INFO - File(s) has/have been moved; Remaining unclassified images: 876
2025-08-03 23:13:46 Thread: [ReadAndMovePool-thread-1] (ID: 103) INFO - File(s) has/have been moved; Remaining unclassified images: 876
2025-08-03 23:14:57 Thread: [ReadAndMovePool-thread-1] (ID: 105) INFO - File(s) has/have been moved; Remaining unclassified images: 875
2025-08-03 23:18:47 Thread: [ReadAndMovePool-thread-1] (ID: 106) INFO - File(s) has/have been moved; Remaining unclassified images: 873
2025-08-03 23:18:47 Thread: [ReadAndMovePool-thread-2] (ID: 107) INFO - File(s) has/have been moved; Remaining unclassified images: 873
2025-08-03 23:19:39 Thread: [ReadAndMovePool-thread-1] (ID: 108) INFO - File(s) has/have been moved; Remaining unclassified images: 872
2025-08-03 23:22:43 Thread: [Thread-0] (ID: 40) INFO - New files added: godownloader-7521226805245725990-video-hd-godownloader.mp4; Remaining unclassified images: 872
2025-08-03 23:22:57 Thread: [Thread-0] (ID: 40) INFO - New files added: godownloader-7521226805245725990-video-hd-godownloader.com.mp4; Remaining unclassified images: 872
2025-08-03 23:24:09 Thread: [Thread-0] (ID: 40) INFO - New files added: godownloader-7521226805245725990-video-hd-godownloader.mp4; Remaining unclassified images: 872
2025-08-03 23:24:24 Thread: [ReadAndMovePool-thread-1] (ID: 109) INFO - File(s) has/have been moved; Remaining unclassified images: 871
2025-08-03 23:25:22 Thread: [ReadAndMovePool-thread-1] (ID: 110) INFO - File(s) has/have been moved; Remaining unclassified images: 870
2025-08-03 23:25:32 Thread: [ReadAndMovePool-thread-1] (ID: 111) INFO - File(s) has/have been moved; Remaining unclassified images: 869
2025-08-03 23:37:42 Thread: [ReadAndMovePool-thread-1] (ID: 112) INFO - File(s) has/have been moved; Remaining unclassified images: 868
2025-08-03 23:38:17 Thread: [ReadAndMovePool-thread-1] (ID: 113) INFO - File(s) has/have been moved; Remaining unclassified images: 867
2025-08-03 23:41:01 Thread: [ReadAndMovePool-thread-1] (ID: 114) INFO - File(s) has/have been moved; Remaining unclassified images: 866
2025-08-03 23:41:13 Thread: [ReadAndMovePool-thread-1] (ID: 115) INFO - File(s) has/have been moved; Remaining unclassified images: 865
2025-08-03 23:41:36 Thread: [ReadAndMovePool-thread-1] (ID: 116) INFO - File(s) has/have been moved; Remaining unclassified images: 864
2025-08-03 23:45:06 Thread: [ReadAndMovePool-thread-1] (ID: 118) INFO - File(s) has/have been moved; Remaining unclassified images: 863
2025-08-03 23:45:22 Thread: [ReadAndMovePool-thread-1] (ID: 119) INFO - File(s) has/have been moved; Remaining unclassified images: 862
2025-08-03 23:45:59 Thread: [ReadAndMovePool-thread-1] (ID: 120) INFO - File(s) has/have been moved; Remaining unclassified images: 859
2025-08-03 23:45:59 Thread: [ReadAndMovePool-thread-3] (ID: 122) INFO - File(s) has/have been moved; Remaining unclassified images: 859
2025-08-03 23:45:59 Thread: [ReadAndMovePool-thread-2] (ID: 121) INFO - File(s) has/have been moved; Remaining unclassified images: 859
2025-08-03 23:46:21 Thread: [ReadAndMovePool-thread-1] (ID: 123) INFO - File(s) has/have been moved; Remaining unclassified images: 858
2025-08-03 23:47:00 Thread: [ReadAndMovePool-thread-1] (ID: 124) INFO - File(s) has/have been moved; Remaining unclassified images: 857
2025-08-03 23:49:13 Thread: [ReadAndMovePool-thread-3] (ID: 128) INFO - File(s) has/have been moved; Remaining unclassified images: 854
2025-08-03 23:49:13 Thread: [ReadAndMovePool-thread-1] (ID: 126) INFO - File(s) has/have been moved; Remaining unclassified images: 854
2025-08-03 23:49:13 Thread: [ReadAndMovePool-thread-2] (ID: 127) INFO - File(s) has/have been moved; Remaining unclassified images: 854
2025-08-03 23:49:40 Thread: [ReadAndMovePool-thread-1] (ID: 130) INFO - File(s) has/have been moved; Remaining unclassified images: 854
2025-08-03 23:49:40 Thread: [ReadAndMovePool-thread-2] (ID: 131) INFO - File(s) has/have been moved; Remaining unclassified images: 854
2025-08-03 23:57:48 Thread: [ReadAndMovePool-thread-1] (ID: 132) INFO - File(s) has/have been moved; Remaining unclassified images: 853
2025-08-04 00:06:02 Thread: [ReadAndMovePool-thread-1] (ID: 42) INFO - File(s) has/have been moved; Remaining unclassified images: 851
2025-08-04 00:06:02 Thread: [ReadAndMovePool-thread-2] (ID: 43) INFO - File(s) has/have been moved; Remaining unclassified images: 851
2025-08-04 00:06:54 Thread: [ReadAndMovePool-thread-1] (ID: 44) INFO - File(s) has/have been moved; Remaining unclassified images: 850
2025-08-04 00:52:30 Thread: [Thread-0] (ID: 40) INFO - New files added: httpsafdian.comp823274bed57411ef8a0952540025c377.jpg; Remaining unclassified images: 853
2025-08-04 00:52:30 Thread: [Thread-0] (ID: 40) INFO - New files added: httpsx.comnaraemigenshinstatus1951661802661831081photo1.jpg; Remaining unclassified images: 855
2025-08-04 00:52:30 Thread: [Thread-0] (ID: 40) INFO - New files added: httpsx.comxxmyu_myustatus1951603663425896807photo1.jpg; Remaining unclassified images: 856
2025-08-04 00:52:30 Thread: [Thread-0] (ID: 40) INFO - New files added: httpsx.comruta__hp04status1951591945010389412photo1.jpg; Remaining unclassified images: 858
2025-08-04 00:52:30 Thread: [Thread-0] (ID: 40) INFO - New files added: httpsdanbooru.donmai.usposts7141595.png; Remaining unclassified images: 860
2025-08-04 00:52:30 Thread: [Thread-0] (ID: 40) INFO - New files added: httpsdanbooru.donmai.usposts7141598.png; Remaining unclassified images: 861
2025-08-04 00:52:30 Thread: [Thread-0] (ID: 40) INFO - New files added: httpsdanbooru.donmai.usposts7141599.png; Remaining unclassified images: 862
2025-08-04 00:52:30 Thread: [Thread-0] (ID: 40) INFO - New files added: httpsx.comootsukimomijistatus1835521882399158565photo1.jpg; Remaining unclassified images: 862
2025-08-04 00:52:30 Thread: [Thread-0] (ID: 40) INFO - New files added: httpsx.comoya0130status1951960680413700519photo1.jpg; Remaining unclassified images: 862
2025-08-04 00:52:30 Thread: [Thread-0] (ID: 40) INFO - New files added: httpsdanbooru.donmai.usposts9186948.jpg; Remaining unclassified images: 862
2025-08-04 00:52:30 Thread: [Thread-0] (ID: 40) INFO - New files added: httpsdanbooru.donmai.usposts8599113.jpg; Remaining unclassified images: 862
2025-08-04 00:52:30 Thread: [Thread-0] (ID: 40) INFO - New files added: httpsifdian.netp7a9e7aeaaec811efa98c52540025c377.jpg; Remaining unclassified images: 862
2025-08-05 22:02:42 Thread: [ReadAndMovePool-thread-1] (ID: 42) INFO - File(s) has/have been moved; Remaining unclassified images: 867
2025-08-05 22:06:04 Thread: [Thread-0] (ID: 40) INFO - New files added: 132724413_p0.png; Remaining unclassified images: 868
2025-08-05 22:06:04 Thread: [Thread-0] (ID: 40) INFO - New files added: 133064848_p0.png; Remaining unclassified images: 870
2025-08-05 22:06:04 Thread: [Thread-0] (ID: 40) INFO - New files added: 133106365_p0.jpg; Remaining unclassified images: 870
2025-08-05 22:06:04 Thread: [Thread-0] (ID: 40) INFO - New files added: 133106365_p1.jpg; Remaining unclassified images: 871
2025-08-05 22:06:04 Thread: [Thread-0] (ID: 40) INFO - New files added: 133106365_p2.jpg; Remaining unclassified images: 872
2025-08-05 22:06:04 Thread: [Thread-0] (ID: 40) INFO - New files added: 133146736_p0.jpg; Remaining unclassified images: 873
2025-08-05 22:06:04 Thread: [Thread-0] (ID: 40) INFO - New files added: 133170543_p0.png; Remaining unclassified images: 874
2025-08-05 22:06:04 Thread: [Thread-0] (ID: 40) INFO - New files added: 133335252_p0.jpg; Remaining unclassified images: 875
2025-08-05 22:06:04 Thread: [Thread-0] (ID: 40) INFO - New files added: 133335252_p1.jpg; Remaining unclassified images: 876
2025-08-05 22:06:04 Thread: [Thread-0] (ID: 40) INFO - New files added: 133436866_p0.png; Remaining unclassified images: 877
2025-08-05 22:06:04 Thread: [Thread-0] (ID: 40) INFO - New files added: 133500042_p0.jpg; Remaining unclassified images: 878
2025-08-05 22:06:04 Thread: [Thread-0] (ID: 40) INFO - New files added: 133500042_p1.jpg; Remaining unclassified images: 879
2025-08-05 22:06:04 Thread: [Thread-0] (ID: 40) INFO - New files added: 133502491_p0.jpg; Remaining unclassified images: 880
2025-08-05 22:06:04 Thread: [Thread-0] (ID: 40) INFO - New files added: 133524687_p0.jpg; Remaining unclassified images: 881
2025-08-05 22:06:04 Thread: [Thread-0] (ID: 40) INFO - New files added: 67736383_p0.jpg; Remaining unclassified images: 882
2025-08-05 22:06:04 Thread: [Thread-0] (ID: 40) INFO - New files added: 114466797_p0.png; Remaining unclassified images: 883
2025-08-05 22:06:04 Thread: [Thread-0] (ID: 40) INFO - New files added: 114466797_p1.png; Remaining unclassified images: 884
2025-08-05 22:06:04 Thread: [Thread-0] (ID: 40) INFO - New files added: 115896286_p0.png; Remaining unclassified images: 885
2025-08-05 22:06:04 Thread: [Thread-0] (ID: 40) INFO - New files added: 118577284_p0.jpg; Remaining unclassified images: 886
2025-08-05 22:06:04 Thread: [Thread-0] (ID: 40) INFO - New files added: 124235678_p0.jpg; Remaining unclassified images: 887
2025-08-05 22:06:04 Thread: [Thread-0] (ID: 40) INFO - New files added: 124761757_p0.jpg; Remaining unclassified images: 888
2025-08-05 22:06:04 Thread: [Thread-0] (ID: 40) INFO - New files added: 127009718_p0.png; Remaining unclassified images: 889
2025-08-05 22:06:04 Thread: [Thread-0] (ID: 40) INFO - New files added: 129035521_p0.jpg; Remaining unclassified images: 890
2025-08-06 23:22:40 Thread: [Thread-0] (ID: 40) INFO - New files added: 133569800_p0.jpg; Remaining unclassified images: 897
2025-08-06 23:22:40 Thread: [Thread-0] (ID: 40) INFO - New files added: 133328824_p0.png; Remaining unclassified images: 914
2025-08-06 23:22:40 Thread: [Thread-0] (ID: 40) INFO - New files added: 126765904_p0.jpg; Remaining unclassified images: 915
2025-08-06 23:22:40 Thread: [Thread-0] (ID: 40) INFO - New files added: 126765904_p1.jpg; Remaining unclassified images: 916
2025-08-06 23:22:40 Thread: [Thread-0] (ID: 40) INFO - New files added: 129891431.gif; Remaining unclassified images: 916
2025-08-06 23:22:41 Thread: [Thread-0] (ID: 40) INFO - New files added: 130350946_p0.jpg; Remaining unclassified images: 916
2025-08-06 23:22:41 Thread: [Thread-0] (ID: 40) INFO - New files added: 130350946_p1.jpg; Remaining unclassified images: 917
2025-08-06 23:22:41 Thread: [Thread-0] (ID: 40) INFO - New files added: 130350946_p2.jpg; Remaining unclassified images: 918
2025-08-06 23:22:41 Thread: [Thread-0] (ID: 40) INFO - New files added: 130350946_p3.jpg; Remaining unclassified images: 919
2025-08-06 23:22:41 Thread: [Thread-0] (ID: 40) INFO - New files added: 131829934_p0.jpg; Remaining unclassified images: 919
2025-08-06 23:22:41 Thread: [Thread-0] (ID: 40) INFO - New files added: 131829934_p1.jpg; Remaining unclassified images: 919
2025-08-06 23:22:41 Thread: [Thread-0] (ID: 40) INFO - New files added: 132301690_p0.jpg; Remaining unclassified images: 919
2025-08-06 23:22:41 Thread: [Thread-0] (ID: 40) INFO - New files added: 132301690_p1.jpg; Remaining unclassified images: 919
2025-08-06 23:22:41 Thread: [Thread-0] (ID: 40) INFO - New files added: 132937009_p0.jpg; Remaining unclassified images: 919
2025-08-06 23:22:41 Thread: [Thread-0] (ID: 40) INFO - New files added: 132985128_p0.png; Remaining unclassified images: 919
2025-08-06 23:22:41 Thread: [Thread-0] (ID: 40) INFO - New files added: 133030935_p0.jpg; Remaining unclassified images: 919
2025-08-06 23:22:41 Thread: [Thread-0] (ID: 40) INFO - New files added: 133030935_p1.jpg; Remaining unclassified images: 919
2025-08-06 23:22:41 Thread: [Thread-0] (ID: 40) INFO - New files added: 133040271_p0.jpg; Remaining unclassified images: 919
2025-08-06 23:22:41 Thread: [Thread-0] (ID: 40) INFO - New files added: 133061618_p0.jpg; Remaining unclassified images: 919
2025-08-06 23:22:41 Thread: [Thread-0] (ID: 40) INFO - New files added: 133104721_p0.jpg; Remaining unclassified images: 919
2025-08-06 23:22:41 Thread: [Thread-0] (ID: 40) INFO - New files added: 133105942_p0.png; Remaining unclassified images: 919
2025-08-06 23:22:41 Thread: [Thread-0] (ID: 40) INFO - New files added: 133176016_p0.jpg; Remaining unclassified images: 919
2025-08-06 23:22:41 Thread: [Thread-0] (ID: 40) INFO - New files added: 133267591_p0.jpg; Remaining unclassified images: 919
2025-08-06 23:22:41 Thread: [Thread-0] (ID: 40) INFO - New files added: 133421777_p0.jpg; Remaining unclassified images: 919
2025-08-09 16:11:33 Thread: [ReadAndMovePool-thread-1] (ID: 42) INFO - File(s) has/have been moved; Remaining unclassified images: 959
2025-08-09 16:11:33 Thread: [ReadAndMovePool-thread-2] (ID: 43) INFO - File(s) has/have been moved; Remaining unclassified images: 959
2025-08-09 16:11:33 Thread: [ReadAndMovePool-thread-3] (ID: 44) INFO - File(s) has/have been moved; Remaining unclassified images: 959
2025-08-09 16:11:33 Thread: [ReadAndMovePool-thread-2] (ID: 43) INFO - File(s) has/have been moved; Remaining unclassified images: 959
2025-08-09 16:11:33 Thread: [ReadAndMovePool-thread-3] (ID: 44) INFO - File(s) has/have been moved; Remaining unclassified images: 959
2025-08-09 16:11:33 Thread: [ReadAndMovePool-thread-1] (ID: 42) INFO - File(s) has/have been moved; Remaining unclassified images: 959
2025-08-09 16:11:33 Thread: [ReadAndMovePool-thread-2] (ID: 43) INFO - File(s) has/have been moved; Remaining unclassified images: 959
2025-08-09 16:11:33 Thread: [ReadAndMovePool-thread-1] (ID: 42) INFO - File(s) has/have been moved; Remaining unclassified images: 959
2025-08-09 16:11:33 Thread: [ReadAndMovePool-thread-3] (ID: 44) INFO - File(s) has/have been moved; Remaining unclassified images: 959
2025-08-09 16:11:46 Thread: [ReadAndMovePool-thread-2] (ID: 46) INFO - File(s) has/have been moved; Remaining unclassified images: 954
2025-08-09 16:11:46 Thread: [ReadAndMovePool-thread-1] (ID: 45) INFO - File(s) has/have been moved; Remaining unclassified images: 954
2025-08-09 16:11:46 Thread: [ReadAndMovePool-thread-3] (ID: 47) INFO - File(s) has/have been moved; Remaining unclassified images: 954
2025-08-09 16:11:46 Thread: [ReadAndMovePool-thread-1] (ID: 45) INFO - File(s) has/have been moved; Remaining unclassified images: 954
2025-08-09 16:11:46 Thread: [ReadAndMovePool-thread-3] (ID: 47) INFO - File(s) has/have been moved; Remaining unclassified images: 954
2025-08-09 16:12:02 Thread: [ReadAndMovePool-thread-1] (ID: 65) INFO - File(s) has/have been moved; Remaining unclassified images: 953
2025-08-09 16:12:11 Thread: [ReadAndMovePool-thread-1] (ID: 66) INFO - File(s) has/have been moved; Remaining unclassified images: 951
2025-08-09 16:12:11 Thread: [ReadAndMovePool-thread-2] (ID: 67) INFO - File(s) has/have been moved; Remaining unclassified images: 951
2025-08-09 22:45:03 Thread: [Thread-0] (ID: 40) INFO - New files added: httpsx.comZ_012486status1953809271268819355photo1.jpg; Remaining unclassified images: 955
2025-08-09 22:45:03 Thread: [Thread-0] (ID: 40) INFO - New files added: httpsx.comDeadnooodlesstatus1953370918152974569photo1.jpg; Remaining unclassified images: 960
2025-08-09 22:45:03 Thread: [Thread-0] (ID: 40) INFO - New files added: httpsx.combeccakikostatus1950917128804077773photo1.jpg; Remaining unclassified images: 962
2025-08-09 22:45:03 Thread: [Thread-0] (ID: 40) INFO - New files added: httpsx.combeccakikostatus1952996673023824070photo1.jpg; Remaining unclassified images: 964
2025-08-09 22:45:03 Thread: [Thread-0] (ID: 40) INFO - New files added: httpsx.combeccakikostatus1922448212419314019photo1.jpg; Remaining unclassified images: 965
2025-08-09 22:45:03 Thread: [Thread-0] (ID: 40) INFO - New files added: httpsx.combeccakikostatus1925040933458084137photo1.jpg; Remaining unclassified images: 965
2025-08-09 22:45:03 Thread: [Thread-0] (ID: 40) INFO - New files added: httpsx.combeccakikostatus1925922835278545180photo1.jpg; Remaining unclassified images: 965
2025-08-09 22:45:03 Thread: [Thread-0] (ID: 40) INFO - New files added: httpsx.combeccakikostatus1941486250084663643photo1.jpg; Remaining unclassified images: 965
2025-08-09 22:45:03 Thread: [Thread-0] (ID: 40) INFO - New files added: httpsx.combeccakikostatus1927006024516395128photo1.jpg; Remaining unclassified images: 965
2025-08-09 22:45:03 Thread: [Thread-0] (ID: 40) INFO - New files added: httpsx.combeccakikostatus1953699200576659641photo1.jpg; Remaining unclassified images: 965
2025-08-09 22:45:03 Thread: [Thread-0] (ID: 40) INFO - New files added: httpsx.combeccakikostatus1954055583516307544photo1.jpg; Remaining unclassified images: 965
2025-08-09 22:45:03 Thread: [Thread-0] (ID: 40) INFO - New files added: httpsx.comKKira634status1953701556354003293photo1.jpg; Remaining unclassified images: 965
2025-08-09 22:45:03 Thread: [Thread-0] (ID: 40) INFO - New files added: httpsx.comoioioi525status1954060720603385884photo1.jpg; Remaining unclassified images: 965
2025-08-09 22:45:03 Thread: [Thread-0] (ID: 40) INFO - New files added: httpsx.comlingbaijiangstatus1943019824378188238photo1.jpg; Remaining unclassified images: 965
2025-08-10 17:45:23 Thread: [Thread-0] (ID: 40) INFO - New files added: httpsx.comshirorokitsunestatus1954120479616160023photo1.jpg; Remaining unclassified images: 968
2025-08-10 17:45:23 Thread: [Thread-0] (ID: 40) INFO - New files added: httpsx.comNarushio_wuwastatus1954183081327284278photo3.jpg; Remaining unclassified images: 968
2025-08-10 17:45:23 Thread: [Thread-0] (ID: 40) INFO - New files added: httpswww.weibo.com7730797357PEYRT7bPYlayerid=5197671011713802.jpg; Remaining unclassified images: 968
2025-08-10 17:47:45 Thread: [ReadAndMovePool-thread-1] (ID: 122) INFO - File(s) has/have been moved; Remaining unclassified images: 965
2025-08-10 17:47:45 Thread: [ReadAndMovePool-thread-3] (ID: 124) INFO - File(s) has/have been moved; Remaining unclassified images: 965
2025-08-10 17:47:45 Thread: [ReadAndMovePool-thread-2] (ID: 123) INFO - File(s) has/have been moved; Remaining unclassified images: 965
2025-08-10 17:48:45 Thread: [ReadAndMovePool-thread-1] (ID: 125) INFO - File(s) has/have been moved; Remaining unclassified images: 964
2025-08-11 07:52:35 Thread: [Thread-0] (ID: 40) INFO - New files added: httpsx.com6U_sstatus1871134431693680834photo1.jpg; Remaining unclassified images: 965
2025-08-11 07:52:35 Thread: [Thread-0] (ID: 40) INFO - New files added: httpsx.commiuu4ustatus1954476441497960791photo1.jpg; Remaining unclassified images: 966
2025-08-11 07:52:35 Thread: [Thread-0] (ID: 40) INFO - New files added: httpsx.comcoyo_mi042status1923693306770489735photo1.jpg; Remaining unclassified images: 967
2025-08-11 07:52:35 Thread: [Thread-0] (ID: 40) INFO - New files added: httpsx.com6U_sstatus1954125450617266345photo1.jpg; Remaining unclassified images: 968
2025-08-15 00:00:06 Thread: [Thread-0] (ID: 40) INFO - New files added: httpsx.comLkeris_status1955570035487076408photo1.jpg; Remaining unclassified images: 978
2025-08-16 13:24:32 Thread: [ReadAndMovePool-thread-2] (ID: 43) INFO - File(s) has/have been moved; Remaining unclassified images: 1015
2025-08-16 13:24:32 Thread: [ReadAndMovePool-thread-1] (ID: 42) INFO - File(s) has/have been moved; Remaining unclassified images: 1015
2025-08-16 13:24:32 Thread: [ReadAndMovePool-thread-3] (ID: 44) INFO - File(s) has/have been moved; Remaining unclassified images: 1015
2025-08-16 13:24:32 Thread: [ReadAndMovePool-thread-1] (ID: 42) INFO - File(s) has/have been moved; Remaining unclassified images: 1015
2025-08-16 13:24:32 Thread: [ReadAndMovePool-thread-3] (ID: 44) INFO - File(s) has/have been moved; Remaining unclassified images: 1015
2025-08-16 13:24:32 Thread: [ReadAndMovePool-thread-2] (ID: 43) INFO - File(s) has/have been moved; Remaining unclassified images: 1015
2025-08-16 13:24:32 Thread: [ReadAndMovePool-thread-1] (ID: 42) INFO - File(s) has/have been moved; Remaining unclassified images: 1015
2025-08-16 13:24:32 Thread: [ReadAndMovePool-thread-2] (ID: 43) INFO - File(s) has/have been moved; Remaining unclassified images: 1015
2025-08-16 13:24:32 Thread: [ReadAndMovePool-thread-3] (ID: 44) INFO - File(s) has/have been moved; Remaining unclassified images: 1015
2025-08-16 13:24:32 Thread: [ReadAndMovePool-thread-1] (ID: 42) INFO - File(s) has/have been moved; Remaining unclassified images: 1015
2025-08-16 13:24:32 Thread: [ReadAndMovePool-thread-3] (ID: 44) INFO - File(s) has/have been moved; Remaining unclassified images: 1015
2025-08-16 13:24:32 Thread: [ReadAndMovePool-thread-2] (ID: 43) INFO - File(s) has/have been moved; Remaining unclassified images: 1015
2025-08-16 13:24:32 Thread: [ReadAndMovePool-thread-3] (ID: 44) INFO - File(s) has/have been moved; Remaining unclassified images: 1015
2025-08-16 13:24:32 Thread: [ReadAndMovePool-thread-1] (ID: 42) INFO - File(s) has/have been moved; Remaining unclassified images: 1015
2025-08-16 13:24:32 Thread: [ReadAndMovePool-thread-2] (ID: 43) INFO - File(s) has/have been moved; Remaining unclassified images: 1015
2025-08-16 13:24:32 Thread: [ReadAndMovePool-thread-1] (ID: 42) INFO - File(s) has/have been moved; Remaining unclassified images: 1015
2025-08-16 13:28:25 Thread: [ReadAndMovePool-thread-2] (ID: 63) INFO - File(s) has/have been moved; Remaining unclassified images: 1013
2025-08-16 13:28:25 Thread: [ReadAndMovePool-thread-1] (ID: 62) INFO - File(s) has/have been moved; Remaining unclassified images: 1013
2025-08-16 13:28:57 Thread: [ReadAndMovePool-thread-1] (ID: 64) INFO - File(s) has/have been moved; Remaining unclassified images: 991
2025-08-16 13:28:57 Thread: [ReadAndMovePool-thread-3] (ID: 66) INFO - File(s) has/have been moved; Remaining unclassified images: 991
2025-08-16 13:28:57 Thread: [ReadAndMovePool-thread-2] (ID: 65) INFO - File(s) has/have been moved; Remaining unclassified images: 991
2025-08-16 13:28:57 Thread: [ReadAndMovePool-thread-3] (ID: 66) INFO - File(s) has/have been moved; Remaining unclassified images: 991
2025-08-16 13:28:57 Thread: [ReadAndMovePool-thread-1] (ID: 64) INFO - File(s) has/have been moved; Remaining unclassified images: 991
2025-08-16 13:28:57 Thread: [ReadAndMovePool-thread-2] (ID: 65) INFO - File(s) has/have been moved; Remaining unclassified images: 991
2025-08-16 13:28:57 Thread: [ReadAndMovePool-thread-2] (ID: 65) INFO - File(s) has/have been moved; Remaining unclassified images: 991
2025-08-16 13:28:57 Thread: [ReadAndMovePool-thread-1] (ID: 64) INFO - File(s) has/have been moved; Remaining unclassified images: 991
2025-08-16 13:28:57 Thread: [ReadAndMovePool-thread-3] (ID: 66) INFO - File(s) has/have been moved; Remaining unclassified images: 991
2025-08-16 13:28:57 Thread: [ReadAndMovePool-thread-3] (ID: 66) INFO - File(s) has/have been moved; Remaining unclassified images: 991
2025-08-16 13:28:57 Thread: [ReadAndMovePool-thread-2] (ID: 65) INFO - File(s) has/have been moved; Remaining unclassified images: 991
2025-08-16 13:28:57 Thread: [ReadAndMovePool-thread-1] (ID: 64) INFO - File(s) has/have been moved; Remaining unclassified images: 991
2025-08-16 13:28:57 Thread: [ReadAndMovePool-thread-2] (ID: 65) INFO - File(s) has/have been moved; Remaining unclassified images: 991
2025-08-16 13:28:57 Thread: [ReadAndMovePool-thread-3] (ID: 66) INFO - File(s) has/have been moved; Remaining unclassified images: 991
2025-08-16 13:28:57 Thread: [ReadAndMovePool-thread-1] (ID: 64) INFO - File(s) has/have been moved; Remaining unclassified images: 991
2025-08-16 13:28:57 Thread: [ReadAndMovePool-thread-2] (ID: 65) INFO - File(s) has/have been moved; Remaining unclassified images: 991
2025-08-16 13:28:57 Thread: [ReadAndMovePool-thread-1] (ID: 64) INFO - File(s) has/have been moved; Remaining unclassified images: 991
2025-08-16 13:28:57 Thread: [ReadAndMovePool-thread-3] (ID: 66) INFO - File(s) has/have been moved; Remaining unclassified images: 991
2025-08-16 13:28:57 Thread: [ReadAndMovePool-thread-3] (ID: 66) INFO - File(s) has/have been moved; Remaining unclassified images: 991
2025-08-16 13:28:57 Thread: [ReadAndMovePool-thread-2] (ID: 65) INFO - File(s) has/have been moved; Remaining unclassified images: 991
2025-08-16 13:28:57 Thread: [ReadAndMovePool-thread-1] (ID: 64) INFO - File(s) has/have been moved; Remaining unclassified images: 991
2025-08-16 13:28:57 Thread: [ReadAndMovePool-thread-3] (ID: 66) INFO - File(s) has/have been moved; Remaining unclassified images: 991
2025-08-16 13:29:06 Thread: [ReadAndMovePool-thread-1] (ID: 67) INFO - File(s) has/have been moved; Remaining unclassified images: 986
2025-08-16 13:29:06 Thread: [ReadAndMovePool-thread-2] (ID: 68) INFO - File(s) has/have been moved; Remaining unclassified images: 986
2025-08-16 13:29:06 Thread: [ReadAndMovePool-thread-3] (ID: 69) INFO - File(s) has/have been moved; Remaining unclassified images: 986
2025-08-16 13:29:06 Thread: [ReadAndMovePool-thread-2] (ID: 68) INFO - File(s) has/have been moved; Remaining unclassified images: 986
2025-08-16 13:29:06 Thread: [ReadAndMovePool-thread-3] (ID: 69) INFO - File(s) has/have been moved; Remaining unclassified images: 986
2025-08-16 13:29:18 Thread: [ReadAndMovePool-thread-3] (ID: 72) INFO - File(s) has/have been moved; Remaining unclassified images: 982
2025-08-16 13:29:18 Thread: [ReadAndMovePool-thread-1] (ID: 70) INFO - File(s) has/have been moved; Remaining unclassified images: 982
2025-08-16 13:29:18 Thread: [ReadAndMovePool-thread-2] (ID: 71) INFO - File(s) has/have been moved; Remaining unclassified images: 982
2025-08-16 13:29:18 Thread: [ReadAndMovePool-thread-3] (ID: 72) INFO - File(s) has/have been moved; Remaining unclassified images: 982
2025-08-16 13:33:24 Thread: [ReadAndMovePool-thread-1] (ID: 73) INFO - File(s) has/have been moved; Remaining unclassified images: 981
2025-08-17 14:18:28 Thread: [Thread-0] (ID: 40) INFO - New files added: httpsx.comkouun_05status1946853210083438974photo1.jpg; Remaining unclassified images: 1021
2025-08-17 14:18:28 Thread: [Thread-0] (ID: 40) INFO - New files added: httpsx.comkouun_05status1942514859557724419photo1.jpg; Remaining unclassified images: 1022
2025-08-17 14:18:28 Thread: [Thread-0] (ID: 40) INFO - New files added: httpsx.comKae_0402status1844212404022124900photo1.jpg; Remaining unclassified images: 1022
2025-08-17 14:18:28 Thread: [Thread-0] (ID: 40) INFO - New files added: httpsx.comlingchuanqianstatus1956860948146491478photo1.jpg; Remaining unclassified images: 1022
2025-08-17 14:18:28 Thread: [Thread-0] (ID: 40) INFO - New files added: httpsx.comtihuyunekostatus1954834582013915377photo1.jpg; Remaining unclassified images: 1022
2025-08-17 14:18:28 Thread: [Thread-0] (ID: 40) INFO - New files added: httpsx.comizuoku_status1880207156395548753photo1.jpg; Remaining unclassified images: 1022
2025-08-17 14:18:28 Thread: [Thread-0] (ID: 40) INFO - New files added: httpsx.comizuoku_status1693925988852543555photo1.jpg; Remaining unclassified images: 1022
2025-08-17 14:18:28 Thread: [Thread-0] (ID: 40) INFO - New files added: httpsx.comSuperSugar1003status1896010488447893662photo1.jpg; Remaining unclassified images: 1022
2025-08-17 14:18:28 Thread: [Thread-0] (ID: 40) INFO - New files added: httpsx.comhinachu_akstatus1956681604430275065photo1.jpg; Remaining unclassified images: 1022
2025-08-17 14:18:28 Thread: [Thread-0] (ID: 40) INFO - New files added: httpsx.comnya_Echostatus1956643996278612391photo1.jpg; Remaining unclassified images: 1022
2025-08-17 14:18:28 Thread: [Thread-0] (ID: 40) INFO - New files added: httpsx.comDriveShot000status1956387854877339936photo1.jpg; Remaining unclassified images: 1022
2025-08-17 14:18:28 Thread: [Thread-0] (ID: 40) INFO - New files added: httpsx.comKae_0402status1820663148451402093photo1.jpg; Remaining unclassified images: 1022
2025-08-17 14:18:28 Thread: [Thread-0] (ID: 40) INFO - New files added: httpsx.comDriveShot000status1956929426001932429photo1.jpg; Remaining unclassified images: 1022
2025-08-17 14:18:28 Thread: [Thread-0] (ID: 40) INFO - New files added: httpsx.comSuperSugar1003status1814472721373253946photo1.jpg; Remaining unclassified images: 1022
2025-08-17 14:18:29 Thread: [Thread-0] (ID: 40) INFO - New files added: httpsx.comrimu__momosestatus1956680825883570503photo1.jpg; Remaining unclassified images: 1022
2025-08-17 14:18:29 Thread: [Thread-0] (ID: 40) INFO - New files added: httpsx.comritsudayooon21status1956673460257898757photo1.jpg; Remaining unclassified images: 1022
2025-08-17 14:18:29 Thread: [Thread-0] (ID: 40) INFO - New files added: httpsx.comKae_0402status1820663148451402093.jpg; Remaining unclassified images: 1022
2025-08-17 14:18:29 Thread: [Thread-0] (ID: 40) INFO - New files added: httpsx.comoioioi525status1956684006994350423photo1.jpg; Remaining unclassified images: 1022
2025-08-17 14:18:29 Thread: [Thread-0] (ID: 40) INFO - New files added: httpsx.comidtNothinglosestatus1956673671730446710photo1.jpg; Remaining unclassified images: 1022
2025-08-17 14:18:29 Thread: [Thread-0] (ID: 40) INFO - New files added: httpsx.comChizuCheese8status1955779701647270368photo1.jpg; Remaining unclassified images: 1022
2025-08-17 14:18:29 Thread: [Thread-0] (ID: 40) INFO - New files added: httpsx.comchuanxiduostatus1956367632153915751photo1.jpg; Remaining unclassified images: 1022
2025-08-17 14:18:29 Thread: [Thread-0] (ID: 40) INFO - New files added: httpsx.comytrk_status1951840452384018570photo1.jpg; Remaining unclassified images: 1022
2025-08-17 14:18:29 Thread: [Thread-0] (ID: 40) INFO - New files added: httpsx.comytrk_status1953773980139065446photo1.jpg; Remaining unclassified images: 1022
2025-08-17 14:18:29 Thread: [Thread-0] (ID: 40) INFO - New files added: httpsx.comsamiicosstatus1946915918766129194photo1.jpg; Remaining unclassified images: 1022
2025-08-17 14:18:29 Thread: [Thread-0] (ID: 40) INFO - New files added: httpsx.comsamiicosstatus1956363582238777650photo1.jpg; Remaining unclassified images: 1022
2025-08-17 14:18:29 Thread: [Thread-0] (ID: 40) INFO - New files added: httpsx.comsamiicosstatus1956363582238777650photo2.jpg; Remaining unclassified images: 1022
2025-08-17 14:18:29 Thread: [Thread-0] (ID: 40) INFO - New files added: httpsx.comsamiicosstatus1956370570657861961photo1.jpg; Remaining unclassified images: 1022
2025-08-17 14:18:29 Thread: [Thread-0] (ID: 40) INFO - New files added: httpsx.comsamiicosstatus1956638041323561212photo1.jpg; Remaining unclassified images: 1022
2025-08-17 14:18:29 Thread: [Thread-0] (ID: 40) INFO - New files added: httpsx.comRodol__status1956315733945889109photo1.jpg; Remaining unclassified images: 1022
2025-08-17 14:18:29 Thread: [Thread-0] (ID: 40) INFO - New files added: httpsx.comapple_xrpstatus1956261047318544703photo1.jpg; Remaining unclassified images: 1022
2025-08-17 14:18:39 Thread: [ReadAndMovePool-thread-1] (ID: 59) INFO - File(s) has/have been moved; Remaining unclassified images: 1021
2025-08-17 14:20:19 Thread: [ReadAndMovePool-thread-1] (ID: 60) INFO - File(s) has/have been moved; Remaining unclassified images: 1019
2025-08-17 14:20:19 Thread: [ReadAndMovePool-thread-2] (ID: 61) INFO - File(s) has/have been moved; Remaining unclassified images: 1019
2025-08-17 14:29:57 Thread: [ReadAndMovePool-thread-1] (ID: 62) INFO - File(s) has/have been moved; Remaining unclassified images: 1018
2025-08-17 14:57:36 Thread: [ReadAndMovePool-thread-1] (ID: 63) INFO - File(s) has/have been moved; Remaining unclassified images: 1017
2025-08-17 15:04:06 Thread: [Thread-0] (ID: 40) INFO - New files added: httpsx.commannana10007status1956086282335215859video1.mp4; Remaining unclassified images: 1018
2025-08-17 15:04:06 Thread: [Thread-0] (ID: 40) INFO - New files added: httpswww.douyin.comvideo7530848229056793899.mp4; Remaining unclassified images: 1019
2025-08-17 15:04:21 Thread: [Thread-0] (ID: 40) INFO - New files added: 128297894_p0.jpg; Remaining unclassified images: 1020
2025-08-17 15:04:21 Thread: [Thread-0] (ID: 40) INFO - New files added: 132996350_p0.png; Remaining unclassified images: 1021
2025-08-17 15:04:21 Thread: [Thread-0] (ID: 40) INFO - New files added: 133264221_p0.jpg; Remaining unclassified images: 1022
2025-08-17 15:04:21 Thread: [Thread-0] (ID: 40) INFO - New files added: 133860509_p0.jpg; Remaining unclassified images: 1023
2025-08-17 15:52:31 Thread: [ReadAndMovePool-thread-1] (ID: 64) INFO - File(s) has/have been moved; Remaining unclassified images: 1022
2025-08-17 15:52:51 Thread: [ReadAndMovePool-thread-1] (ID: 65) INFO - File(s) has/have been moved; Remaining unclassified images: 1021
2025-08-17 15:57:13 Thread: [ReadAndMovePool-thread-1] (ID: 66) INFO - File(s) has/have been moved; Remaining unclassified images: 1020
2025-08-20 23:16:13 Thread: [ReadAndMovePool-thread-3] (ID: 44) INFO - File(s) has/have been moved; Remaining unclassified images: 1026
2025-08-20 23:16:13 Thread: [ReadAndMovePool-thread-2] (ID: 43) INFO - File(s) has/have been moved; Remaining unclassified images: 1026
2025-08-20 23:16:13 Thread: [ReadAndMovePool-thread-1] (ID: 42) INFO - File(s) has/have been moved; Remaining unclassified images: 1026
2025-08-20 23:16:24 Thread: [ReadAndMovePool-thread-1] (ID: 45) INFO - File(s) has/have been moved; Remaining unclassified images: 1025
2025-08-20 23:16:37 Thread: [ReadAndMovePool-thread-1] (ID: 46) INFO - File(s) has/have been moved; Remaining unclassified images: 1024
2025-08-20 23:16:52 Thread: [ReadAndMovePool-thread-3] (ID: 66) INFO - File(s) has/have been moved; Remaining unclassified images: 1019
2025-08-20 23:16:52 Thread: [ReadAndMovePool-thread-1] (ID: 64) INFO - File(s) has/have been moved; Remaining unclassified images: 1019
2025-08-20 23:16:52 Thread: [ReadAndMovePool-thread-2] (ID: 65) INFO - File(s) has/have been moved; Remaining unclassified images: 1019
2025-08-20 23:16:52 Thread: [ReadAndMovePool-thread-3] (ID: 66) INFO - File(s) has/have been moved; Remaining unclassified images: 1019
2025-08-20 23:16:52 Thread: [ReadAndMovePool-thread-1] (ID: 64) INFO - File(s) has/have been moved; Remaining unclassified images: 1019
2025-08-20 23:40:04 Thread: [ReadAndMovePool-thread-1] (ID: 67) INFO - File(s) has/have been moved; Remaining unclassified images: 1018
2025-08-23 17:58:20 Thread: [ReadAndMovePool-thread-3] (ID: 44) INFO - File(s) has/have been moved; Remaining unclassified images: 1019
2025-08-23 17:58:20 Thread: [ReadAndMovePool-thread-2] (ID: 43) INFO - File(s) has/have been moved; Remaining unclassified images: 1019
2025-08-23 17:58:20 Thread: [ReadAndMovePool-thread-1] (ID: 42) INFO - File(s) has/have been moved; Remaining unclassified images: 1019
2025-08-23 17:58:44 Thread: [ReadAndMovePool-thread-1] (ID: 45) INFO - File(s) has/have been moved; Remaining unclassified images: 1017
2025-08-23 17:58:44 Thread: [ReadAndMovePool-thread-2] (ID: 46) INFO - File(s) has/have been moved; Remaining unclassified images: 1017
2025-08-23 18:04:48 Thread: [ReadAndMovePool-thread-1] (ID: 64) INFO - File(s) has/have been moved; Remaining unclassified images: 1016
2025-08-23 18:56:28 Thread: [ReadAndMovePool-thread-1] (ID: 65) INFO - File(s) has/have been moved; Remaining unclassified images: 1015
2025-08-23 19:21:28 Thread: [ReadAndMovePool-thread-2] (ID: 67) INFO - File(s) has/have been moved; Remaining unclassified images: 1013
2025-08-23 19:21:28 Thread: [ReadAndMovePool-thread-1] (ID: 66) INFO - File(s) has/have been moved; Remaining unclassified images: 1013
2025-08-24 14:20:41 Thread: [ReadAndMovePool-thread-1] (ID: 42) INFO - File(s) has/have been moved; Remaining unclassified images: 1012
2025-08-24 14:23:46 Thread: [ReadAndMovePool-thread-3] (ID: 69) INFO - File(s) has/have been moved; Remaining unclassified images: 1008
2025-08-24 14:23:46 Thread: [ReadAndMovePool-thread-1] (ID: 67) INFO - File(s) has/have been moved; Remaining unclassified images: 1008
2025-08-24 14:23:46 Thread: [ReadAndMovePool-thread-2] (ID: 68) INFO - File(s) has/have been moved; Remaining unclassified images: 1008
2025-08-24 14:23:46 Thread: [ReadAndMovePool-thread-1] (ID: 67) INFO - File(s) has/have been moved; Remaining unclassified images: 1008
2025-08-24 14:25:28 Thread: [ReadAndMovePool-thread-1] (ID: 70) INFO - File(s) has/have been moved; Remaining unclassified images: 1007
2025-08-24 14:31:23 Thread: [ReadAndMovePool-thread-3] (ID: 75) INFO - File(s) has/have been moved; Remaining unclassified images: 991
2025-08-24 14:31:23 Thread: [ReadAndMovePool-thread-1] (ID: 73) INFO - File(s) has/have been moved; Remaining unclassified images: 991
2025-08-24 14:31:23 Thread: [ReadAndMovePool-thread-2] (ID: 74) INFO - File(s) has/have been moved; Remaining unclassified images: 991
2025-08-24 14:31:24 Thread: [ReadAndMovePool-thread-3] (ID: 75) INFO - File(s) has/have been moved; Remaining unclassified images: 991
2025-08-24 14:31:24 Thread: [ReadAndMovePool-thread-2] (ID: 74) INFO - File(s) has/have been moved; Remaining unclassified images: 991
2025-08-24 14:31:24 Thread: [ReadAndMovePool-thread-1] (ID: 73) INFO - File(s) has/have been moved; Remaining unclassified images: 991
2025-08-24 14:31:24 Thread: [ReadAndMovePool-thread-2] (ID: 74) INFO - File(s) has/have been moved; Remaining unclassified images: 991
2025-08-24 14:31:24 Thread: [ReadAndMovePool-thread-3] (ID: 75) INFO - File(s) has/have been moved; Remaining unclassified images: 991
2025-08-24 14:31:24 Thread: [ReadAndMovePool-thread-1] (ID: 73) INFO - File(s) has/have been moved; Remaining unclassified images: 991
2025-08-24 14:31:24 Thread: [ReadAndMovePool-thread-2] (ID: 74) INFO - File(s) has/have been moved; Remaining unclassified images: 991
2025-08-24 14:31:24 Thread: [ReadAndMovePool-thread-3] (ID: 75) INFO - File(s) has/have been moved; Remaining unclassified images: 991
2025-08-24 14:31:24 Thread: [ReadAndMovePool-thread-1] (ID: 73) INFO - File(s) has/have been moved; Remaining unclassified images: 991
2025-08-24 14:31:24 Thread: [ReadAndMovePool-thread-2] (ID: 74) INFO - File(s) has/have been moved; Remaining unclassified images: 991
2025-08-24 14:31:24 Thread: [ReadAndMovePool-thread-3] (ID: 75) INFO - File(s) has/have been moved; Remaining unclassified images: 991
2025-08-24 14:31:24 Thread: [ReadAndMovePool-thread-1] (ID: 73) INFO - File(s) has/have been moved; Remaining unclassified images: 991
2025-08-24 14:31:24 Thread: [ReadAndMovePool-thread-2] (ID: 74) INFO - File(s) has/have been moved; Remaining unclassified images: 991
2025-08-24 14:31:53 Thread: [ReadAndMovePool-thread-2] (ID: 77) INFO - File(s) has/have been moved; Remaining unclassified images: 975
2025-08-24 14:31:53 Thread: [ReadAndMovePool-thread-1] (ID: 76) INFO - File(s) has/have been moved; Remaining unclassified images: 975
2025-08-24 14:31:53 Thread: [ReadAndMovePool-thread-3] (ID: 78) INFO - File(s) has/have been moved; Remaining unclassified images: 975
2025-08-24 14:31:53 Thread: [ReadAndMovePool-thread-2] (ID: 77) INFO - File(s) has/have been moved; Remaining unclassified images: 975
2025-08-24 14:31:53 Thread: [ReadAndMovePool-thread-3] (ID: 78) INFO - File(s) has/have been moved; Remaining unclassified images: 975
2025-08-24 14:31:53 Thread: [ReadAndMovePool-thread-1] (ID: 76) INFO - File(s) has/have been moved; Remaining unclassified images: 975
2025-08-24 14:31:53 Thread: [ReadAndMovePool-thread-3] (ID: 78) INFO - File(s) has/have been moved; Remaining unclassified images: 975
2025-08-24 14:31:53 Thread: [ReadAndMovePool-thread-2] (ID: 77) INFO - File(s) has/have been moved; Remaining unclassified images: 975
2025-08-24 14:31:53 Thread: [ReadAndMovePool-thread-1] (ID: 76) INFO - File(s) has/have been moved; Remaining unclassified images: 975
2025-08-24 14:31:53 Thread: [ReadAndMovePool-thread-1] (ID: 76) INFO - File(s) has/have been moved; Remaining unclassified images: 975
2025-08-24 14:31:53 Thread: [ReadAndMovePool-thread-3] (ID: 78) INFO - File(s) has/have been moved; Remaining unclassified images: 975
2025-08-24 14:31:53 Thread: [ReadAndMovePool-thread-2] (ID: 77) INFO - File(s) has/have been moved; Remaining unclassified images: 975
2025-08-24 14:31:53 Thread: [ReadAndMovePool-thread-1] (ID: 76) INFO - File(s) has/have been moved; Remaining unclassified images: 975
2025-08-24 14:31:53 Thread: [ReadAndMovePool-thread-3] (ID: 78) INFO - File(s) has/have been moved; Remaining unclassified images: 975
2025-08-24 14:31:53 Thread: [ReadAndMovePool-thread-2] (ID: 77) INFO - File(s) has/have been moved; Remaining unclassified images: 975
2025-08-24 14:31:53 Thread: [ReadAndMovePool-thread-1] (ID: 76) INFO - File(s) has/have been moved; Remaining unclassified images: 975
2025-08-24 14:32:07 Thread: [ReadAndMovePool-thread-2] (ID: 80) INFO - File(s) has/have been moved; Remaining unclassified images: 971
2025-08-24 14:32:07 Thread: [ReadAndMovePool-thread-1] (ID: 79) INFO - File(s) has/have been moved; Remaining unclassified images: 971
2025-08-24 14:32:07 Thread: [ReadAndMovePool-thread-3] (ID: 81) INFO - File(s) has/have been moved; Remaining unclassified images: 971
2025-08-24 14:32:07 Thread: [ReadAndMovePool-thread-1] (ID: 79) INFO - File(s) has/have been moved; Remaining unclassified images: 971
2025-08-24 14:34:49 Thread: [ReadAndMovePool-thread-1] (ID: 82) INFO - File(s) has/have been moved; Remaining unclassified images: 966
2025-08-25 22:30:00 Thread: [Thread-0] (ID: 40) INFO - New files added: httpsx.comxdeyuixstatus1948323019287318822photo1.jpg; Remaining unclassified images: 975
2025-08-25 22:30:00 Thread: [Thread-0] (ID: 40) INFO - New files added: httpsdanbooru.donmai.usposts9832442.webp; Remaining unclassified images: 975
2025-08-25 22:30:00 Thread: [Thread-0] (ID: 40) INFO - New files added: httpsx.combeccakikostatus1959178825860051253photo1.jpg; Remaining unclassified images: 975
2025-08-25 22:30:00 Thread: [Thread-0] (ID: 40) INFO - New files added: httpsx.comchiarinclestatus1959595238617731401photo1.jpg; Remaining unclassified images: 975
2025-08-25 22:30:00 Thread: [Thread-0] (ID: 40) INFO - New files added: httpsx.comKOROMO_551status1959578895067615372photo1.jpg; Remaining unclassified images: 975
2025-08-25 22:30:00 Thread: [Thread-0] (ID: 40) INFO - New files added: httpsx.commamamia1008status1958896743439114683photo1.jpg; Remaining unclassified images: 975
2025-08-25 22:30:00 Thread: [Thread-0] (ID: 40) INFO - New files added: httpsx.commamamia1008status1959270902618820622photo1.jpg; Remaining unclassified images: 975
2025-08-25 22:30:00 Thread: [Thread-0] (ID: 40) INFO - New files added: httpsx.comuoouchanstatus1950143939421327428photo1.jpg; Remaining unclassified images: 975
2025-08-25 22:30:00 Thread: [Thread-0] (ID: 40) INFO - New files added: httpsx.comxdeyuixstatus1959919682632192348photo1.jpg; Remaining unclassified images: 975
2025-08-25 22:31:07 Thread: [ReadAndMovePool-thread-3] (ID: 44) INFO - File(s) has/have been moved; Remaining unclassified images: 971
2025-08-25 22:31:07 Thread: [ReadAndMovePool-thread-2] (ID: 43) INFO - File(s) has/have been moved; Remaining unclassified images: 971
2025-08-25 22:31:07 Thread: [ReadAndMovePool-thread-1] (ID: 42) INFO - File(s) has/have been moved; Remaining unclassified images: 971
2025-08-25 22:31:07 Thread: [ReadAndMovePool-thread-2] (ID: 43) INFO - File(s) has/have been moved; Remaining unclassified images: 971
2025-08-25 22:33:04 Thread: [ReadAndMovePool-thread-1] (ID: 62) INFO - File(s) has/have been moved; Remaining unclassified images: 970
2025-08-25 22:33:25 Thread: [ReadAndMovePool-thread-1] (ID: 63) INFO - File(s) has/have been moved; Remaining unclassified images: 969
2025-08-25 22:33:43 Thread: [ReadAndMovePool-thread-1] (ID: 64) INFO - File(s) has/have been moved; Remaining unclassified images: 967
2025-08-25 22:33:43 Thread: [ReadAndMovePool-thread-2] (ID: 65) INFO - File(s) has/have been moved; Remaining unclassified images: 967
2025-08-25 22:36:14 Thread: [ReadAndMovePool-thread-1] (ID: 66) INFO - File(s) has/have been moved; Remaining unclassified images: 962
2025-08-25 22:36:14 Thread: [ReadAndMovePool-thread-2] (ID: 67) INFO - File(s) has/have been moved; Remaining unclassified images: 962
2025-08-25 22:36:14 Thread: [ReadAndMovePool-thread-3] (ID: 68) INFO - File(s) has/have been moved; Remaining unclassified images: 962
2025-08-25 22:36:14 Thread: [ReadAndMovePool-thread-1] (ID: 66) INFO - File(s) has/have been moved; Remaining unclassified images: 962
2025-08-25 22:36:14 Thread: [ReadAndMovePool-thread-2] (ID: 67) INFO - File(s) has/have been moved; Remaining unclassified images: 962
2025-08-25 22:36:30 Thread: [ReadAndMovePool-thread-1] (ID: 69) INFO - File(s) has/have been moved; Remaining unclassified images: 960
2025-08-25 22:36:30 Thread: [ReadAndMovePool-thread-2] (ID: 70) INFO - File(s) has/have been moved; Remaining unclassified images: 960
2025-08-25 22:36:44 Thread: [ReadAndMovePool-thread-3] (ID: 73) INFO - File(s) has/have been moved; Remaining unclassified images: 957
2025-08-25 22:36:44 Thread: [ReadAndMovePool-thread-2] (ID: 72) INFO - File(s) has/have been moved; Remaining unclassified images: 957
2025-08-25 22:36:44 Thread: [ReadAndMovePool-thread-1] (ID: 71) INFO - File(s) has/have been moved; Remaining unclassified images: 957
2025-08-25 22:38:03 Thread: [ReadAndMovePool-thread-1] (ID: 74) INFO - File(s) has/have been moved; Remaining unclassified images: 956
2025-08-25 22:39:42 Thread: [ReadAndMovePool-thread-1] (ID: 75) INFO - File(s) has/have been moved; Remaining unclassified images: 955
2025-08-25 22:41:27 Thread: [ReadAndMovePool-thread-1] (ID: 76) INFO - File(s) has/have been moved; Remaining unclassified images: 954
2025-08-25 22:44:03 Thread: [ReadAndMovePool-thread-1] (ID: 77) INFO - File(s) has/have been moved; Remaining unclassified images: 953
2025-08-25 22:44:42 Thread: [Thread-0] (ID: 40) INFO - New files added: 133667600_p0.jpg; Remaining unclassified images: 953
2025-08-25 22:44:42 Thread: [Thread-0] (ID: 40) INFO - New files added: 133773798_p0.jpg; Remaining unclassified images: 953
2025-08-25 22:44:53 Thread: [ReadAndMovePool-thread-1] (ID: 78) INFO - File(s) has/have been moved; Remaining unclassified images: 951
2025-08-25 22:44:53 Thread: [ReadAndMovePool-thread-2] (ID: 79) INFO - File(s) has/have been moved; Remaining unclassified images: 951
2025-08-25 22:49:21 Thread: [ReadAndMovePool-thread-2] (ID: 81) INFO - File(s) has/have been moved; Remaining unclassified images: 947
2025-08-25 22:49:21 Thread: [ReadAndMovePool-thread-1] (ID: 80) INFO - File(s) has/have been moved; Remaining unclassified images: 947
2025-08-25 22:49:21 Thread: [ReadAndMovePool-thread-3] (ID: 82) INFO - File(s) has/have been moved; Remaining unclassified images: 947
2025-08-25 22:49:21 Thread: [ReadAndMovePool-thread-1] (ID: 80) INFO - File(s) has/have been moved; Remaining unclassified images: 947
2025-08-25 22:49:46 Thread: [ReadAndMovePool-thread-1] (ID: 83) INFO - File(s) has/have been moved; Remaining unclassified images: 941
2025-08-25 22:49:46 Thread: [ReadAndMovePool-thread-2] (ID: 84) INFO - File(s) has/have been moved; Remaining unclassified images: 941
2025-08-25 22:49:46 Thread: [ReadAndMovePool-thread-3] (ID: 85) INFO - File(s) has/have been moved; Remaining unclassified images: 941
2025-08-25 22:49:46 Thread: [ReadAndMovePool-thread-3] (ID: 85) INFO - File(s) has/have been moved; Remaining unclassified images: 941
2025-08-25 22:49:46 Thread: [ReadAndMovePool-thread-1] (ID: 83) INFO - File(s) has/have been moved; Remaining unclassified images: 941
2025-08-25 22:49:46 Thread: [ReadAndMovePool-thread-2] (ID: 84) INFO - File(s) has/have been moved; Remaining unclassified images: 941
2025-08-26 23:34:03 Thread: [ReadAndMovePool-thread-1] (ID: 51) INFO - File(s) has/have been moved; Remaining unclassified images: 981
2025-08-26 23:34:03 Thread: [ReadAndMovePool-thread-2] (ID: 52) INFO - File(s) has/have been moved; Remaining unclassified images: 981
2025-08-30 00:41:52 Thread: [ReadAndMovePool-thread-3] (ID: 44) INFO - File(s) has/have been moved; Remaining unclassified images: 968
2025-08-30 00:41:52 Thread: [ReadAndMovePool-thread-1] (ID: 42) INFO - File(s) has/have been moved; Remaining unclassified images: 968
2025-08-30 00:41:52 Thread: [ReadAndMovePool-thread-2] (ID: 43) INFO - File(s) has/have been moved; Remaining unclassified images: 968
2025-08-30 00:41:52 Thread: [ReadAndMovePool-thread-1] (ID: 42) INFO - File(s) has/have been moved; Remaining unclassified images: 968
2025-08-30 00:41:52 Thread: [ReadAndMovePool-thread-3] (ID: 44) INFO - File(s) has/have been moved; Remaining unclassified images: 968
2025-08-30 00:41:52 Thread: [ReadAndMovePool-thread-2] (ID: 43) INFO - File(s) has/have been moved; Remaining unclassified images: 968
2025-08-30 00:41:52 Thread: [ReadAndMovePool-thread-1] (ID: 42) INFO - File(s) has/have been moved; Remaining unclassified images: 968
2025-08-30 00:41:52 Thread: [ReadAndMovePool-thread-2] (ID: 43) INFO - File(s) has/have been moved; Remaining unclassified images: 968
2025-08-30 00:41:52 Thread: [ReadAndMovePool-thread-3] (ID: 44) INFO - File(s) has/have been moved; Remaining unclassified images: 968
2025-08-30 00:41:52 Thread: [ReadAndMovePool-thread-1] (ID: 42) INFO - File(s) has/have been moved; Remaining unclassified images: 968
2025-08-30 00:41:52 Thread: [ReadAndMovePool-thread-3] (ID: 44) INFO - File(s) has/have been moved; Remaining unclassified images: 968
2025-08-30 00:41:52 Thread: [ReadAndMovePool-thread-2] (ID: 43) INFO - File(s) has/have been moved; Remaining unclassified images: 968
2025-08-30 00:41:52 Thread: [ReadAndMovePool-thread-1] (ID: 42) INFO - File(s) has/have been moved; Remaining unclassified images: 968
2025-08-30 00:43:30 Thread: [ReadAndMovePool-thread-2] (ID: 63) INFO - File(s) has/have been moved; Remaining unclassified images: 965
2025-08-30 00:43:30 Thread: [ReadAndMovePool-thread-3] (ID: 64) INFO - File(s) has/have been moved; Remaining unclassified images: 965
2025-08-30 00:43:30 Thread: [ReadAndMovePool-thread-1] (ID: 62) INFO - File(s) has/have been moved; Remaining unclassified images: 965
2025-08-30 00:43:40 Thread: [ReadAndMovePool-thread-1] (ID: 65) INFO - File(s) has/have been moved; Remaining unclassified images: 964
2025-08-30 00:43:49 Thread: [ReadAndMovePool-thread-1] (ID: 66) INFO - File(s) has/have been moved; Remaining unclassified images: 963
2025-08-30 07:35:12 Thread: [ReadAndMovePool-thread-1] (ID: 67) INFO - File(s) has/have been moved; Remaining unclassified images: 962
2025-08-30 07:35:34 Thread: [ReadAndMovePool-thread-1] (ID: 68) INFO - File(s) has/have been moved; Remaining unclassified images: 961
2025-08-30 08:53:08 Thread: [Thread-0] (ID: 40) INFO - New files added: httpsx.commamamia1008status1959848102195597591photo1.jpg; Remaining unclassified images: 962
2025-08-30 08:53:08 Thread: [Thread-0] (ID: 40) INFO - New files added: httpsx.comsasuchi95status1956305887426961908photo1.jpg; Remaining unclassified images: 963
2025-08-30 08:53:08 Thread: [Thread-0] (ID: 40) INFO - New files added: httpsx.comoioioi525status1958851248628834698photo1.jpg; Remaining unclassified images: 963
2025-08-30 08:53:08 Thread: [Thread-0] (ID: 40) INFO - New files added: httpsx.comSydusArts2status1960400262717145235photo1.jpg; Remaining unclassified images: 964
2025-08-30 08:53:08 Thread: [Thread-0] (ID: 40) INFO - New files added: httpsx.comCHR0LL0xLUCIFERstatus1960406110600618085photo1.jpg; Remaining unclassified images: 965
2025-08-30 08:53:08 Thread: [Thread-0] (ID: 40) INFO - New files added: httpswww.bilibili.comopus1046830636981026816.png; Remaining unclassified images: 966
2025-08-30 08:53:08 Thread: [Thread-0] (ID: 40) INFO - New files added: httpswww.bilibili.comopus1082548001624293380.jpg; Remaining unclassified images: 968
2025-08-30 08:53:08 Thread: [Thread-0] (ID: 40) INFO - New files added: httpswww.bilibili.comopus1084757246925078535.jpg; Remaining unclassified images: 968
2025-08-30 08:53:08 Thread: [Thread-0] (ID: 40) INFO - New files added: httpsx.comAida_noa_status1940360534089748869photo1.jpg; Remaining unclassified images: 968
2025-08-30 12:10:29 Thread: [Thread-0] (ID: 40) INFO - New files added: httpsdanbooru.donmai.usposts986654.jpg; Remaining unclassified images: 970
2025-08-30 12:10:29 Thread: [Thread-0] (ID: 40) INFO - New files added: httpsdanbooru.donmai.usposts8712928.png; Remaining unclassified images: 971
2025-08-30 12:10:29 Thread: [Thread-0] (ID: 40) INFO - New files added: httpsdanbooru.donmai.usposts8712979.png; Remaining unclassified images: 972
2025-08-30 12:10:29 Thread: [Thread-0] (ID: 40) INFO - New files added: httpsdanbooru.donmai.usposts8713018.png; Remaining unclassified images: 972
2025-08-30 12:10:29 Thread: [Thread-0] (ID: 40) INFO - New files added: httpsdanbooru.donmai.usposts9104097.webp; Remaining unclassified images: 973
2025-08-30 12:10:29 Thread: [Thread-0] (ID: 40) INFO - New files added: httpsdanbooru.donmai.usposts9106617.png; Remaining unclassified images: 974
2025-08-30 12:10:29 Thread: [Thread-0] (ID: 40) INFO - New files added: httpsdanbooru.donmai.usposts9108314.png; Remaining unclassified images: 975
2025-08-30 12:10:29 Thread: [Thread-0] (ID: 40) INFO - New files added: httpsdanbooru.donmai.usposts9108315.png; Remaining unclassified images: 976
2025-08-30 12:10:29 Thread: [Thread-0] (ID: 40) INFO - New files added: httpsdanbooru.donmai.usposts9114293.png; Remaining unclassified images: 977
2025-08-30 12:10:29 Thread: [Thread-0] (ID: 40) INFO - New files added: httpswww.bilibili.comopus1098350414658535432.jpg; Remaining unclassified images: 978
2025-08-30 12:10:52 Thread: [ReadAndMovePool-thread-3] (ID: 104) INFO - File(s) has/have been moved; Remaining unclassified images: 969
2025-08-30 12:10:52 Thread: [ReadAndMovePool-thread-2] (ID: 103) INFO - File(s) has/have been moved; Remaining unclassified images: 969
2025-08-30 12:10:52 Thread: [ReadAndMovePool-thread-1] (ID: 102) INFO - File(s) has/have been moved; Remaining unclassified images: 969
2025-08-30 12:10:52 Thread: [ReadAndMovePool-thread-3] (ID: 104) INFO - File(s) has/have been moved; Remaining unclassified images: 969
2025-08-30 12:10:52 Thread: [ReadAndMovePool-thread-2] (ID: 103) INFO - File(s) has/have been moved; Remaining unclassified images: 969
2025-08-30 12:10:52 Thread: [ReadAndMovePool-thread-1] (ID: 102) INFO - File(s) has/have been moved; Remaining unclassified images: 969
2025-08-30 12:10:52 Thread: [ReadAndMovePool-thread-3] (ID: 104) INFO - File(s) has/have been moved; Remaining unclassified images: 969
2025-08-30 12:10:52 Thread: [ReadAndMovePool-thread-1] (ID: 102) INFO - File(s) has/have been moved; Remaining unclassified images: 969
2025-08-30 12:10:52 Thread: [ReadAndMovePool-thread-2] (ID: 103) INFO - File(s) has/have been moved; Remaining unclassified images: 969
2025-08-30 12:11:07 Thread: [ReadAndMovePool-thread-2] (ID: 106) INFO - File(s) has/have been moved; Remaining unclassified images: 966
2025-08-30 12:11:07 Thread: [ReadAndMovePool-thread-1] (ID: 105) INFO - File(s) has/have been moved; Remaining unclassified images: 966
2025-08-30 12:11:07 Thread: [ReadAndMovePool-thread-3] (ID: 107) INFO - File(s) has/have been moved; Remaining unclassified images: 966
2025-08-30 12:11:42 Thread: [ReadAndMovePool-thread-1] (ID: 109) INFO - File(s) has/have been moved; Remaining unclassified images: 955
2025-08-30 12:12:26 Thread: [ReadAndMovePool-thread-1] (ID: 110) INFO - File(s) has/have been moved; Remaining unclassified images: 954
2025-08-30 12:12:44 Thread: [ReadAndMovePool-thread-1] (ID: 111) INFO - File(s) has/have been moved; Remaining unclassified images: 953
2025-08-30 12:14:15 Thread: [ReadAndMovePool-thread-2] (ID: 113) INFO - File(s) has/have been moved; Remaining unclassified images: 951
2025-08-30 12:14:15 Thread: [ReadAndMovePool-thread-1] (ID: 112) INFO - File(s) has/have been moved; Remaining unclassified images: 951
2025-08-30 12:14:25 Thread: [ReadAndMovePool-thread-2] (ID: 115) INFO - File(s) has/have been moved; Remaining unclassified images: 949
2025-08-30 12:14:25 Thread: [ReadAndMovePool-thread-1] (ID: 114) INFO - File(s) has/have been moved; Remaining unclassified images: 949
2025-08-30 12:43:30 Thread: [ReadAndMovePool-thread-1] (ID: 120) INFO - File(s) has/have been moved; Remaining unclassified images: 948
2025-08-30 20:37:33 Thread: [ReadAndMovePool-thread-3] (ID: 160) INFO - File(s) has/have been moved; Remaining unclassified images: 945
2025-08-30 20:37:33 Thread: [ReadAndMovePool-thread-1] (ID: 158) INFO - File(s) has/have been moved; Remaining unclassified images: 945
2025-08-30 20:37:33 Thread: [ReadAndMovePool-thread-2] (ID: 159) INFO - File(s) has/have been moved; Remaining unclassified images: 945
2025-08-30 20:39:24 Thread: [ReadAndMovePool-thread-2] (ID: 163) INFO - File(s) has/have been moved; Remaining unclassified images: 925
2025-08-30 20:39:24 Thread: [ReadAndMovePool-thread-1] (ID: 162) INFO - File(s) has/have been moved; Remaining unclassified images: 925
2025-08-30 20:39:24 Thread: [ReadAndMovePool-thread-3] (ID: 164) INFO - File(s) has/have been moved; Remaining unclassified images: 925
2025-08-30 20:39:24 Thread: [ReadAndMovePool-thread-3] (ID: 164) INFO - File(s) has/have been moved; Remaining unclassified images: 925
2025-08-30 20:39:24 Thread: [ReadAndMovePool-thread-2] (ID: 163) INFO - File(s) has/have been moved; Remaining unclassified images: 925
2025-08-30 22:27:33 Thread: [ReadAndMovePool-thread-1] (ID: 169) INFO - File(s) has/have been moved; Remaining unclassified images: 923
2025-08-30 22:27:33 Thread: [ReadAndMovePool-thread-2] (ID: 170) INFO - File(s) has/have been moved; Remaining unclassified images: 923
2025-08-31 11:56:48 Thread: [ReadAndMovePool-thread-1] (ID: 42) INFO - File(s) has/have been moved; Remaining unclassified images: 944
2025-08-31 11:57:06 Thread: [ReadAndMovePool-thread-1] (ID: 43) INFO - File(s) has/have been moved; Remaining unclassified images: 943
2025-08-31 11:57:14 Thread: [ReadAndMovePool-thread-1] (ID: 44) INFO - File(s) has/have been moved; Remaining unclassified images: 942
2025-08-31 11:57:30 Thread: [ReadAndMovePool-thread-2] (ID: 46) INFO - File(s) has/have been moved; Remaining unclassified images: 938
2025-08-31 11:57:30 Thread: [ReadAndMovePool-thread-3] (ID: 47) INFO - File(s) has/have been moved; Remaining unclassified images: 938
2025-08-31 11:57:30 Thread: [ReadAndMovePool-thread-1] (ID: 45) INFO - File(s) has/have been moved; Remaining unclassified images: 938
2025-08-31 11:57:30 Thread: [ReadAndMovePool-thread-1] (ID: 45) INFO - File(s) has/have been moved; Remaining unclassified images: 938
2025-08-31 12:01:40 Thread: [ReadAndMovePool-thread-1] (ID: 72) INFO - File(s) has/have been moved; Remaining unclassified images: 936
2025-08-31 12:45:23 Thread: [ReadAndMovePool-thread-1] (ID: 75) INFO - File(s) has/have been moved; Remaining unclassified images: 934
2025-08-31 12:45:23 Thread: [ReadAndMovePool-thread-2] (ID: 76) INFO - File(s) has/have been moved; Remaining unclassified images: 934
2025-08-31 13:40:45 Thread: [Thread-0] (ID: 40) INFO - New files added: 134047294_p0.jpg; Remaining unclassified images: 935
2025-08-31 13:40:45 Thread: [Thread-0] (ID: 40) INFO - New files added: 104943775_p0.jpg; Remaining unclassified images: 936
2025-08-31 13:40:45 Thread: [Thread-0] (ID: 40) INFO - New files added: 122194932_p0.png; Remaining unclassified images: 937
2025-08-31 13:40:45 Thread: [Thread-0] (ID: 40) INFO - New files added: 122194932_p1.png; Remaining unclassified images: 938
2025-08-31 13:40:45 Thread: [Thread-0] (ID: 40) INFO - New files added: 133147427_p0.png; Remaining unclassified images: 939
2025-08-31 13:40:45 Thread: [Thread-0] (ID: 40) INFO - New files added: 133223930_p0.png; Remaining unclassified images: 940
2025-08-31 13:40:45 Thread: [Thread-0] (ID: 40) INFO - New files added: 133440314_p0.jpg; Remaining unclassified images: 941
2025-08-31 13:40:45 Thread: [Thread-0] (ID: 40) INFO - New files added: 133633242_p0.png; Remaining unclassified images: 942
2025-08-31 13:40:45 Thread: [Thread-0] (ID: 40) INFO - New files added: 134268771_p0.png; Remaining unclassified images: 943
2025-08-31 13:40:45 Thread: [Thread-0] (ID: 40) INFO - New files added: 134433115_p0.jpg; Remaining unclassified images: 944
2025-08-31 13:40:45 Thread: [Thread-0] (ID: 40) INFO - New files added: 134465390_p0.png; Remaining unclassified images: 945
2025-08-31 13:55:40 Thread: [ReadAndMovePool-thread-2] (ID: 91) INFO - File(s) has/have been moved; Remaining unclassified images: 942
2025-08-31 13:55:40 Thread: [ReadAndMovePool-thread-3] (ID: 92) INFO - File(s) has/have been moved; Remaining unclassified images: 942
2025-08-31 13:55:40 Thread: [ReadAndMovePool-thread-1] (ID: 90) INFO - File(s) has/have been moved; Remaining unclassified images: 942
2025-08-31 13:56:14 Thread: [ReadAndMovePool-thread-1] (ID: 93) INFO - File(s) has/have been moved; Remaining unclassified images: 941
2025-08-31 13:57:04 Thread: [ReadAndMovePool-thread-1] (ID: 95) INFO - File(s) has/have been moved; Remaining unclassified images: 940
2025-08-31 13:57:19 Thread: [ReadAndMovePool-thread-1] (ID: 96) INFO - File(s) has/have been moved; Remaining unclassified images: 939
2025-08-31 15:53:13 Thread: [ReadAndMovePool-thread-1] (ID: 98) INFO - File(s) has/have been moved; Remaining unclassified images: 938
2025-08-31 15:53:25 Thread: [ReadAndMovePool-thread-1] (ID: 99) INFO - File(s) has/have been moved; Remaining unclassified images: 937
