2024-09-01 INFO [Client] - New files added: 63cd1463170b2fbc96ed4c2eab2dc848.png; Remaining unclassified images: 36
2024-09-01 INFO [Client] - New files added: httpsx.comchizu_0620status1829858339997827371photo1.jpg; Remaining unclassified images: 35
2024-09-01 INFO [Client] - New files added: httpsx.comSsangbongLlamastatus1829806341072076987photo1.jpg; Remaining unclassified images: 36
2024-09-01 INFO [Client] - New files added: httpsx.comchizu_0620status1829858339997827371photo2.jpg; Remaining unclassified images: 37
2024-09-01 INFO [Client] - New files added: 13fe381e58e97a0e0dafb1f52bb48ab1.png; Remaining unclassified images: 38
2024-09-01 INFO [Client] - New files added: httpsx.comchizu_0620status1829858339997827371photo3.jpg; Remaining unclassified images: 39
2024-09-01 INFO [Client] - New files added: httpsx.comchizu_0620status1829858339997827371photo4.jpg; Remaining unclassified images: 40
2024-09-01 INFO [Client] - File(s) has/have been moved; Remaining unclassified images: 36
2024-09-01 INFO [Client] - File(s) has/have been moved; Remaining unclassified images: 36
2024-09-01 INFO [Client] - File(s) has/have been moved; Remaining unclassified images: 36
2024-09-01 INFO [Client] - File(s) has/have been moved; Remaining unclassified images: 36
2024-09-01 INFO [Client] - New files added: httpsx.comkimo_X0Xstatus1830073255606305025photo1.jpg; Remaining unclassified images: 33
2024-09-01 INFO [Client] - New files added: httpswww.miyoushe.comysarticle41807564.jpg; Remaining unclassified images: 33
2024-09-01 INFO [Client] - New files added: httpsx.comRoyBoy_illustatus1829830377793597852photo1.jpg; Remaining unclassified images: 34
2024-09-01 INFO [Client] - New files added: httpsx.comgenshin_meme_jpstatus1830093240004956483photo1.jpg; Remaining unclassified images: 35
2024-09-01 INFO [Client] - New files added: httpsx.comAtdan86status1830091154458886292photo1.jpg; Remaining unclassified images: 36
2024-09-01 INFO [Client] - New files added: httpsx.com0kageroustatus1830078560771719197photo1.jpg; Remaining unclassified images: 37
2024-09-01 INFO [Client] - New files added: httpsx.comchisora_rastatus1830034872402133175photo1.jpg; Remaining unclassified images: 38
2024-09-01 INFO [Client] - File(s) has/have been moved; Remaining unclassified images: 33
2024-09-01 INFO [Client] - File(s) has/have been moved; Remaining unclassified images: 33
2024-09-01 INFO [Client] - File(s) has/have been moved; Remaining unclassified images: 32
2024-09-01 INFO [Client] - File(s) has/have been moved; Remaining unclassified images: 28
2024-09-01 INFO [Client] - File(s) has/have been moved; Remaining unclassified images: 28
2024-09-01 INFO [Client] - File(s) has/have been moved; Remaining unclassified images: 28
2024-09-01 INFO [Client] - File(s) has/have been moved; Remaining unclassified images: 28
2024-09-01 INFO [Client] - File(s) has/have been moved; Remaining unclassified images: 27
2024-09-01 INFO [Client] - New files added: httpsx.comXianYueZzzzstatus1804549806901391417photo1.jpg; Remaining unclassified images: 28
2024-09-01 INFO [Client] - New files added: httpstwitter.comkyusoukyustatus1737767376756850709photo1.jpg; Remaining unclassified images: 29
2024-09-01 INFO [Client] - File(s) has/have been moved; Remaining unclassified images: 27
2024-09-01 INFO [Client] - File(s) has/have been moved; Remaining unclassified images: 27
2024-09-01 INFO [Client] - File(s) has/have been moved; Remaining unclassified images: 26
2024-09-01 INFO [Client] - New files added: httpsx.comlike_aria10status1827794676591849804photo1.jpg; Remaining unclassified images: 27
2024-09-01 INFO [Client] - New files added: httpsx.comsatosi_mhfstatus1828755931385172450photo3.jpg; Remaining unclassified images: 28
2024-09-01 INFO [Client] - New files added: httpsx.comchizu_0620status1830221648144019644photo3.jpg; Remaining unclassified images: 29
2024-09-01 INFO [Client] - New files added: httpsx.comchizu_0620status1830221648144019644photo4.jpg; Remaining unclassified images: 30
2024-09-01 INFO [Client] - New files added: httpsx.comsatosi_mhfstatus1828751050628850164photo1.jpg; Remaining unclassified images: 31
2024-09-01 INFO [Client] - New files added: httpsx.comsatosi_mhfstatus1828751050628850164photo2.jpg; Remaining unclassified images: 32
2024-09-01 INFO [Client] - New files added: httpsx.comsatosi_mhfstatus1828751050628850164photo3.jpg; Remaining unclassified images: 33
2024-09-01 INFO [Client] - New files added: httpsx.comsatosi_mhfstatus1828751050628850164photo4.jpg; Remaining unclassified images: 34
2024-09-01 INFO [Client] - New files added: httpsx.comMiyako_Drawstatus1830165508425203968photo1.jpg; Remaining unclassified images: 35
2024-09-01 INFO [Client] - New files added: httpsx.com_8erustatus1830210950450094582photo1.jpg; Remaining unclassified images: 36
2024-09-01 INFO [Client] - New files added: httpsx.comXTTTX_status1830184078668415382photo1.jpg; Remaining unclassified images: 37
2024-09-01 INFO [Client] - New files added: httpsx.comchizu_0620status1830221648144019644photo1.jpg; Remaining unclassified images: 38
2024-09-01 INFO [Client] - New files added: httpsx.comchizu_0620status1830221648144019644photo2.jpg; Remaining unclassified images: 39
2024-09-01 INFO [Client] - New files added: httpsx.comzhongwuchahuistatus1830188959458345211photo1.jpg; Remaining unclassified images: 40
2024-09-01 INFO [Client] - File(s) has/have been moved; Remaining unclassified images: 36
2024-09-01 INFO [Client] - File(s) has/have been moved; Remaining unclassified images: 36
2024-09-01 INFO [Client] - File(s) has/have been moved; Remaining unclassified images: 36
2024-09-01 INFO [Client] - File(s) has/have been moved; Remaining unclassified images: 36
2024-09-02 INFO [Client] - New files added: httpsx.com77kura7status1830195607878951396photo1.jpg; Remaining unclassified images: 37
2024-09-02 INFO [Client] - New files added: 115567924_p1.png; Remaining unclassified images: 38
2024-09-02 INFO [Client] - New files added: 122023253_p0.jpg; Remaining unclassified images: 39
2024-09-02 INFO [Client] - New files added: 122048465_p0.jpg; Remaining unclassified images: 40
2024-09-02 INFO [Client] - New files added: 105191743_p0.png; Remaining unclassified images: 41
2024-09-02 INFO [Client] - New files added: 115567924_p0.png; Remaining unclassified images: 42
2024-09-02 INFO [Client] - File(s) has/have been moved; Remaining unclassified images: 37
2024-09-02 INFO [Client] - File(s) has/have been moved; Remaining unclassified images: 37
2024-09-02 INFO [Client] - File(s) has/have been moved; Remaining unclassified images: 37
2024-09-02 INFO [Client] - File(s) has/have been moved; Remaining unclassified images: 37
2024-09-02 INFO [Client] - File(s) has/have been moved; Remaining unclassified images: 37
2024-09-02 INFO [Client] - File(s) has/have been moved; Remaining unclassified images: 36
2024-09-02 INFO [Client] - File(s) has/have been moved; Remaining unclassified images: 35
2024-09-02 INFO [Client] - File(s) has/have been moved; Remaining unclassified images: 31
2024-09-02 INFO [Client] - File(s) has/have been moved; Remaining unclassified images: 30
2024-09-02 INFO [Client] - File(s) has/have been moved; Remaining unclassified images: 29
2024-09-02 INFO [Client] - File(s) has/have been moved; Remaining unclassified images: 28
2024-09-02 INFO [Client] - File(s) has/have been moved; Remaining unclassified images: 27
2024-09-02 INFO [Client] - File(s) has/have been moved; Remaining unclassified images: 24
2024-09-02 INFO [Client] - File(s) has/have been moved; Remaining unclassified images: 24
2024-09-02 INFO [Client] - File(s) has/have been moved; Remaining unclassified images: 24
2024-09-02 INFO [Client] - File(s) has/have been moved; Remaining unclassified images: 23
2024-09-02 INFO [Client] - New files added: httpsx.comjuria_riristatus1830003368439529862photo1.jpg; Remaining unclassified images: 25
2024-09-02 INFO [Client] - New files added: httpsx.comohtani_tani25status1830527907468603484photo1.jpg; Remaining unclassified images: 26
2024-09-02 INFO [Client] - New files added: httpsx.comgcmzistatus1821200727194378280photo1.jpg; Remaining unclassified images: 24
2024-09-02 INFO [Client] - New files added: httpsx.comhongmo2021status1827950908908650513photo1.jpg; Remaining unclassified images: 27
2024-09-02 INFO [Client] - New files added: httpsx.comyunmu_gstatus1830214489788260706photo1.jpg; Remaining unclassified images: 28
2024-09-02 INFO [Client] - New files added: httpsx.com_prana_12status1829783682460053704photo1.jpg; Remaining unclassified images: 29
2024-09-02 INFO [Client] - New files added: httpsx.comhuhu_noriistatus1830269127057166786photo1.jpg; Remaining unclassified images: 30
2024-09-02 INFO [Client] - New files added: httpsx.committo_gomstatus1829761105734037772photo1.jpg; Remaining unclassified images: 31
2024-09-02 INFO [Client] - New files added: httpsx.comRailgunKystatus1822558617289269748photo1.jpg; Remaining unclassified images: 32
2024-09-02 INFO [Client] - New files added: httpsx.comNon_DDustatus1825494039808115032photo1.jpg; Remaining unclassified images: 33
2024-09-02 INFO [Client] - File(s) has/have been moved; Remaining unclassified images: 30
2024-09-02 INFO [Client] - File(s) has/have been moved; Remaining unclassified images: 30
2024-09-02 INFO [Client] - File(s) has/have been moved; Remaining unclassified images: 30
2024-09-02 INFO [Client] - File(s) has/have been moved; Remaining unclassified images: 29
2024-09-02 INFO [Client] - File(s) has/have been moved; Remaining unclassified images: 28
2024-09-02 INFO [Client] - File(s) has/have been moved; Remaining unclassified images: 26
2024-09-02 INFO [Client] - File(s) has/have been moved; Remaining unclassified images: 26
2024-09-02 INFO [Client] - File(s) has/have been moved; Remaining unclassified images: 25
2024-09-02 INFO [Client] - File(s) has/have been moved; Remaining unclassified images: 24
2024-09-02 INFO [Client] - File(s) has/have been moved; Remaining unclassified images: 23
2024-09-02 INFO [Client] - File(s) has/have been moved; Remaining unclassified images: 22
2024-09-02 INFO [Client] - File(s) has/have been moved; Remaining unclassified images: 21
2024-09-02 INFO [Client] - File(s) has/have been moved; Remaining unclassified images: 20
2024-09-02 INFO [Client] - File(s) has/have been moved; Remaining unclassified images: 18
2024-09-02 INFO [Client] - File(s) has/have been moved; Remaining unclassified images: 18
2024-09-02 INFO [Client] - New files added: httpswww.bilibili.comopus933076242014404614.jpg; Remaining unclassified images: 19
2024-09-02 INFO [Client] - New files added: httpsx.comsakurara0106status1830232387453931671photo1.jpg; Remaining unclassified images: 20
2024-09-02 INFO [Client] - File(s) has/have been moved; Remaining unclassified images: 19
2024-09-02 INFO [Client] - File(s) has/have been moved; Remaining unclassified images: 18
2024-09-02 INFO [Client] - File(s) has/have been moved; Remaining unclassified images: 17
2024-09-02 INFO [Client] - New files added: GWdmVY6aIAAkJjY.jpg; Remaining unclassified images: 19
2024-09-02 INFO [Client] - New files added: httpsx.comhakase009status1828563196548129018photo1.jpg; Remaining unclassified images: 18
2024-09-02 INFO [Client] - New files added: httpsx.comfutabaizaaastatus1830359664699297884photo1.jpg; Remaining unclassified images: 20
2024-09-02 INFO [Client] - New files added: httpsx.comhakase009status1828926274070532197photo1.jpg; Remaining unclassified images: 21
2024-09-02 INFO [Client] - New files added: httpsx.comhakase009status1796104053275128312photo1.jpg; Remaining unclassified images: 22
2024-09-02 INFO [Client] - New files added: httpsx.comhakase009status1802286537091985823photo1.jpg; Remaining unclassified images: 23
2024-09-02 INFO [Client] - New files added: httpsx.comhakase009status1803641509704835444photo1.jpg; Remaining unclassified images: 24
2024-09-02 INFO [Client] - New files added: httpsx.comhakase009status1802827586449359208photo1.jpg; Remaining unclassified images: 25
2024-09-02 INFO [Client] - New files added: httpsx.comhakase009status1804419395822723518photo1.jpg; Remaining unclassified images: 26
2024-09-02 INFO [Client] - New files added: httpsx.comhakase009status1823991280810254608photo1.jpg; Remaining unclassified images: 27
2024-09-02 INFO [Client] - File(s) has/have been moved; Remaining unclassified images: 26
2024-09-02 INFO [Client] - File(s) has/have been moved; Remaining unclassified images: 14
2024-09-02 INFO [Client] - File(s) has/have been moved; Remaining unclassified images: 13
2024-09-02 INFO [Client] - New files added: httpsx.comPlaHill7status1830568891300593777photo1.jpg; Remaining unclassified images: 14
2024-09-02 INFO [Client] - New files added: httpsx.commisa_with_misastatus1830546302188527736photo2.jpg; Remaining unclassified images: 15
2024-09-02 INFO [Client] - New files added: httpsx.commisa_with_misastatus1830546302188527736photo3.jpg; Remaining unclassified images: 16
2024-09-02 INFO [Client] - New files added: httpsx.comDogface59085274status1830228416211382600photo1.jpg; Remaining unclassified images: 14
2024-09-02 INFO [Client] - File(s) has/have been moved; Remaining unclassified images: 12
2024-09-02 INFO [Client] - File(s) has/have been moved; Remaining unclassified images: 11
2024-09-02 INFO [Client] - File(s) has/have been moved; Remaining unclassified images: 10
2024-09-02 INFO [Client] - File(s) has/have been moved; Remaining unclassified images: 8
2024-09-02 INFO [Client] - File(s) has/have been moved; Remaining unclassified images: 8
2024-09-02 INFO [Client] - File(s) has/have been moved; Remaining unclassified images: 7
2024-09-02 INFO [Client] - File(s) has/have been moved; Remaining unclassified images: 6
2024-09-02 INFO [Client] - New files added: httpsx.comMochooo_oostatus1830206761560891558photo1.jpg; Remaining unclassified images: 7
2024-09-02 INFO [Client] - New files added: httpsx.comsaebashistatus1830545703384354992photo1.jpg; Remaining unclassified images: 8
2024-09-03 INFO [Client] - New files added: httpsx.comS2_Datshastatus1760645664135135420photo1.jpg; Remaining unclassified images: 7
